cd /tmp/DynaMoth_Defects4J_Lang_55;
export JAVA_TOOL_OPTIONS="-Dfile.encoding=UTF8 -Duser.language=en-US -Duser.country=US -Duser.language=en";
TZ="America/New_York"; export TZ;
export PATH="/home/wp/tool/jdk1.8.0_71/bin/:$PATH";
export JAVA_HOME="/home/wp/tool/jdk1.8.0_71/bin/";
time java -Xmx1g -Xms1g -cp /home/wp/RepairThemAll/script/../repair_tools/nopol.jar:/home/wp/tool/jdk1.8.0_71/bin//../lib/tools.jar fr.inria.lille.repair.Main \
	--mode repair \
	--type pre_then_cond \
	--bugid Lang-55 \
	--oracle angelic \
	--synthesis dynamoth \
	--flocal gzoltar \
	--json \
	--solver z3 \
	--solver-path /home/wp/RepairThemAll/script/../libs/z3/build/z3 \
	--complianceLevel 7 \
	--source src/java/ \
	--classpath "target/classes/:target/tests/:/tmp/DynaMoth_Defects4J_Lang_55/target/classes/:/tmp/DynaMoth_Defects4J_Lang_55/target/tests/:/home/wp/RepairThemAll/script/../benchmarks/defects4j/framework/projects/Lang/lib/asm.jar:/home/wp/RepairThemAll/script/../benchmarks/defects4j/framework/projects/Lang/lib/easymock.jar:/home/wp/RepairThemAll/script/../benchmarks/defects4j/framework/projects/Lang/lib/commons-io.jar:/home/wp/RepairThemAll/script/../benchmarks/defects4j/framework/projects/Lang/lib/cglib.jar:/home/wp/RepairThemAll/script/../benchmarks/defects4j/framework/projects/lib/junit-4.11.jar:/home/wp/RepairThemAll/script/../repair_tools/nopol.jar";
	echo "\n\nNode: `hostname`\n";
	echo "\n\nDate: `date`\n";
Picked up JAVA_TOOL_OPTIONS: -Dfile.encoding=UTF8 -Duser.language=en-US -Duser.country=US -Duser.language=en
23:40:41.480 [main] INFO  fr.inria.lille.repair.nopol.NoPol - Source files: [src/java]
23:40:41.487 [main] INFO  fr.inria.lille.repair.nopol.NoPol - Classpath: [file:/tmp/DynaMoth_Defects4J_Lang_55/target/classes/, file:/tmp/DynaMoth_Defects4J_Lang_55/target/tests/, file:/tmp/DynaMoth_Defects4J_Lang_55/target/classes/, file:/tmp/DynaMoth_Defects4J_Lang_55/target/tests/, file:/home/wp/RepairThemAll/script/../benchmarks/defects4j/framework/projects/Lang/lib/asm.jar, file:/home/wp/RepairThemAll/script/../benchmarks/defects4j/framework/projects/Lang/lib/easymock.jar, file:/home/wp/RepairThemAll/script/../benchmarks/defects4j/framework/projects/Lang/lib/commons-io.jar, file:/home/wp/RepairThemAll/script/../benchmarks/defects4j/framework/projects/Lang/lib/cglib.jar, file:/home/wp/RepairThemAll/script/../benchmarks/defects4j/framework/projects/lib/junit-4.11.jar, file:/home/wp/RepairThemAll/script/../repair_tools/nopol.jar]
23:40:41.497 [main] INFO  fr.inria.lille.repair.nopol.NoPol - Statement type: PRE_THEN_COND
23:40:41.500 [main] INFO  fr.inria.lille.repair.nopol.NoPol - Args: [org.apache.commons.lang.ArrayUtilsAddTest, org.apache.commons.lang.ArrayUtilsAddTest, org.apache.commons.lang.ArrayUtilsRemoveTest, org.apache.commons.lang.ArrayUtilsRemoveTest, org.apache.commons.lang.ArrayUtilsTest, org.apache.commons.lang.ArrayUtilsTest, org.apache.commons.lang.BitFieldTest, org.apache.commons.lang.BitFieldTest, org.apache.commons.lang.BooleanUtilsTest, org.apache.commons.lang.BooleanUtilsTest, org.apache.commons.lang.CharEncodingTest, org.apache.commons.lang.CharEncodingTest, org.apache.commons.lang.CharRangeTest, org.apache.commons.lang.CharRangeTest, org.apache.commons.lang.CharSetTest, org.apache.commons.lang.CharSetTest, org.apache.commons.lang.CharSetUtilsTest, org.apache.commons.lang.CharSetUtilsTest, org.apache.commons.lang.CharUtilsTest, org.apache.commons.lang.CharUtilsTest, org.apache.commons.lang.ClassUtilsTest, org.apache.commons.lang.ClassUtilsTest, org.apache.commons.lang.EntitiesPerformanceTest, org.apache.commons.lang.EntitiesPerformanceTest, org.apache.commons.lang.EntitiesTest, org.apache.commons.lang.EntitiesTest, org.apache.commons.lang.IllegalClassExceptionTest, org.apache.commons.lang.IllegalClassExceptionTest, org.apache.commons.lang.IncompleteArgumentExceptionTest, org.apache.commons.lang.IncompleteArgumentExceptionTest, org.apache.commons.lang.IntHashMapTest, org.apache.commons.lang.IntHashMapTest, org.apache.commons.lang.LocaleUtilsTest, org.apache.commons.lang.LocaleUtilsTest, org.apache.commons.lang.NotImplementedExceptionTest, org.apache.commons.lang.NotImplementedExceptionTest, org.apache.commons.lang.NullArgumentExceptionTest, org.apache.commons.lang.NullArgumentExceptionTest, org.apache.commons.lang.NumberRangeTest, org.apache.commons.lang.NumberRangeTest, org.apache.commons.lang.NumberUtilsTest, org.apache.commons.lang.NumberUtilsTest, org.apache.commons.lang.ObjectUtilsTest, org.apache.commons.lang.ObjectUtilsTest, org.apache.commons.lang.RandomStringUtilsTest, org.apache.commons.lang.RandomStringUtilsTest, org.apache.commons.lang.SerializationUtilsTest, org.apache.commons.lang.SerializationUtilsTest, org.apache.commons.lang.StringEscapeUtilsTest, org.apache.commons.lang.StringEscapeUtilsTest, org.apache.commons.lang.StringUtilsEqualsIndexOfTest, org.apache.commons.lang.StringUtilsEqualsIndexOfTest, org.apache.commons.lang.StringUtilsIsTest, org.apache.commons.lang.StringUtilsIsTest, org.apache.commons.lang.StringUtilsSubstringTest, org.apache.commons.lang.StringUtilsSubstringTest, org.apache.commons.lang.StringUtilsTest, org.apache.commons.lang.StringUtilsTest, org.apache.commons.lang.StringUtilsTrimEmptyTest, org.apache.commons.lang.StringUtilsTrimEmptyTest, org.apache.commons.lang.SystemUtilsTest, org.apache.commons.lang.SystemUtilsTest, org.apache.commons.lang.UnhandledExceptionTest, org.apache.commons.lang.UnhandledExceptionTest, org.apache.commons.lang.ValidateTest, org.apache.commons.lang.ValidateTest, org.apache.commons.lang.WordUtilsTest, org.apache.commons.lang.WordUtilsTest, org.apache.commons.lang.builder.CompareToBuilderTest, org.apache.commons.lang.builder.CompareToBuilderTest, org.apache.commons.lang.builder.DefaultToStringStyleTest, org.apache.commons.lang.builder.DefaultToStringStyleTest, org.apache.commons.lang.builder.EqualsBuilderTest, org.apache.commons.lang.builder.EqualsBuilderTest, org.apache.commons.lang.builder.HashCodeBuilderAndEqualsBuilderTest, org.apache.commons.lang.builder.HashCodeBuilderAndEqualsBuilderTest, org.apache.commons.lang.builder.HashCodeBuilderTest, org.apache.commons.lang.builder.HashCodeBuilderTest, org.apache.commons.lang.builder.MultiLineToStringStyleTest, org.apache.commons.lang.builder.MultiLineToStringStyleTest, org.apache.commons.lang.builder.NoFieldNamesToStringStyleTest, org.apache.commons.lang.builder.NoFieldNamesToStringStyleTest, org.apache.commons.lang.builder.ReflectionToStringBuilderExcludeTest, org.apache.commons.lang.builder.ReflectionToStringBuilderExcludeTest, org.apache.commons.lang.builder.ShortPrefixToStringStyleTest, org.apache.commons.lang.builder.ShortPrefixToStringStyleTest, org.apache.commons.lang.builder.SimpleToStringStyleTest, org.apache.commons.lang.builder.SimpleToStringStyleTest, org.apache.commons.lang.builder.StandardToStringStyleTest, org.apache.commons.lang.builder.StandardToStringStyleTest, org.apache.commons.lang.builder.ToStringBuilderTest, org.apache.commons.lang.builder.ToStringBuilderTest, org.apache.commons.lang.builder.ToStringStyleTest, org.apache.commons.lang.builder.ToStringStyleTest, org.apache.commons.lang.enum.EnumTest, org.apache.commons.lang.enum.EnumTest, org.apache.commons.lang.enum.EnumUtilsTest, org.apache.commons.lang.enum.EnumUtilsTest, org.apache.commons.lang.enum.ValuedEnumTest, org.apache.commons.lang.enum.ValuedEnumTest, org.apache.commons.lang.enums.EnumEqualsTest, org.apache.commons.lang.enums.EnumEqualsTest, org.apache.commons.lang.enums.EnumTest, org.apache.commons.lang.enums.EnumTest, org.apache.commons.lang.enums.EnumUtilsTest, org.apache.commons.lang.enums.EnumUtilsTest, org.apache.commons.lang.enums.ValuedEnumTest, org.apache.commons.lang.enums.ValuedEnumTest, org.apache.commons.lang.exception.ExceptionUtilsTestCase, org.apache.commons.lang.exception.ExceptionUtilsTestCase, org.apache.commons.lang.exception.NestableDelegateTestCase, org.apache.commons.lang.exception.NestableDelegateTestCase, org.apache.commons.lang.exception.NestableErrorTestCase, org.apache.commons.lang.exception.NestableErrorTestCase, org.apache.commons.lang.exception.NestableExceptionTestCase, org.apache.commons.lang.exception.NestableExceptionTestCase, org.apache.commons.lang.exception.NestableRuntimeExceptionTestCase, org.apache.commons.lang.exception.NestableRuntimeExceptionTestCase, org.apache.commons.lang.math.DoubleRangeTest, org.apache.commons.lang.math.DoubleRangeTest, org.apache.commons.lang.math.FloatRangeTest, org.apache.commons.lang.math.FloatRangeTest, org.apache.commons.lang.math.FractionTest, org.apache.commons.lang.math.FractionTest, org.apache.commons.lang.math.IntRangeTest, org.apache.commons.lang.math.IntRangeTest, org.apache.commons.lang.math.LongRangeTest, org.apache.commons.lang.math.LongRangeTest, org.apache.commons.lang.math.NumberRangeTest, org.apache.commons.lang.math.NumberRangeTest, org.apache.commons.lang.math.NumberUtilsTest, org.apache.commons.lang.math.NumberUtilsTest, org.apache.commons.lang.math.RandomUtilsTest, org.apache.commons.lang.math.RandomUtilsTest, org.apache.commons.lang.math.RangeTest, org.apache.commons.lang.math.RangeTest, org.apache.commons.lang.mutable.MutableBooleanTest, org.apache.commons.lang.mutable.MutableBooleanTest, org.apache.commons.lang.mutable.MutableByteTest, org.apache.commons.lang.mutable.MutableByteTest, org.apache.commons.lang.mutable.MutableDoubleTest, org.apache.commons.lang.mutable.MutableDoubleTest, org.apache.commons.lang.mutable.MutableFloatTest, org.apache.commons.lang.mutable.MutableFloatTest, org.apache.commons.lang.mutable.MutableIntTest, org.apache.commons.lang.mutable.MutableIntTest, org.apache.commons.lang.mutable.MutableLongTest, org.apache.commons.lang.mutable.MutableLongTest, org.apache.commons.lang.mutable.MutableObjectTest, org.apache.commons.lang.mutable.MutableObjectTest, org.apache.commons.lang.mutable.MutableShortTest, org.apache.commons.lang.mutable.MutableShortTest, org.apache.commons.lang.text.CompositeFormatTest, org.apache.commons.lang.text.CompositeFormatTest, org.apache.commons.lang.text.StrBuilderAppendInsertTest, org.apache.commons.lang.text.StrBuilderAppendInsertTest, org.apache.commons.lang.text.StrBuilderTest, org.apache.commons.lang.text.StrBuilderTest, org.apache.commons.lang.text.StrLookupTest, org.apache.commons.lang.text.StrLookupTest, org.apache.commons.lang.text.StrMatcherTest, org.apache.commons.lang.text.StrMatcherTest, org.apache.commons.lang.text.StrSubstitutorTest, org.apache.commons.lang.text.StrSubstitutorTest, org.apache.commons.lang.text.StrTokenizerTest, org.apache.commons.lang.text.StrTokenizerTest, org.apache.commons.lang.time.DateFormatUtilsTest, org.apache.commons.lang.time.DateFormatUtilsTest, org.apache.commons.lang.time.DateUtilsTest, org.apache.commons.lang.time.DateUtilsTest, org.apache.commons.lang.time.DurationFormatUtilsTest, org.apache.commons.lang.time.DurationFormatUtilsTest, org.apache.commons.lang.time.FastDateFormatTest, org.apache.commons.lang.time.FastDateFormatTest, org.apache.commons.lang.time.StopWatchTest, org.apache.commons.lang.time.StopWatchTest]
23:40:41.503 [main] INFO  fr.inria.lille.repair.nopol.NoPol - Config: Config{synthesisDepth=3, collectStaticMethods=true, collectStaticFields=false, collectLiterals=false, onlyOneSynthesisResult=true, sortExpressions=true, maxLineInvocationPerTest=250, timeoutMethodInvocation=2000, dataCollectionTimeoutInSecondForSynthesis=900, addWeight=0.19478, subWeight=0.04554, mulWeight=0.0102, divWeight=0.00613, andWeight=0.10597, orWeight=0.05708, eqWeight=0.22798, nEqWeight=0.0, lessEqWeight=0.0255, lessWeight=0.0947, methodCallWeight=0.1, fieldAccessWeight=0.08099, constantWeight=0.14232, variableWeight=0.05195, mode=REPAIR, type=PRE_THEN_COND, synthesis=DYNAMOTH, oracle=ANGELIC, solver=Z3, solverPath='/home/wp/RepairThemAll/script/../libs/z3/build/z3', projectSources=[src/java], projectClasspath='[Ljava.net.URL;@1b40d5f0', projectTests=[org.apache.commons.lang.ArrayUtilsAddTest, org.apache.commons.lang.ArrayUtilsAddTest, org.apache.commons.lang.ArrayUtilsRemoveTest, org.apache.commons.lang.ArrayUtilsRemoveTest, org.apache.commons.lang.ArrayUtilsTest, org.apache.commons.lang.ArrayUtilsTest, org.apache.commons.lang.BitFieldTest, org.apache.commons.lang.BitFieldTest, org.apache.commons.lang.BooleanUtilsTest, org.apache.commons.lang.BooleanUtilsTest, org.apache.commons.lang.CharEncodingTest, org.apache.commons.lang.CharEncodingTest, org.apache.commons.lang.CharRangeTest, org.apache.commons.lang.CharRangeTest, org.apache.commons.lang.CharSetTest, org.apache.commons.lang.CharSetTest, org.apache.commons.lang.CharSetUtilsTest, org.apache.commons.lang.CharSetUtilsTest, org.apache.commons.lang.CharUtilsTest, org.apache.commons.lang.CharUtilsTest, org.apache.commons.lang.ClassUtilsTest, org.apache.commons.lang.ClassUtilsTest, org.apache.commons.lang.EntitiesPerformanceTest, org.apache.commons.lang.EntitiesPerformanceTest, org.apache.commons.lang.EntitiesTest, org.apache.commons.lang.EntitiesTest, org.apache.commons.lang.IllegalClassExceptionTest, org.apache.commons.lang.IllegalClassExceptionTest, org.apache.commons.lang.IncompleteArgumentExceptionTest, org.apache.commons.lang.IncompleteArgumentExceptionTest, org.apache.commons.lang.IntHashMapTest, org.apache.commons.lang.IntHashMapTest, org.apache.commons.lang.LocaleUtilsTest, org.apache.commons.lang.LocaleUtilsTest, org.apache.commons.lang.NotImplementedExceptionTest, org.apache.commons.lang.NotImplementedExceptionTest, org.apache.commons.lang.NullArgumentExceptionTest, org.apache.commons.lang.NullArgumentExceptionTest, org.apache.commons.lang.NumberRangeTest, org.apache.commons.lang.NumberRangeTest, org.apache.commons.lang.NumberUtilsTest, org.apache.commons.lang.NumberUtilsTest, org.apache.commons.lang.ObjectUtilsTest, org.apache.commons.lang.ObjectUtilsTest, org.apache.commons.lang.RandomStringUtilsTest, org.apache.commons.lang.RandomStringUtilsTest, org.apache.commons.lang.SerializationUtilsTest, org.apache.commons.lang.SerializationUtilsTest, org.apache.commons.lang.StringEscapeUtilsTest, org.apache.commons.lang.StringEscapeUtilsTest, org.apache.commons.lang.StringUtilsEqualsIndexOfTest, org.apache.commons.lang.StringUtilsEqualsIndexOfTest, org.apache.commons.lang.StringUtilsIsTest, org.apache.commons.lang.StringUtilsIsTest, org.apache.commons.lang.StringUtilsSubstringTest, org.apache.commons.lang.StringUtilsSubstringTest, org.apache.commons.lang.StringUtilsTest, org.apache.commons.lang.StringUtilsTest, org.apache.commons.lang.StringUtilsTrimEmptyTest, org.apache.commons.lang.StringUtilsTrimEmptyTest, org.apache.commons.lang.SystemUtilsTest, org.apache.commons.lang.SystemUtilsTest, org.apache.commons.lang.UnhandledExceptionTest, org.apache.commons.lang.UnhandledExceptionTest, org.apache.commons.lang.ValidateTest, org.apache.commons.lang.ValidateTest, org.apache.commons.lang.WordUtilsTest, org.apache.commons.lang.WordUtilsTest, org.apache.commons.lang.builder.CompareToBuilderTest, org.apache.commons.lang.builder.CompareToBuilderTest, org.apache.commons.lang.builder.DefaultToStringStyleTest, org.apache.commons.lang.builder.DefaultToStringStyleTest, org.apache.commons.lang.builder.EqualsBuilderTest, org.apache.commons.lang.builder.EqualsBuilderTest, org.apache.commons.lang.builder.HashCodeBuilderAndEqualsBuilderTest, org.apache.commons.lang.builder.HashCodeBuilderAndEqualsBuilderTest, org.apache.commons.lang.builder.HashCodeBuilderTest, org.apache.commons.lang.builder.HashCodeBuilderTest, org.apache.commons.lang.builder.MultiLineToStringStyleTest, org.apache.commons.lang.builder.MultiLineToStringStyleTest, org.apache.commons.lang.builder.NoFieldNamesToStringStyleTest, org.apache.commons.lang.builder.NoFieldNamesToStringStyleTest, org.apache.commons.lang.builder.ReflectionToStringBuilderExcludeTest, org.apache.commons.lang.builder.ReflectionToStringBuilderExcludeTest, org.apache.commons.lang.builder.ShortPrefixToStringStyleTest, org.apache.commons.lang.builder.ShortPrefixToStringStyleTest, org.apache.commons.lang.builder.SimpleToStringStyleTest, org.apache.commons.lang.builder.SimpleToStringStyleTest, org.apache.commons.lang.builder.StandardToStringStyleTest, org.apache.commons.lang.builder.StandardToStringStyleTest, org.apache.commons.lang.builder.ToStringBuilderTest, org.apache.commons.lang.builder.ToStringBuilderTest, org.apache.commons.lang.builder.ToStringStyleTest, org.apache.commons.lang.builder.ToStringStyleTest, org.apache.commons.lang.enum.EnumTest, org.apache.commons.lang.enum.EnumTest, org.apache.commons.lang.enum.EnumUtilsTest, org.apache.commons.lang.enum.EnumUtilsTest, org.apache.commons.lang.enum.ValuedEnumTest, org.apache.commons.lang.enum.ValuedEnumTest, org.apache.commons.lang.enums.EnumEqualsTest, org.apache.commons.lang.enums.EnumEqualsTest, org.apache.commons.lang.enums.EnumTest, org.apache.commons.lang.enums.EnumTest, org.apache.commons.lang.enums.EnumUtilsTest, org.apache.commons.lang.enums.EnumUtilsTest, org.apache.commons.lang.enums.ValuedEnumTest, org.apache.commons.lang.enums.ValuedEnumTest, org.apache.commons.lang.exception.ExceptionUtilsTestCase, org.apache.commons.lang.exception.ExceptionUtilsTestCase, org.apache.commons.lang.exception.NestableDelegateTestCase, org.apache.commons.lang.exception.NestableDelegateTestCase, org.apache.commons.lang.exception.NestableErrorTestCase, org.apache.commons.lang.exception.NestableErrorTestCase, org.apache.commons.lang.exception.NestableExceptionTestCase, org.apache.commons.lang.exception.NestableExceptionTestCase, org.apache.commons.lang.exception.NestableRuntimeExceptionTestCase, org.apache.commons.lang.exception.NestableRuntimeExceptionTestCase, org.apache.commons.lang.math.DoubleRangeTest, org.apache.commons.lang.math.DoubleRangeTest, org.apache.commons.lang.math.FloatRangeTest, org.apache.commons.lang.math.FloatRangeTest, org.apache.commons.lang.math.FractionTest, org.apache.commons.lang.math.FractionTest, org.apache.commons.lang.math.IntRangeTest, org.apache.commons.lang.math.IntRangeTest, org.apache.commons.lang.math.LongRangeTest, org.apache.commons.lang.math.LongRangeTest, org.apache.commons.lang.math.NumberRangeTest, org.apache.commons.lang.math.NumberRangeTest, org.apache.commons.lang.math.NumberUtilsTest, org.apache.commons.lang.math.NumberUtilsTest, org.apache.commons.lang.math.RandomUtilsTest, org.apache.commons.lang.math.RandomUtilsTest, org.apache.commons.lang.math.RangeTest, org.apache.commons.lang.math.RangeTest, org.apache.commons.lang.mutable.MutableBooleanTest, org.apache.commons.lang.mutable.MutableBooleanTest, org.apache.commons.lang.mutable.MutableByteTest, org.apache.commons.lang.mutable.MutableByteTest, org.apache.commons.lang.mutable.MutableDoubleTest, org.apache.commons.lang.mutable.MutableDoubleTest, org.apache.commons.lang.mutable.MutableFloatTest, org.apache.commons.lang.mutable.MutableFloatTest, org.apache.commons.lang.mutable.MutableIntTest, org.apache.commons.lang.mutable.MutableIntTest, org.apache.commons.lang.mutable.MutableLongTest, org.apache.commons.lang.mutable.MutableLongTest, org.apache.commons.lang.mutable.MutableObjectTest, org.apache.commons.lang.mutable.MutableObjectTest, org.apache.commons.lang.mutable.MutableShortTest, org.apache.commons.lang.mutable.MutableShortTest, org.apache.commons.lang.text.CompositeFormatTest, org.apache.commons.lang.text.CompositeFormatTest, org.apache.commons.lang.text.StrBuilderAppendInsertTest, org.apache.commons.lang.text.StrBuilderAppendInsertTest, org.apache.commons.lang.text.StrBuilderTest, org.apache.commons.lang.text.StrBuilderTest, org.apache.commons.lang.text.StrLookupTest, org.apache.commons.lang.text.StrLookupTest, org.apache.commons.lang.text.StrMatcherTest, org.apache.commons.lang.text.StrMatcherTest, org.apache.commons.lang.text.StrSubstitutorTest, org.apache.commons.lang.text.StrSubstitutorTest, org.apache.commons.lang.text.StrTokenizerTest, org.apache.commons.lang.text.StrTokenizerTest, org.apache.commons.lang.time.DateFormatUtilsTest, org.apache.commons.lang.time.DateFormatUtilsTest, org.apache.commons.lang.time.DateUtilsTest, org.apache.commons.lang.time.DateUtilsTest, org.apache.commons.lang.time.DurationFormatUtilsTest, org.apache.commons.lang.time.DurationFormatUtilsTest, org.apache.commons.lang.time.FastDateFormatTest, org.apache.commons.lang.time.FastDateFormatTest, org.apache.commons.lang.time.StopWatchTest, org.apache.commons.lang.time.StopWatchTest], complianceLevel=7, outputFolder=., json=true}
23:40:41.513 [main] INFO  fr.inria.lille.repair.nopol.NoPol - Available processors (cores): 1
23:40:41.521 [main] INFO  fr.inria.lille.repair.nopol.NoPol - Free memory: 951 MB
23:40:41.521 [main] INFO  fr.inria.lille.repair.nopol.NoPol - Maximum memory: 989 MB
23:40:41.521 [main] INFO  fr.inria.lille.repair.nopol.NoPol - Total memory available to JVM: 989 MB
23:40:41.521 [main] INFO  fr.inria.lille.repair.nopol.NoPol - Java version: 1.8.0_71
23:40:41.525 [main] INFO  fr.inria.lille.repair.nopol.NoPol - JAVA_HOME: /home/wp/tool/jdk1.8.0_71/bin/
23:40:41.525 [main] INFO  fr.inria.lille.repair.nopol.NoPol - PATH: /home/wp/tool/jdk1.8.0_71/bin/:/home/wp/RepairThemAll/benchmarks/defects4j/framework/bin:/home/wp/tool/gradle-5.4.1/bin:/home/wp/tool/apache-maven-3.5.2/bin:/home/wp/tool/jdk1.7.0_80/bin:/home/wp/tool/apache-ant-1.9.14/bin:/home/wp/tool/jdk1.7.0_80/bin:/home/wp/tool/jdk1.7.0_80/jre/bin:/usr/local/sbin:/usr/local/bin:/usr/sbin:/usr/bin:/sbin:/bin:/usr/games:/usr/local/games
After filtering ......
rootclassname is org.apache.commons.lang.time.StopWatch
line number is 118
23:41:16.010 [pool-2-thread-1] DEBUG fr.inria.lille.repair.nopol.NoPol - statement #1
23:41:16.011 [pool-2-thread-1] DEBUG fr.inria.lille.repair.nopol.NoPol - Analysing SourceLocation org.apache.commons.lang.time.StopWatch:118 which is executed by 5 tests
-668820018
23:41:16.561 [pool-2-thread-1] DEBUG fr.inria.lille.repair.nopol.NoPol - looking with class fr.inria.lille.repair.nopol.spoon.smt.ConditionalAdder
23:41:31.904 [pool-3-thread-1] DEBUG f.i.l.r.n.s.d.DynamothSynthesizer - Ignore the test org.apache.commons.lang.time.StopWatchTest#testBadStates
java -cp /tmp/DynaMoth_Defects4J_Lang_55/target/classes:/tmp/DynaMoth_Defects4J_Lang_55/target/tests:/tmp/DynaMoth_Defects4J_Lang_55/target/classes:/tmp/DynaMoth_Defects4J_Lang_55/target/tests:/home/wp/RepairThemAll/script/../benchmarks/defects4j/framework/projects/Lang/lib/asm.jar:/home/wp/RepairThemAll/script/../benchmarks/defects4j/framework/projects/Lang/lib/easymock.jar:/home/wp/RepairThemAll/script/../benchmarks/defects4j/framework/projects/Lang/lib/commons-io.jar:/home/wp/RepairThemAll/script/../benchmarks/defects4j/framework/projects/Lang/lib/cglib.jar:/home/wp/RepairThemAll/script/../benchmarks/defects4j/framework/projects/lib/junit-4.11.jar:/home/wp/RepairThemAll/script/../repair_tools/nopol.jar:/home/wp/RepairThemAll/repair_tools/nopol.jar:/home/wp/tool/jdk1.8.0_71/lib/tools.jar: fr.inria.lille.repair.MethodTestRunner org.apache.commons.lang.time.StopWatchTest#testLang315 org.apache.commons.lang.time.StopWatchTest#testStopWatchSplit org.apache.commons.lang.time.StopWatchTest#testStopWatchSimple org.apache.commons.lang.time.StopWatchTest#testStopWatchSuspend 
23:41:32.586 [pool-3-thread-1] DEBUG f.i.l.r.s.DynamothCodeGenesisImpl - ClassPrepareEvent
23:41:33.111 [pool-3-thread-1] DEBUG f.i.l.r.s.c.spoon.ClassCollector - [class] org.apache.commons.lang.time.StopWatch
23:41:33.157 [pool-3-thread-1] DEBUG f.i.l.r.s.c.spoon.ClassCollector - [class] java.lang.String
23:41:33.160 [pool-3-thread-1] DEBUG f.i.l.r.s.c.spoon.ClassCollector - [class] java.lang.IllegalStateException
23:41:33.177 [pool-3-thread-1] DEBUG f.i.l.r.s.c.spoon.ClassCollector - [class] java.lang.System
23:41:34.224 [pool-3-thread-1] DEBUG f.i.l.r.s.DynamothCodeGenesisImpl - BreakpointEvent
23:41:34.229 [pool-3-thread-1] INFO  f.i.l.r.s.DynamothCodeGenesisImpl - [test] org.apache.commons.lang.time.StopWatchTest#testLang315 iteration 0
23:41:34.239 [pool-3-thread-1] DEBUG f.i.l.r.s.c.DynamothDataCollector - Collect Level 1
23:41:34.249 [pool-3-thread-1] DEBUG f.i.l.r.s.c.DynamothDataCollector - [data] this=instance of org.apache.commons.lang.time.StopWatch(id=307)
23:41:34.293 [pool-3-thread-1] DEBUG f.i.l.r.s.c.DynamothDataCollector - [data] this.STATE_UNSTARTED
23:41:34.297 [pool-3-thread-1] DEBUG f.i.l.r.s.c.DynamothDataCollector - [data] this.STATE_RUNNING
23:41:34.300 [pool-3-thread-1] DEBUG f.i.l.r.s.c.DynamothDataCollector - [data] this.STATE_STOPPED
23:41:34.300 [pool-3-thread-1] DEBUG f.i.l.r.s.c.DynamothDataCollector - [data] this.STATE_SUSPENDED
23:41:34.300 [pool-3-thread-1] DEBUG f.i.l.r.s.c.DynamothDataCollector - [data] this.STATE_UNSPLIT
23:41:34.300 [pool-3-thread-1] DEBUG f.i.l.r.s.c.DynamothDataCollector - [data] this.STATE_SPLIT
23:41:34.300 [pool-3-thread-1] DEBUG f.i.l.r.s.c.DynamothDataCollector - [data] this.runningState
23:41:34.301 [pool-3-thread-1] DEBUG f.i.l.r.s.c.DynamothDataCollector - [data] this.splitState
23:41:34.301 [pool-3-thread-1] DEBUG f.i.l.r.s.c.DynamothDataCollector - [data] this.startTime
23:41:34.301 [pool-3-thread-1] DEBUG f.i.l.r.s.c.DynamothDataCollector - [data] this.stopTime
23:41:34.322 [pool-3-thread-1] DEBUG f.i.l.r.s.c.DynamothDataCollector - [data] this.getTime()
23:41:34.331 [pool-17-thread-1] ERROR f.i.l.r.s.c.DynamothDataCollector - Unable to invoke the method org.apache.commons.lang.time.StopWatch.getSplitTime() []
com.sun.jdi.InvocationException: Exception occurred in target VM
	at com.sun.tools.jdi.ObjectReferenceImpl.invokeMethod(ObjectReferenceImpl.java:434) ~[tools.jar:na]
	at fr.inria.lille.repair.synthesis.collect.DynamothDataCollector$2.call(DynamothDataCollector.java:436) [nopol.jar:na]
	at fr.inria.lille.repair.synthesis.collect.DynamothDataCollector$2.call(DynamothDataCollector.java:1) [nopol.jar:na]
	at java.util.concurrent.FutureTask.run(FutureTask.java:266) [na:1.8.0_71]
	at java.util.concurrent.ThreadPoolExecutor.runWorker(ThreadPoolExecutor.java:1142) [na:1.8.0_71]
	at java.util.concurrent.ThreadPoolExecutor$Worker.run(ThreadPoolExecutor.java:617) [na:1.8.0_71]
	at java.lang.Thread.run(Thread.java:745) [na:1.8.0_71]
23:41:36.172 [pool-3-thread-1] DEBUG f.i.l.r.s.DynamothCodeGenesisImpl - BreakpointEvent
23:41:36.173 [pool-3-thread-1] INFO  f.i.l.r.s.DynamothCodeGenesisImpl - [test] org.apache.commons.lang.time.StopWatchTest#testStopWatchSplit iteration 0
23:41:36.174 [pool-3-thread-1] DEBUG f.i.l.r.s.c.DynamothDataCollector - Collect Level 1
23:41:36.174 [pool-3-thread-1] DEBUG f.i.l.r.s.c.DynamothDataCollector - [data] this=instance of org.apache.commons.lang.time.StopWatch(id=409)
23:41:36.178 [pool-3-thread-1] DEBUG f.i.l.r.s.c.DynamothDataCollector - [data] this.STATE_UNSTARTED
23:41:36.178 [pool-3-thread-1] DEBUG f.i.l.r.s.c.DynamothDataCollector - [data] this.STATE_RUNNING
23:41:36.178 [pool-3-thread-1] DEBUG f.i.l.r.s.c.DynamothDataCollector - [data] this.STATE_STOPPED
23:41:36.178 [pool-3-thread-1] DEBUG f.i.l.r.s.c.DynamothDataCollector - [data] this.STATE_SUSPENDED
23:41:36.178 [pool-3-thread-1] DEBUG f.i.l.r.s.c.DynamothDataCollector - [data] this.STATE_UNSPLIT
23:41:36.178 [pool-3-thread-1] DEBUG f.i.l.r.s.c.DynamothDataCollector - [data] this.STATE_SPLIT
23:41:36.178 [pool-3-thread-1] DEBUG f.i.l.r.s.c.DynamothDataCollector - [data] this.runningState
23:41:36.179 [pool-3-thread-1] DEBUG f.i.l.r.s.c.DynamothDataCollector - [data] this.splitState
23:41:36.179 [pool-3-thread-1] DEBUG f.i.l.r.s.c.DynamothDataCollector - [data] this.startTime
23:41:36.179 [pool-3-thread-1] DEBUG f.i.l.r.s.c.DynamothDataCollector - [data] this.stopTime
23:41:36.193 [pool-3-thread-1] DEBUG f.i.l.r.s.c.DynamothDataCollector - [data] this.getTime()
23:41:36.204 [pool-19-thread-1] ERROR f.i.l.r.s.c.DynamothDataCollector - Unable to invoke the method org.apache.commons.lang.time.StopWatch.getSplitTime() []
com.sun.jdi.InvocationException: Exception occurred in target VM
	at com.sun.tools.jdi.ObjectReferenceImpl.invokeMethod(ObjectReferenceImpl.java:434) ~[tools.jar:na]
	at fr.inria.lille.repair.synthesis.collect.DynamothDataCollector$2.call(DynamothDataCollector.java:436) [nopol.jar:na]
	at fr.inria.lille.repair.synthesis.collect.DynamothDataCollector$2.call(DynamothDataCollector.java:1) [nopol.jar:na]
	at java.util.concurrent.FutureTask.run(FutureTask.java:266) [na:1.8.0_71]
	at java.util.concurrent.ThreadPoolExecutor.runWorker(ThreadPoolExecutor.java:1142) [na:1.8.0_71]
	at java.util.concurrent.ThreadPoolExecutor$Worker.run(ThreadPoolExecutor.java:617) [na:1.8.0_71]
	at java.lang.Thread.run(Thread.java:745) [na:1.8.0_71]
23:41:36.792 [pool-3-thread-1] DEBUG f.i.l.r.s.DynamothCodeGenesisImpl - BreakpointEvent
23:41:36.793 [pool-3-thread-1] INFO  f.i.l.r.s.DynamothCodeGenesisImpl - [test] org.apache.commons.lang.time.StopWatchTest#testStopWatchSimple iteration 0
23:41:36.794 [pool-3-thread-1] DEBUG f.i.l.r.s.c.DynamothDataCollector - Collect Level 1
23:41:36.794 [pool-3-thread-1] DEBUG f.i.l.r.s.c.DynamothDataCollector - [data] this=instance of org.apache.commons.lang.time.StopWatch(id=432)
23:41:36.798 [pool-3-thread-1] DEBUG f.i.l.r.s.c.DynamothDataCollector - [data] this.STATE_UNSTARTED
23:41:36.798 [pool-3-thread-1] DEBUG f.i.l.r.s.c.DynamothDataCollector - [data] this.STATE_RUNNING
23:41:36.798 [pool-3-thread-1] DEBUG f.i.l.r.s.c.DynamothDataCollector - [data] this.STATE_STOPPED
23:41:36.798 [pool-3-thread-1] DEBUG f.i.l.r.s.c.DynamothDataCollector - [data] this.STATE_SUSPENDED
23:41:36.798 [pool-3-thread-1] DEBUG f.i.l.r.s.c.DynamothDataCollector - [data] this.STATE_UNSPLIT
23:41:36.799 [pool-3-thread-1] DEBUG f.i.l.r.s.c.DynamothDataCollector - [data] this.STATE_SPLIT
23:41:36.799 [pool-3-thread-1] DEBUG f.i.l.r.s.c.DynamothDataCollector - [data] this.runningState
23:41:36.799 [pool-3-thread-1] DEBUG f.i.l.r.s.c.DynamothDataCollector - [data] this.splitState
23:41:36.799 [pool-3-thread-1] DEBUG f.i.l.r.s.c.DynamothDataCollector - [data] this.startTime
23:41:36.799 [pool-3-thread-1] DEBUG f.i.l.r.s.c.DynamothDataCollector - [data] this.stopTime
23:41:36.803 [pool-3-thread-1] DEBUG f.i.l.r.s.c.DynamothDataCollector - [data] this.getTime()
23:41:36.808 [pool-21-thread-1] ERROR f.i.l.r.s.c.DynamothDataCollector - Unable to invoke the method org.apache.commons.lang.time.StopWatch.getSplitTime() []
com.sun.jdi.InvocationException: Exception occurred in target VM
	at com.sun.tools.jdi.ObjectReferenceImpl.invokeMethod(ObjectReferenceImpl.java:434) ~[tools.jar:na]
	at fr.inria.lille.repair.synthesis.collect.DynamothDataCollector$2.call(DynamothDataCollector.java:436) [nopol.jar:na]
	at fr.inria.lille.repair.synthesis.collect.DynamothDataCollector$2.call(DynamothDataCollector.java:1) [nopol.jar:na]
	at java.util.concurrent.FutureTask.run(FutureTask.java:266) [na:1.8.0_71]
	at java.util.concurrent.ThreadPoolExecutor.runWorker(ThreadPoolExecutor.java:1142) [na:1.8.0_71]
	at java.util.concurrent.ThreadPoolExecutor$Worker.run(ThreadPoolExecutor.java:617) [na:1.8.0_71]
	at java.lang.Thread.run(Thread.java:745) [na:1.8.0_71]
23:41:38.482 [pool-3-thread-1] DEBUG f.i.l.r.s.DynamothCodeGenesisImpl - BreakpointEvent
23:41:38.482 [pool-3-thread-1] INFO  f.i.l.r.s.DynamothCodeGenesisImpl - [test] org.apache.commons.lang.time.StopWatchTest#testStopWatchSuspend iteration 0
23:41:38.483 [pool-3-thread-1] DEBUG f.i.l.r.s.c.DynamothDataCollector - Collect Level 1
23:41:38.483 [pool-3-thread-1] DEBUG f.i.l.r.s.c.DynamothDataCollector - [data] this=instance of org.apache.commons.lang.time.StopWatch(id=436)
23:41:38.489 [pool-3-thread-1] DEBUG f.i.l.r.s.c.DynamothDataCollector - [data] this.STATE_UNSTARTED
23:41:38.489 [pool-3-thread-1] DEBUG f.i.l.r.s.c.DynamothDataCollector - [data] this.STATE_RUNNING
23:41:38.489 [pool-3-thread-1] DEBUG f.i.l.r.s.c.DynamothDataCollector - [data] this.STATE_STOPPED
23:41:38.489 [pool-3-thread-1] DEBUG f.i.l.r.s.c.DynamothDataCollector - [data] this.STATE_SUSPENDED
23:41:38.489 [pool-3-thread-1] DEBUG f.i.l.r.s.c.DynamothDataCollector - [data] this.STATE_UNSPLIT
23:41:38.489 [pool-3-thread-1] DEBUG f.i.l.r.s.c.DynamothDataCollector - [data] this.STATE_SPLIT
23:41:38.489 [pool-3-thread-1] DEBUG f.i.l.r.s.c.DynamothDataCollector - [data] this.runningState
23:41:38.489 [pool-3-thread-1] DEBUG f.i.l.r.s.c.DynamothDataCollector - [data] this.splitState
23:41:38.489 [pool-3-thread-1] DEBUG f.i.l.r.s.c.DynamothDataCollector - [data] this.startTime
23:41:38.489 [pool-3-thread-1] DEBUG f.i.l.r.s.c.DynamothDataCollector - [data] this.stopTime
23:41:38.498 [pool-3-thread-1] DEBUG f.i.l.r.s.c.DynamothDataCollector - [data] this.getTime()
23:41:38.503 [pool-23-thread-1] ERROR f.i.l.r.s.c.DynamothDataCollector - Unable to invoke the method org.apache.commons.lang.time.StopWatch.getSplitTime() []
com.sun.jdi.InvocationException: Exception occurred in target VM
	at com.sun.tools.jdi.ObjectReferenceImpl.invokeMethod(ObjectReferenceImpl.java:434) ~[tools.jar:na]
	at fr.inria.lille.repair.synthesis.collect.DynamothDataCollector$2.call(DynamothDataCollector.java:436) [nopol.jar:na]
	at fr.inria.lille.repair.synthesis.collect.DynamothDataCollector$2.call(DynamothDataCollector.java:1) [nopol.jar:na]
	at java.util.concurrent.FutureTask.run(FutureTask.java:266) [na:1.8.0_71]
	at java.util.concurrent.ThreadPoolExecutor.runWorker(ThreadPoolExecutor.java:1142) [na:1.8.0_71]
	at java.util.concurrent.ThreadPoolExecutor$Worker.run(ThreadPoolExecutor.java:617) [na:1.8.0_71]
	at java.lang.Thread.run(Thread.java:745) [na:1.8.0_71]
23:41:38.510 [pool-3-thread-1] DEBUG f.i.l.r.s.DynamothCodeGenesisImpl - Exit
23:41:38.514 [pool-3-thread-1] DEBUG f.i.l.r.s.collect.DataCombiner - [combine] start on 15 elements
23:41:38.539 [pool-3-thread-1] DEBUG f.i.l.r.s.collect.DataCombiner - [combine] end 20 evaluated elements


========= Info ==========
Nb constants             10
Nb method invocations    1
Nb field access          3
Nb variables             1
Total                    15
Nb evaluated expressions 5
Init Execution time      1916 ms
Collect Execution time   4687 ms
Combine Execution time   29.0 ms
Nb Combination par sec   172 combinations/sec
Total Execution time     6632 ms
Nb line execution        4
Nb results               1

Results:
1. this.runningState == 1


========================
         Stat
========================
Operators: 
NE 2
AND 1
Methods: 
currentTimeMillis() 1
Variable: 
runningState 6
org.apache.commons.lang.time.StopWatch.STATE_SUSPENDED 2
stopTime 2
org.apache.commons.lang.time.StopWatch.STATE_STOPPED 2
org.apache.commons.lang.time.StopWatch.STATE_RUNNING 2

 & 10 & 1 & 3 & 1 & 15 & 5 & 6633 ms & 4 &
number of passing is 0
number of failing is 0
23:41:38.541 [pool-3-thread-1] INFO  f.i.l.repair.nopol.patch.TestPatch - Applying patch: org.apache.commons.lang.time.StopWatch:118: PRECONDITION this.runningState == 1
23:41:39.053 [pool-3-thread-1] INFO  f.i.l.repair.nopol.patch.TestPatch - Running test suite to check the patch "this.runningState == 1" is working
23:41:43.360 [pool-2-thread-1] INFO  fr.inria.lille.repair.nopol.NoPol - ----INFORMATION----
23:41:43.697 [pool-2-thread-1] INFO  fr.inria.lille.repair.nopol.NoPol - Nb classes : 77
23:41:43.698 [pool-2-thread-1] INFO  fr.inria.lille.repair.nopol.NoPol - Nb methods : 1721
23:41:43.698 [pool-2-thread-1] INFO  fr.inria.lille.repair.nopol.NoPol - Nb Statements Analyzed : 1
23:41:43.698 [pool-2-thread-1] INFO  fr.inria.lille.repair.nopol.NoPol - Nb Statements with Angelic Value Found : 1
23:41:43.698 [pool-2-thread-1] INFO  fr.inria.lille.repair.nopol.NoPol - NoPol Execution time : 61882ms
23:41:43.698 [pool-2-thread-1] INFO  fr.inria.lille.repair.nopol.NoPol - 
23:41:43.698 [pool-2-thread-1] INFO  fr.inria.lille.repair.nopol.NoPol - ----STOP_BY_PATCH_FOUND----
23:41:43.698 [pool-2-thread-1] INFO  fr.inria.lille.repair.nopol.NoPol - Number of right compilations is  1
23:41:43.698 [pool-2-thread-1] INFO  fr.inria.lille.repair.nopol.NoPol - Number of failing compilations is  0
23:41:43.698 [pool-2-thread-1] INFO  fr.inria.lille.repair.nopol.NoPol - this.runningState == 1
23:41:43.718 [pool-2-thread-1] INFO  fr.inria.lille.repair.nopol.NoPol - Nb test that executes the patch: 5
23:41:43.718 [pool-2-thread-1] INFO  fr.inria.lille.repair.nopol.NoPol - org.apache.commons.lang.time.StopWatch:118: PRECONDITION
23:41:43.767 [pool-2-thread-1] INFO  fr.inria.lille.repair.nopol.NoPol - --- a/src/java/org/apache/commons/lang/time/StopWatch.java
+++ b/src/java/org/apache/commons/lang/time/StopWatch.java
@@ -117,3 +117,5 @@
         }
-            stopTime = System.currentTimeMillis();
+            if (this.runningState == 1) {
+                stopTime = System.currentTimeMillis();
+            }
         this.runningState = STATE_STOPPED;

PATCH
24.03user 0.54system 1:04.45elapsed 38%CPU (0avgtext+0avgdata 525644maxresident)k
0inputs+5352outputs (0major+148394minor)pagefaults 0swaps


Node: ubuntu



Date: Sun Jul 28 23:41:44 EDT 2019

