cd /tmp/RSRepair_Defects4J_Time_16;
export JAVA_TOOL_OPTIONS="-Dfile.encoding=UTF8 -Duser.language=en-US -Duser.country=US -Duser.language=en";
TZ="America/New_York"; export TZ;
export PATH="/data/tool/jdk1.7.0_80/bin:$PATH";
export JAVA_HOME="/data/tool/jdk1.7.0_80/bin";
timeout 120m java -Xmx1g -Xms1g -cp /data/RepairThemAll/script/../libs/jmetal.jar:/data/RepairThemAll/script/../repair_tools/arja.jar us.msu.cse.repair.Main \
	RSRepair \
	-DexternalProjRoot /data/RepairThemAll/script/../libs/arja_external \
	-Dbenchmark Defects4J \
	-Dbugid Time-16 \
	-DsrcJavaDir /tmp/RSRepair_Defects4J_Time_16/src/main/java/ \
	-DbinJavaDir /tmp/RSRepair_Defects4J_Time_16/build/classes/ \
	-DbinTestDir /tmp/RSRepair_Defects4J_Time_16/build/tests/ \
	-DdiffFormat true \
	-Dseed 0 \
	-Ddependences /tmp/RSRepair_Defects4J_Time_16/build/classes/:/tmp/RSRepair_Defects4J_Time_16/build/tests/:/data/RepairThemAll/script/../benchmarks/defects4j/framework/projects/Time/lib/junit-4.11.jar:/data/RepairThemAll/script/../benchmarks/defects4j/framework/projects/Time/lib/joda-convert-1.2.jar:/data/RepairThemAll/script/../benchmarks/defects4j/framework/projects/Time/lib/org/joda/joda-convert/1.2/joda-convert-1.2.jar:/data/RepairThemAll/script/../benchmarks/defects4j/framework/projects/lib/junit-4.11.jar;
	echo "\n\nNode: `hostname`\n";
	echo "\n\nDate: `date`\n";
Picked up JAVA_TOOL_OPTIONS: -Dfile.encoding=UTF8 -Duser.language=en-US -Duser.country=US -Duser.language=en
Jul 18, 2019 9:24:08 PM java.util.jar.Attributes read
WARNING: Duplicate name in Manifest: SHA1-Digest.
Ensure that the manifest does not have duplicate entries, and
that blank lines separate individual sections in both your
manifest and in the META-INF/MANIFEST.MF entry in the jar file.
Jul 18, 2019 9:24:08 PM java.util.jar.Attributes read
WARNING: Duplicate name in Manifest: SHA1-Digest.
Ensure that the manifest does not have duplicate entries, and
that blank lines separate individual sections in both your
manifest and in the META-INF/MANIFEST.MF entry in the jar file.
Jul 18, 2019 9:24:08 PM java.util.jar.Attributes read
WARNING: Duplicate name in Manifest: SHA1-Digest.
Ensure that the manifest does not have duplicate entries, and
that blank lines separate individual sections in both your
manifest and in the META-INF/MANIFEST.MF entry in the jar file.
Jul 18, 2019 9:24:08 PM java.util.jar.Attributes read
WARNING: Duplicate name in Manifest: SHA1-Digest.
Ensure that the manifest does not have duplicate entries, and
that blank lines separate individual sections in both your
manifest and in the META-INF/MANIFEST.MF entry in the jar file.
Jul 18, 2019 9:24:08 PM java.util.jar.Attributes read
WARNING: Duplicate name in Manifest: SHA1-Digest.
Ensure that the manifest does not have duplicate entries, and
that blank lines separate individual sections in both your
manifest and in the META-INF/MANIFEST.MF entry in the jar file.
Jul 18, 2019 9:24:08 PM java.util.jar.Attributes read
WARNING: Duplicate name in Manifest: SHA1-Digest.
Ensure that the manifest does not have duplicate entries, and
that blank lines separate individual sections in both your
manifest and in the META-INF/MANIFEST.MF entry in the jar file.
Jul 18, 2019 9:24:08 PM java.util.jar.Attributes read
WARNING: Duplicate name in Manifest: SHA1-Digest.
Ensure that the manifest does not have duplicate entries, and
that blank lines separate individual sections in both your
manifest and in the META-INF/MANIFEST.MF entry in the jar file.
Jul 18, 2019 9:24:08 PM java.util.jar.Attributes read
WARNING: Duplicate name in Manifest: SHA1-Digest.
Ensure that the manifest does not have duplicate entries, and
that blank lines separate individual sections in both your
manifest and in the META-INF/MANIFEST.MF entry in the jar file.
Jul 18, 2019 9:24:08 PM java.util.jar.Attributes read
WARNING: Duplicate name in Manifest: SHA1-Digest.
Ensure that the manifest does not have duplicate entries, and
that blank lines separate individual sections in both your
manifest and in the META-INF/MANIFEST.MF entry in the jar file.
Jul 18, 2019 9:24:08 PM java.util.jar.Attributes read
WARNING: Duplicate name in Manifest: SHA1-Digest.
Ensure that the manifest does not have duplicate entries, and
that blank lines separate individual sections in both your
manifest and in the META-INF/MANIFEST.MF entry in the jar file.
Jul 18, 2019 9:24:08 PM java.util.jar.Attributes read
WARNING: Duplicate name in Manifest: SHA1-Digest.
Ensure that the manifest does not have duplicate entries, and
that blank lines separate individual sections in both your
manifest and in the META-INF/MANIFEST.MF entry in the jar file.
Jul 18, 2019 9:24:08 PM java.util.jar.Attributes read
WARNING: Duplicate name in Manifest: SHA1-Digest.
Ensure that the manifest does not have duplicate entries, and
that blank lines separate individual sections in both your
manifest and in the META-INF/MANIFEST.MF entry in the jar file.
Jul 18, 2019 9:24:08 PM java.util.jar.Attributes read
WARNING: Duplicate name in Manifest: SHA1-Digest.
Ensure that the manifest does not have duplicate entries, and
that blank lines separate individual sections in both your
manifest and in the META-INF/MANIFEST.MF entry in the jar file.
Jul 18, 2019 9:24:08 PM java.util.jar.Attributes read
WARNING: Duplicate name in Manifest: SHA1-Digest.
Ensure that the manifest does not have duplicate entries, and
that blank lines separate individual sections in both your
manifest and in the META-INF/MANIFEST.MF entry in the jar file.
Jul 18, 2019 9:24:08 PM java.util.jar.Attributes read
WARNING: Duplicate name in Manifest: SHA1-Digest.
Ensure that the manifest does not have duplicate entries, and
that blank lines separate individual sections in both your
manifest and in the META-INF/MANIFEST.MF entry in the jar file.
Jul 18, 2019 9:24:08 PM java.util.jar.Attributes read
WARNING: Duplicate name in Manifest: SHA1-Digest.
Ensure that the manifest does not have duplicate entries, and
that blank lines separate individual sections in both your
manifest and in the META-INF/MANIFEST.MF entry in the jar file.
Jul 18, 2019 9:24:08 PM java.util.jar.Attributes read
WARNING: Duplicate name in Manifest: SHA1-Digest.
Ensure that the manifest does not have duplicate entries, and
that blank lines separate individual sections in both your
manifest and in the META-INF/MANIFEST.MF entry in the jar file.
Jul 18, 2019 9:24:08 PM java.util.jar.Attributes read
WARNING: Duplicate name in Manifest: SHA1-Digest.
Ensure that the manifest does not have duplicate entries, and
that blank lines separate individual sections in both your
manifest and in the META-INF/MANIFEST.MF entry in the jar file.
Jul 18, 2019 9:24:08 PM java.util.jar.Attributes read
WARNING: Duplicate name in Manifest: SHA1-Digest.
Ensure that the manifest does not have duplicate entries, and
that blank lines separate individual sections in both your
manifest and in the META-INF/MANIFEST.MF entry in the jar file.
Jul 18, 2019 9:24:08 PM java.util.jar.Attributes read
WARNING: Duplicate name in Manifest: SHA1-Digest.
Ensure that the manifest does not have duplicate entries, and
that blank lines separate individual sections in both your
manifest and in the META-INF/MANIFEST.MF entry in the jar file.
Jul 18, 2019 9:24:08 PM java.util.jar.Attributes read
WARNING: Duplicate name in Manifest: SHA1-Digest.
Ensure that the manifest does not have duplicate entries, and
that blank lines separate individual sections in both your
manifest and in the META-INF/MANIFEST.MF entry in the jar file.
Jul 18, 2019 9:24:08 PM java.util.jar.Attributes read
WARNING: Duplicate name in Manifest: SHA1-Digest.
Ensure that the manifest does not have duplicate entries, and
that blank lines separate individual sections in both your
manifest and in the META-INF/MANIFEST.MF entry in the jar file.
Jul 18, 2019 9:24:08 PM java.util.jar.Attributes read
WARNING: Duplicate name in Manifest: SHA1-Digest.
Ensure that the manifest does not have duplicate entries, and
that blank lines separate individual sections in both your
manifest and in the META-INF/MANIFEST.MF entry in the jar file.
Jul 18, 2019 9:24:08 PM java.util.jar.Attributes read
WARNING: Duplicate name in Manifest: SHA1-Digest.
Ensure that the manifest does not have duplicate entries, and
that blank lines separate individual sections in both your
manifest and in the META-INF/MANIFEST.MF entry in the jar file.
Jul 18, 2019 9:24:08 PM java.util.jar.Attributes read
WARNING: Duplicate name in Manifest: SHA1-Digest.
Ensure that the manifest does not have duplicate entries, and
that blank lines separate individual sections in both your
manifest and in the META-INF/MANIFEST.MF entry in the jar file.
Jul 18, 2019 9:24:08 PM java.util.jar.Attributes read
WARNING: Duplicate name in Manifest: SHA1-Digest.
Ensure that the manifest does not have duplicate entries, and
that blank lines separate individual sections in both your
manifest and in the META-INF/MANIFEST.MF entry in the jar file.
Jul 18, 2019 9:24:08 PM java.util.jar.Attributes read
WARNING: Duplicate name in Manifest: SHA1-Digest.
Ensure that the manifest does not have duplicate entries, and
that blank lines separate individual sections in both your
manifest and in the META-INF/MANIFEST.MF entry in the jar file.
Jul 18, 2019 9:24:08 PM java.util.jar.Attributes read
WARNING: Duplicate name in Manifest: SHA1-Digest.
Ensure that the manifest does not have duplicate entries, and
that blank lines separate individual sections in both your
manifest and in the META-INF/MANIFEST.MF entry in the jar file.
Jul 18, 2019 9:24:08 PM java.util.jar.Attributes read
WARNING: Duplicate name in Manifest: SHA1-Digest.
Ensure that the manifest does not have duplicate entries, and
that blank lines separate individual sections in both your
manifest and in the META-INF/MANIFEST.MF entry in the jar file.
Jul 18, 2019 9:24:08 PM java.util.jar.Attributes read
WARNING: Duplicate name in Manifest: SHA1-Digest.
Ensure that the manifest does not have duplicate entries, and
that blank lines separate individual sections in both your
manifest and in the META-INF/MANIFEST.MF entry in the jar file.
Fault localization starts...
Jul 18, 2019 9:24:10 PM java.util.jar.Attributes read
WARNING: Duplicate name in Manifest: SHA1-Digest.
Ensure that the manifest does not have duplicate entries, and
that blank lines separate individual sections in both your
manifest and in the META-INF/MANIFEST.MF entry in the jar file.
Jul 18, 2019 9:24:10 PM java.util.jar.Attributes read
WARNING: Duplicate name in Manifest: SHA1-Digest.
Ensure that the manifest does not have duplicate entries, and
that blank lines separate individual sections in both your
manifest and in the META-INF/MANIFEST.MF entry in the jar file.
Jul 18, 2019 9:24:10 PM java.util.jar.Attributes read
WARNING: Duplicate name in Manifest: SHA1-Digest.
Ensure that the manifest does not have duplicate entries, and
that blank lines separate individual sections in both your
manifest and in the META-INF/MANIFEST.MF entry in the jar file.
Jul 18, 2019 9:24:10 PM java.util.jar.Attributes read
WARNING: Duplicate name in Manifest: SHA1-Digest.
Ensure that the manifest does not have duplicate entries, and
that blank lines separate individual sections in both your
manifest and in the META-INF/MANIFEST.MF entry in the jar file.
Jul 18, 2019 9:24:10 PM java.util.jar.Attributes read
WARNING: Duplicate name in Manifest: SHA1-Digest.
Ensure that the manifest does not have duplicate entries, and
that blank lines separate individual sections in both your
manifest and in the META-INF/MANIFEST.MF entry in the jar file.
Jul 18, 2019 9:24:10 PM java.util.jar.Attributes read
WARNING: Duplicate name in Manifest: SHA1-Digest.
Ensure that the manifest does not have duplicate entries, and
that blank lines separate individual sections in both your
manifest and in the META-INF/MANIFEST.MF entry in the jar file.
Jul 18, 2019 9:24:10 PM java.util.jar.Attributes read
WARNING: Duplicate name in Manifest: SHA1-Digest.
Ensure that the manifest does not have duplicate entries, and
that blank lines separate individual sections in both your
manifest and in the META-INF/MANIFEST.MF entry in the jar file.
Jul 18, 2019 9:24:10 PM java.util.jar.Attributes read
WARNING: Duplicate name in Manifest: SHA1-Digest.
Ensure that the manifest does not have duplicate entries, and
that blank lines separate individual sections in both your
manifest and in the META-INF/MANIFEST.MF entry in the jar file.
Jul 18, 2019 9:24:10 PM java.util.jar.Attributes read
WARNING: Duplicate name in Manifest: SHA1-Digest.
Ensure that the manifest does not have duplicate entries, and
that blank lines separate individual sections in both your
manifest and in the META-INF/MANIFEST.MF entry in the jar file.
Jul 18, 2019 9:24:10 PM java.util.jar.Attributes read
WARNING: Duplicate name in Manifest: SHA1-Digest.
Ensure that the manifest does not have duplicate entries, and
that blank lines separate individual sections in both your
manifest and in the META-INF/MANIFEST.MF entry in the jar file.
Jul 18, 2019 9:24:10 PM java.util.jar.Attributes read
WARNING: Duplicate name in Manifest: SHA1-Digest.
Ensure that the manifest does not have duplicate entries, and
that blank lines separate individual sections in both your
manifest and in the META-INF/MANIFEST.MF entry in the jar file.
Jul 18, 2019 9:24:10 PM java.util.jar.Attributes read
WARNING: Duplicate name in Manifest: SHA1-Digest.
Ensure that the manifest does not have duplicate entries, and
that blank lines separate individual sections in both your
manifest and in the META-INF/MANIFEST.MF entry in the jar file.
Jul 18, 2019 9:24:10 PM java.util.jar.Attributes read
WARNING: Duplicate name in Manifest: SHA1-Digest.
Ensure that the manifest does not have duplicate entries, and
that blank lines separate individual sections in both your
manifest and in the META-INF/MANIFEST.MF entry in the jar file.
Jul 18, 2019 9:24:10 PM java.util.jar.Attributes read
WARNING: Duplicate name in Manifest: SHA1-Digest.
Ensure that the manifest does not have duplicate entries, and
that blank lines separate individual sections in both your
manifest and in the META-INF/MANIFEST.MF entry in the jar file.
Jul 18, 2019 9:24:10 PM java.util.jar.Attributes read
WARNING: Duplicate name in Manifest: SHA1-Digest.
Ensure that the manifest does not have duplicate entries, and
that blank lines separate individual sections in both your
manifest and in the META-INF/MANIFEST.MF entry in the jar file.
Jul 18, 2019 9:24:10 PM java.util.jar.Attributes read
WARNING: Duplicate name in Manifest: SHA1-Digest.
Ensure that the manifest does not have duplicate entries, and
that blank lines separate individual sections in both your
manifest and in the META-INF/MANIFEST.MF entry in the jar file.
Jul 18, 2019 9:24:10 PM java.util.jar.Attributes read
WARNING: Duplicate name in Manifest: SHA1-Digest.
Ensure that the manifest does not have duplicate entries, and
that blank lines separate individual sections in both your
manifest and in the META-INF/MANIFEST.MF entry in the jar file.
Jul 18, 2019 9:24:10 PM java.util.jar.Attributes read
WARNING: Duplicate name in Manifest: SHA1-Digest.
Ensure that the manifest does not have duplicate entries, and
that blank lines separate individual sections in both your
manifest and in the META-INF/MANIFEST.MF entry in the jar file.
Jul 18, 2019 9:24:10 PM java.util.jar.Attributes read
WARNING: Duplicate name in Manifest: SHA1-Digest.
Ensure that the manifest does not have duplicate entries, and
that blank lines separate individual sections in both your
manifest and in the META-INF/MANIFEST.MF entry in the jar file.
Jul 18, 2019 9:24:10 PM java.util.jar.Attributes read
WARNING: Duplicate name in Manifest: SHA1-Digest.
Ensure that the manifest does not have duplicate entries, and
that blank lines separate individual sections in both your
manifest and in the META-INF/MANIFEST.MF entry in the jar file.
Jul 18, 2019 9:24:10 PM java.util.jar.Attributes read
WARNING: Duplicate name in Manifest: SHA1-Digest.
Ensure that the manifest does not have duplicate entries, and
that blank lines separate individual sections in both your
manifest and in the META-INF/MANIFEST.MF entry in the jar file.
Jul 18, 2019 9:24:10 PM java.util.jar.Attributes read
WARNING: Duplicate name in Manifest: SHA1-Digest.
Ensure that the manifest does not have duplicate entries, and
that blank lines separate individual sections in both your
manifest and in the META-INF/MANIFEST.MF entry in the jar file.
Jul 18, 2019 9:24:10 PM java.util.jar.Attributes read
WARNING: Duplicate name in Manifest: SHA1-Digest.
Ensure that the manifest does not have duplicate entries, and
that blank lines separate individual sections in both your
manifest and in the META-INF/MANIFEST.MF entry in the jar file.
Jul 18, 2019 9:24:10 PM java.util.jar.Attributes read
WARNING: Duplicate name in Manifest: SHA1-Digest.
Ensure that the manifest does not have duplicate entries, and
that blank lines separate individual sections in both your
manifest and in the META-INF/MANIFEST.MF entry in the jar file.
Jul 18, 2019 9:24:10 PM java.util.jar.Attributes read
WARNING: Duplicate name in Manifest: SHA1-Digest.
Ensure that the manifest does not have duplicate entries, and
that blank lines separate individual sections in both your
manifest and in the META-INF/MANIFEST.MF entry in the jar file.
Jul 18, 2019 9:24:10 PM java.util.jar.Attributes read
WARNING: Duplicate name in Manifest: SHA1-Digest.
Ensure that the manifest does not have duplicate entries, and
that blank lines separate individual sections in both your
manifest and in the META-INF/MANIFEST.MF entry in the jar file.
Jul 18, 2019 9:24:10 PM java.util.jar.Attributes read
WARNING: Duplicate name in Manifest: SHA1-Digest.
Ensure that the manifest does not have duplicate entries, and
that blank lines separate individual sections in both your
manifest and in the META-INF/MANIFEST.MF entry in the jar file.
Jul 18, 2019 9:24:10 PM java.util.jar.Attributes read
WARNING: Duplicate name in Manifest: SHA1-Digest.
Ensure that the manifest does not have duplicate entries, and
that blank lines separate individual sections in both your
manifest and in the META-INF/MANIFEST.MF entry in the jar file.
Jul 18, 2019 9:24:10 PM java.util.jar.Attributes read
WARNING: Duplicate name in Manifest: SHA1-Digest.
Ensure that the manifest does not have duplicate entries, and
that blank lines separate individual sections in both your
manifest and in the META-INF/MANIFEST.MF entry in the jar file.
Jul 18, 2019 9:24:10 PM java.util.jar.Attributes read
WARNING: Duplicate name in Manifest: SHA1-Digest.
Ensure that the manifest does not have duplicate entries, and
that blank lines separate individual sections in both your
manifest and in the META-INF/MANIFEST.MF entry in the jar file.
Number of positive tests: 3887
Number of negative tests: 7
faulty points number is2193
Fault localization is finished!
AST parsing starts...
AST parsing is finished!
Detection of local variables starts...
Detection of local variables is finished!
Detection of fields starts...
Detection of fields is finished!
Detection of methods starts...
Detection of methods is finished!
Ingredient screener starts...
Ingredient screener is finished!
Initialization of manipulations starts...
Initialization of manipulations is finished!
Filtering of the tests starts...
Number of positive tests considered: 140
Filtering of the tests is finished!
One fitness evaluation starts...
Compilation fails!
One fitness evaluation is finished...
One fitness evaluation starts...
Compilation fails!
One fitness evaluation is finished...
One fitness evaluation starts...
Compilation fails!
One fitness evaluation is finished...
One fitness evaluation starts...
Compilation fails!
One fitness evaluation is finished...
One fitness evaluation starts...
Compilation fails!
One fitness evaluation is finished...
One fitness evaluation starts...
Compilation fails!
One fitness evaluation is finished...
One fitness evaluation starts...
Compilation fails!
One fitness evaluation is finished...
One fitness evaluation starts...
Compilation fails!
One fitness evaluation is finished...
One fitness evaluation starts...
Compilation fails!
One fitness evaluation is finished...
One fitness evaluation starts...
Timeout occurs!
One fitness evaluation is finished...
One fitness evaluation starts...
Compilation fails!
One fitness evaluation is finished...
One fitness evaluation starts...
Compilation fails!
One fitness evaluation is finished...
One fitness evaluation starts...
Number of failed tests: 18
Fitness: 25.0
One fitness evaluation is finished...
One fitness evaluation starts...
Timeout occurs!
One fitness evaluation is finished...
One fitness evaluation starts...
Compilation fails!
One fitness evaluation is finished...
One fitness evaluation starts...
Compilation fails!
One fitness evaluation is finished...
One fitness evaluation starts...
Compilation fails!
One fitness evaluation is finished...
One fitness evaluation starts...
Compilation fails!
One fitness evaluation is finished...
One fitness evaluation starts...
Compilation fails!
One fitness evaluation is finished...
One fitness evaluation starts...
Compilation fails!
One fitness evaluation is finished...
One fitness evaluation starts...
Number of failed tests: 11
Fitness: 18.0
One fitness evaluation is finished...
One fitness evaluation starts...
Compilation fails!
One fitness evaluation is finished...
One fitness evaluation starts...
Compilation fails!
One fitness evaluation is finished...
One fitness evaluation starts...
Compilation fails!
One fitness evaluation is finished...
One fitness evaluation starts...
Compilation fails!
One fitness evaluation is finished...
One fitness evaluation starts...
Compilation fails!
One fitness evaluation is finished...
One fitness evaluation starts...
Compilation fails!
One fitness evaluation is finished...
One fitness evaluation starts...
Compilation fails!
One fitness evaluation is finished...
One fitness evaluation starts...
Compilation fails!
One fitness evaluation is finished...
One fitness evaluation starts...
Compilation fails!
One fitness evaluation is finished...
One fitness evaluation starts...
Compilation fails!
One fitness evaluation is finished...
One fitness evaluation starts...
Timeout occurs!
One fitness evaluation is finished...
One fitness evaluation starts...
Compilation fails!
One fitness evaluation is finished...
One fitness evaluation starts...
Compilation fails!
One fitness evaluation is finished...
One fitness evaluation starts...
Compilation fails!
One fitness evaluation is finished...
One fitness evaluation starts...
Compilation fails!
One fitness evaluation is finished...
One fitness evaluation starts...
Number of failed tests: 11
Fitness: 18.0
One fitness evaluation is finished...
One fitness evaluation starts...
Compilation fails!
One fitness evaluation is finished...
One fitness evaluation starts...
Compilation fails!
One fitness evaluation is finished...
One fitness evaluation starts...
Compilation fails!
One fitness evaluation is finished...
One fitness evaluation starts...
Compilation fails!
One fitness evaluation is finished...
One fitness evaluation starts...
Number of failed tests: 7
Fitness: 14.0
One fitness evaluation is finished...
One fitness evaluation starts...
Compilation fails!
One fitness evaluation is finished...
One fitness evaluation starts...
Compilation fails!
One fitness evaluation is finished...
One fitness evaluation starts...
Compilation fails!
One fitness evaluation is finished...
One fitness evaluation starts...
Compilation fails!
One fitness evaluation is finished...
One fitness evaluation starts...
Number of failed tests: 11
Fitness: 18.0
One fitness evaluation is finished...
One fitness evaluation starts...
Compilation fails!
One fitness evaluation is finished...
One fitness evaluation starts...
Compilation fails!
One fitness evaluation is finished...
One fitness evaluation starts...
Compilation fails!
One fitness evaluation is finished...
One fitness evaluation starts...
Number of failed tests: 8
Fitness: 15.0
One fitness evaluation is finished...
One fitness evaluation starts...
Compilation fails!
One fitness evaluation is finished...
One fitness evaluation starts...
Compilation fails!
One fitness evaluation is finished...
One fitness evaluation starts...
Compilation fails!
One fitness evaluation is finished...
One fitness evaluation starts...
Compilation fails!
One fitness evaluation is finished...
One fitness evaluation starts...
Compilation fails!
One fitness evaluation is finished...
One fitness evaluation starts...
Compilation fails!
One fitness evaluation is finished...
One fitness evaluation starts...
Compilation fails!
One fitness evaluation is finished...
One fitness evaluation starts...
Compilation fails!
One fitness evaluation is finished...
One fitness evaluation starts...
Compilation fails!
One fitness evaluation is finished...
One fitness evaluation starts...
Compilation fails!
One fitness evaluation is finished...
One fitness evaluation starts...
Compilation fails!
One fitness evaluation is finished...
One fitness evaluation starts...
Compilation fails!
One fitness evaluation is finished...
One fitness evaluation starts...
Compilation fails!
One fitness evaluation is finished...
One fitness evaluation starts...
Compilation fails!
One fitness evaluation is finished...
One fitness evaluation starts...
Compilation fails!
One fitness evaluation is finished...
One fitness evaluation starts...
Compilation fails!
One fitness evaluation is finished...
One fitness evaluation starts...
Compilation fails!
One fitness evaluation is finished...
One fitness evaluation starts...
Compilation fails!
One fitness evaluation is finished...
One fitness evaluation starts...
Compilation fails!
One fitness evaluation is finished...
One fitness evaluation starts...
Compilation fails!
One fitness evaluation is finished...
One fitness evaluation starts...
Compilation fails!
One fitness evaluation is finished...
One fitness evaluation starts...
Compilation fails!
One fitness evaluation is finished...
One fitness evaluation starts...
Compilation fails!
One fitness evaluation is finished...
One fitness evaluation starts...
Compilation fails!
One fitness evaluation is finished...
One fitness evaluation starts...
Compilation fails!
One fitness evaluation is finished...
One fitness evaluation starts...
Compilation fails!
One fitness evaluation is finished...
One fitness evaluation starts...
Compilation fails!
One fitness evaluation is finished...
One fitness evaluation starts...
Compilation fails!
One fitness evaluation is finished...
One fitness evaluation starts...
Compilation fails!
One fitness evaluation is finished...
One fitness evaluation starts...
Compilation fails!
One fitness evaluation is finished...
One fitness evaluation starts...
Timeout occurs!
One fitness evaluation is finished...
One fitness evaluation starts...
Compilation fails!
One fitness evaluation is finished...
One fitness evaluation starts...
Compilation fails!
One fitness evaluation is finished...
One fitness evaluation starts...
Compilation fails!
One fitness evaluation is finished...
One fitness evaluation starts...
Compilation fails!
One fitness evaluation is finished...
One fitness evaluation starts...
Compilation fails!
One fitness evaluation is finished...
One fitness evaluation starts...
Compilation fails!
One fitness evaluation is finished...
One fitness evaluation starts...
Compilation fails!
One fitness evaluation is finished...
One fitness evaluation starts...
Compilation fails!
One fitness evaluation is finished...
One fitness evaluation starts...
Compilation fails!
One fitness evaluation is finished...
One fitness evaluation starts...
Compilation fails!
One fitness evaluation is finished...
One fitness evaluation starts...
Compilation fails!
One fitness evaluation is finished...
One fitness evaluation starts...
Compilation fails!
One fitness evaluation is finished...
One fitness evaluation starts...
Compilation fails!
One fitness evaluation is finished...
One fitness evaluation starts...
Compilation fails!
One fitness evaluation is finished...
One fitness evaluation starts...
Compilation fails!
One fitness evaluation is finished...
One fitness evaluation starts...
Number of failed tests: 7
Fitness: 14.0
One fitness evaluation is finished...
One fitness evaluation starts...
Compilation fails!
One fitness evaluation is finished...
One fitness evaluation starts...
Compilation fails!
One fitness evaluation is finished...
One fitness evaluation starts...
Number of failed tests: 40
Fitness: 47.0
One fitness evaluation is finished...
One fitness evaluation starts...
Number of failed tests: 7
Fitness: 14.0
One fitness evaluation is finished...
One fitness evaluation starts...
Compilation fails!
One fitness evaluation is finished...
One fitness evaluation starts...
Compilation fails!
One fitness evaluation is finished...
One fitness evaluation starts...
Compilation fails!
One fitness evaluation is finished...
One fitness evaluation starts...
Compilation fails!
One fitness evaluation is finished...
One fitness evaluation starts...
Compilation fails!
One fitness evaluation is finished...
One fitness evaluation starts...
Compilation fails!
One fitness evaluation is finished...
One fitness evaluation starts...
Compilation fails!
One fitness evaluation is finished...
One fitness evaluation starts...
Timeout occurs!
One fitness evaluation is finished...
One fitness evaluation starts...
Compilation fails!
One fitness evaluation is finished...
One fitness evaluation starts...
Timeout occurs!
One fitness evaluation is finished...
One fitness evaluation starts...
Compilation fails!
One fitness evaluation is finished...
One fitness evaluation starts...
Compilation fails!
One fitness evaluation is finished...
One fitness evaluation starts...
Compilation fails!
One fitness evaluation is finished...
One fitness evaluation starts...
Compilation fails!
One fitness evaluation is finished...
One fitness evaluation starts...
Compilation fails!
One fitness evaluation is finished...
One fitness evaluation starts...
Timeout occurs!
One fitness evaluation is finished...
One fitness evaluation starts...
Compilation fails!
One fitness evaluation is finished...
One fitness evaluation starts...
Number of failed tests: 7
Fitness: 14.0
One fitness evaluation is finished...
One fitness evaluation starts...
Compilation fails!
One fitness evaluation is finished...
One fitness evaluation starts...
Compilation fails!
One fitness evaluation is finished...
One fitness evaluation starts...
Compilation fails!
One fitness evaluation is finished...
One fitness evaluation starts...
Compilation fails!
One fitness evaluation is finished...
One fitness evaluation starts...
Compilation fails!
One fitness evaluation is finished...
One fitness evaluation starts...
Number of failed tests: 8
Fitness: 15.0
One fitness evaluation is finished...
One fitness evaluation starts...
Compilation fails!
One fitness evaluation is finished...
One fitness evaluation starts...
Compilation fails!
One fitness evaluation is finished...
One fitness evaluation starts...
Compilation fails!
One fitness evaluation is finished...
One fitness evaluation starts...
Compilation fails!
One fitness evaluation is finished...
One fitness evaluation starts...
Compilation fails!
One fitness evaluation is finished...
One fitness evaluation starts...
Timeout occurs!
One fitness evaluation is finished...
One fitness evaluation starts...
Compilation fails!
One fitness evaluation is finished...
One fitness evaluation starts...
Compilation fails!
One fitness evaluation is finished...
One fitness evaluation starts...
Number of failed tests: 40
Fitness: 47.0
One fitness evaluation is finished...
One fitness evaluation starts...
Timeout occurs!
One fitness evaluation is finished...
One fitness evaluation starts...
Compilation fails!
One fitness evaluation is finished...
One fitness evaluation starts...
Compilation fails!
One fitness evaluation is finished...
One fitness evaluation starts...
Compilation fails!
One fitness evaluation is finished...
One fitness evaluation starts...
Compilation fails!
One fitness evaluation is finished...
One fitness evaluation starts...
Compilation fails!
One fitness evaluation is finished...
One fitness evaluation starts...
Compilation fails!
One fitness evaluation is finished...
One fitness evaluation starts...
Compilation fails!
One fitness evaluation is finished...
One fitness evaluation starts...
Compilation fails!
One fitness evaluation is finished...
One fitness evaluation starts...
Compilation fails!
One fitness evaluation is finished...
One fitness evaluation starts...
Compilation fails!
One fitness evaluation is finished...
One fitness evaluation starts...
Compilation fails!
One fitness evaluation is finished...
One fitness evaluation starts...
Timeout occurs!
One fitness evaluation is finished...
One fitness evaluation starts...
Number of failed tests: 15
Fitness: 22.0
One fitness evaluation is finished...
One fitness evaluation starts...
Number of failed tests: 7
Fitness: 14.0
One fitness evaluation is finished...
One fitness evaluation starts...
Compilation fails!
One fitness evaluation is finished...
One fitness evaluation starts...
Compilation fails!
One fitness evaluation is finished...
One fitness evaluation starts...
Compilation fails!
One fitness evaluation is finished...
One fitness evaluation starts...
Compilation fails!
One fitness evaluation is finished...
One fitness evaluation starts...
Compilation fails!
One fitness evaluation is finished...
One fitness evaluation starts...
Compilation fails!
One fitness evaluation is finished...
One fitness evaluation starts...
Compilation fails!
One fitness evaluation is finished...
One fitness evaluation starts...
Number of failed tests: 12
Fitness: 19.0
One fitness evaluation is finished...
One fitness evaluation starts...
Compilation fails!
One fitness evaluation is finished...
One fitness evaluation starts...
Compilation fails!
One fitness evaluation is finished...
One fitness evaluation starts...
Number of failed tests: 12
Fitness: 19.0
One fitness evaluation is finished...
One fitness evaluation starts...
Compilation fails!
One fitness evaluation is finished...
One fitness evaluation starts...
Compilation fails!
One fitness evaluation is finished...
One fitness evaluation starts...
Compilation fails!
One fitness evaluation is finished...
One fitness evaluation starts...
Compilation fails!
One fitness evaluation is finished...
One fitness evaluation starts...
Compilation fails!
One fitness evaluation is finished...
One fitness evaluation starts...
Compilation fails!
One fitness evaluation is finished...
One fitness evaluation starts...
Number of failed tests: 8
Fitness: 15.0
One fitness evaluation is finished...
One fitness evaluation starts...
Compilation fails!
One fitness evaluation is finished...
One fitness evaluation starts...
Compilation fails!
One fitness evaluation is finished...
One fitness evaluation starts...
Compilation fails!
One fitness evaluation is finished...
One fitness evaluation starts...
Compilation fails!
One fitness evaluation is finished...
One fitness evaluation starts...
Compilation fails!
One fitness evaluation is finished...
One fitness evaluation starts...
Timeout occurs!
One fitness evaluation is finished...
One fitness evaluation starts...
Compilation fails!
One fitness evaluation is finished...
One fitness evaluation starts...
Number of failed tests: 8
Fitness: 15.0
One fitness evaluation is finished...
One fitness evaluation starts...
Compilation fails!
One fitness evaluation is finished...
One fitness evaluation starts...
Compilation fails!
One fitness evaluation is finished...
One fitness evaluation starts...
Number of failed tests: 15
Fitness: 22.0
One fitness evaluation is finished...
One fitness evaluation starts...
Compilation fails!
One fitness evaluation is finished...
One fitness evaluation starts...
Compilation fails!
One fitness evaluation is finished...
One fitness evaluation starts...
Compilation fails!
One fitness evaluation is finished...
One fitness evaluation starts...
Compilation fails!
One fitness evaluation is finished...
One fitness evaluation starts...
Compilation fails!
One fitness evaluation is finished...
One fitness evaluation starts...
Timeout occurs!
One fitness evaluation is finished...
One fitness evaluation starts...
Compilation fails!
One fitness evaluation is finished...
One fitness evaluation starts...
Compilation fails!
One fitness evaluation is finished...
One fitness evaluation starts...
Number of failed tests: 8
Fitness: 15.0
One fitness evaluation is finished...
One fitness evaluation starts...
Compilation fails!
One fitness evaluation is finished...
One fitness evaluation starts...
Compilation fails!
One fitness evaluation is finished...
One fitness evaluation starts...
Number of failed tests: 11
Fitness: 18.0
One fitness evaluation is finished...
One fitness evaluation starts...
Compilation fails!
One fitness evaluation is finished...
One fitness evaluation starts...
Compilation fails!
One fitness evaluation is finished...
One fitness evaluation starts...
Compilation fails!
One fitness evaluation is finished...
One fitness evaluation starts...
Compilation fails!
One fitness evaluation is finished...
One fitness evaluation starts...
Compilation fails!
One fitness evaluation is finished...
One fitness evaluation starts...
Compilation fails!
One fitness evaluation is finished...
One fitness evaluation starts...
Compilation fails!
One fitness evaluation is finished...
One fitness evaluation starts...
Compilation fails!
One fitness evaluation is finished...
One fitness evaluation starts...
Compilation fails!
One fitness evaluation is finished...
One fitness evaluation starts...
Compilation fails!
One fitness evaluation is finished...
One fitness evaluation starts...
Number of failed tests: 7
Fitness: 14.0
One fitness evaluation is finished...
One fitness evaluation starts...
Number of failed tests: 8
Fitness: 15.0
One fitness evaluation is finished...
One fitness evaluation starts...
Compilation fails!
One fitness evaluation is finished...
One fitness evaluation starts...
Compilation fails!
One fitness evaluation is finished...
One fitness evaluation starts...
Compilation fails!
One fitness evaluation is finished...
One fitness evaluation starts...
Compilation fails!
One fitness evaluation is finished...
One fitness evaluation starts...
Compilation fails!
One fitness evaluation is finished...
One fitness evaluation starts...
Number of failed tests: 11
Fitness: 18.0
One fitness evaluation is finished...
One fitness evaluation starts...
Compilation fails!
One fitness evaluation is finished...
One fitness evaluation starts...
Compilation fails!
One fitness evaluation is finished...
One fitness evaluation starts...
Compilation fails!
One fitness evaluation is finished...
One fitness evaluation starts...
Number of failed tests: 8
Fitness: 15.0
One fitness evaluation is finished...
One fitness evaluation starts...
Compilation fails!
One fitness evaluation is finished...
One fitness evaluation starts...
Compilation fails!
One fitness evaluation is finished...
One fitness evaluation starts...
Compilation fails!
One fitness evaluation is finished...
One fitness evaluation starts...
Compilation fails!
One fitness evaluation is finished...
One fitness evaluation starts...
Compilation fails!
One fitness evaluation is finished...
One fitness evaluation starts...
Compilation fails!
One fitness evaluation is finished...
One fitness evaluation starts...
Number of failed tests: 7
Fitness: 14.0
One fitness evaluation is finished...
One fitness evaluation starts...
Timeout occurs!
One fitness evaluation is finished...
One fitness evaluation starts...
Compilation fails!
One fitness evaluation is finished...
One fitness evaluation starts...
Compilation fails!
One fitness evaluation is finished...
One fitness evaluation starts...
Compilation fails!
One fitness evaluation is finished...
One fitness evaluation starts...
Compilation fails!
One fitness evaluation is finished...
One fitness evaluation starts...
Compilation fails!
One fitness evaluation is finished...
One fitness evaluation starts...
Compilation fails!
One fitness evaluation is finished...
One fitness evaluation starts...
Compilation fails!
One fitness evaluation is finished...
One fitness evaluation starts...
Timeout occurs!
One fitness evaluation is finished...
One fitness evaluation starts...
Compilation fails!
One fitness evaluation is finished...
One fitness evaluation starts...
Compilation fails!
One fitness evaluation is finished...
One fitness evaluation starts...
Number of failed tests: 8
Fitness: 15.0
One fitness evaluation is finished...
One fitness evaluation starts...
Compilation fails!
One fitness evaluation is finished...
One fitness evaluation starts...
Compilation fails!
One fitness evaluation is finished...
One fitness evaluation starts...
Compilation fails!
One fitness evaluation is finished...
One fitness evaluation starts...
Number of failed tests: 15
Fitness: 22.0
One fitness evaluation is finished...
One fitness evaluation starts...
Timeout occurs!
One fitness evaluation is finished...
One fitness evaluation starts...
Compilation fails!
One fitness evaluation is finished...
One fitness evaluation starts...
Compilation fails!
One fitness evaluation is finished...
One fitness evaluation starts...
Compilation fails!
One fitness evaluation is finished...
One fitness evaluation starts...
Compilation fails!
One fitness evaluation is finished...
One fitness evaluation starts...
Compilation fails!
One fitness evaluation is finished...
One fitness evaluation starts...
Compilation fails!
One fitness evaluation is finished...
One fitness evaluation starts...
Compilation fails!
One fitness evaluation is finished...
One fitness evaluation starts...
Compilation fails!
One fitness evaluation is finished...
One fitness evaluation starts...
Compilation fails!
One fitness evaluation is finished...
One fitness evaluation starts...
Compilation fails!
One fitness evaluation is finished...
One fitness evaluation starts...
Compilation fails!
One fitness evaluation is finished...
One fitness evaluation starts...
Compilation fails!
One fitness evaluation is finished...
One fitness evaluation starts...
Number of failed tests: 11
Fitness: 18.0
One fitness evaluation is finished...
One fitness evaluation starts...
Compilation fails!
One fitness evaluation is finished...
One fitness evaluation starts...
Compilation fails!
One fitness evaluation is finished...
One fitness evaluation starts...
Timeout occurs!
One fitness evaluation is finished...
One fitness evaluation starts...
Compilation fails!
One fitness evaluation is finished...
One fitness evaluation starts...
Compilation fails!
One fitness evaluation is finished...
One fitness evaluation starts...
Compilation fails!
One fitness evaluation is finished...
One fitness evaluation starts...
Compilation fails!
One fitness evaluation is finished...
One fitness evaluation starts...
Compilation fails!
One fitness evaluation is finished...
One fitness evaluation starts...
Compilation fails!
One fitness evaluation is finished...
One fitness evaluation starts...
Compilation fails!
One fitness evaluation is finished...
One fitness evaluation starts...
Compilation fails!
One fitness evaluation is finished...
One fitness evaluation starts...
Compilation fails!
One fitness evaluation is finished...
One fitness evaluation starts...
Number of failed tests: 7
Fitness: 14.0
One fitness evaluation is finished...
One fitness evaluation starts...
Compilation fails!
One fitness evaluation is finished...
One fitness evaluation starts...
Compilation fails!
One fitness evaluation is finished...
One fitness evaluation starts...
Compilation fails!
One fitness evaluation is finished...
One fitness evaluation starts...
Compilation fails!
One fitness evaluation is finished...
One fitness evaluation starts...
Compilation fails!
One fitness evaluation is finished...
One fitness evaluation starts...
Compilation fails!
One fitness evaluation is finished...
One fitness evaluation starts...
Compilation fails!
One fitness evaluation is finished...
One fitness evaluation starts...
Timeout occurs!
One fitness evaluation is finished...
One fitness evaluation starts...
Timeout occurs!
One fitness evaluation is finished...
One fitness evaluation starts...
Compilation fails!
One fitness evaluation is finished...
One fitness evaluation starts...
Compilation fails!
One fitness evaluation is finished...
One fitness evaluation starts...
Compilation fails!
One fitness evaluation is finished...
One fitness evaluation starts...
Number of failed tests: 7
Fitness: 14.0
One fitness evaluation is finished...
One fitness evaluation starts...
Compilation fails!
One fitness evaluation is finished...
One fitness evaluation starts...
Compilation fails!
One fitness evaluation is finished...
One fitness evaluation starts...
Compilation fails!
One fitness evaluation is finished...
One fitness evaluation starts...
Timeout occurs!
One fitness evaluation is finished...
One fitness evaluation starts...
Compilation fails!
One fitness evaluation is finished...
One fitness evaluation starts...
Timeout occurs!
One fitness evaluation is finished...
One fitness evaluation starts...
Compilation fails!
One fitness evaluation is finished...
One fitness evaluation starts...
Compilation fails!
One fitness evaluation is finished...
One fitness evaluation starts...
Compilation fails!
One fitness evaluation is finished...
One fitness evaluation starts...
Compilation fails!
One fitness evaluation is finished...
One fitness evaluation starts...
Number of failed tests: 7
Fitness: 14.0
One fitness evaluation is finished...
One fitness evaluation starts...
Compilation fails!
One fitness evaluation is finished...
One fitness evaluation starts...
Compilation fails!
One fitness evaluation is finished...
One fitness evaluation starts...
Number of failed tests: 11
Fitness: 18.0
One fitness evaluation is finished...
One fitness evaluation starts...
Number of failed tests: 15
Fitness: 22.0
One fitness evaluation is finished...
One fitness evaluation starts...
Compilation fails!
One fitness evaluation is finished...
One fitness evaluation starts...
Compilation fails!
One fitness evaluation is finished...
One fitness evaluation starts...
Compilation fails!
One fitness evaluation is finished...
One fitness evaluation starts...
Number of failed tests: 12
Fitness: 19.0
One fitness evaluation is finished...
One fitness evaluation starts...
Compilation fails!
One fitness evaluation is finished...
One fitness evaluation starts...
Compilation fails!
One fitness evaluation is finished...
One fitness evaluation starts...
Compilation fails!
One fitness evaluation is finished...
One fitness evaluation starts...
Compilation fails!
One fitness evaluation is finished...
One fitness evaluation starts...
Timeout occurs!
One fitness evaluation is finished...
One fitness evaluation starts...
Compilation fails!
One fitness evaluation is finished...
One fitness evaluation starts...
Compilation fails!
One fitness evaluation is finished...
One fitness evaluation starts...
Compilation fails!
One fitness evaluation is finished...
One fitness evaluation starts...
Number of failed tests: 12
Fitness: 19.0
One fitness evaluation is finished...
One fitness evaluation starts...
Compilation fails!
One fitness evaluation is finished...
One fitness evaluation starts...
Compilation fails!
One fitness evaluation is finished...
One fitness evaluation starts...
Compilation fails!
One fitness evaluation is finished...
One fitness evaluation starts...
Compilation fails!
One fitness evaluation is finished...
One fitness evaluation starts...
Compilation fails!
One fitness evaluation is finished...
One fitness evaluation starts...
Compilation fails!
One fitness evaluation is finished...
One fitness evaluation starts...
Timeout occurs!
One fitness evaluation is finished...
One fitness evaluation starts...
Compilation fails!
One fitness evaluation is finished...
One fitness evaluation starts...
Compilation fails!
One fitness evaluation is finished...
One fitness evaluation starts...
Compilation fails!
One fitness evaluation is finished...
One fitness evaluation starts...
Compilation fails!
One fitness evaluation is finished...
One fitness evaluation starts...
Compilation fails!
One fitness evaluation is finished...
One fitness evaluation starts...
Compilation fails!
One fitness evaluation is finished...
One fitness evaluation starts...
Compilation fails!
One fitness evaluation is finished...
One fitness evaluation starts...
Compilation fails!
One fitness evaluation is finished...
One fitness evaluation starts...
Compilation fails!
One fitness evaluation is finished...
One fitness evaluation starts...
Compilation fails!
One fitness evaluation is finished...
One fitness evaluation starts...
Number of failed tests: 11
Fitness: 18.0
One fitness evaluation is finished...
One fitness evaluation starts...
Timeout occurs!
One fitness evaluation is finished...
One fitness evaluation starts...
Compilation fails!
One fitness evaluation is finished...
One fitness evaluation starts...
Compilation fails!
One fitness evaluation is finished...
One fitness evaluation starts...
Compilation fails!
One fitness evaluation is finished...
One fitness evaluation starts...
Compilation fails!
One fitness evaluation is finished...
One fitness evaluation starts...
Compilation fails!
One fitness evaluation is finished...
One fitness evaluation starts...
Number of failed tests: 8
Fitness: 15.0
One fitness evaluation is finished...
One fitness evaluation starts...
Compilation fails!
One fitness evaluation is finished...
One fitness evaluation starts...
Compilation fails!
One fitness evaluation is finished...
One fitness evaluation starts...
Compilation fails!
One fitness evaluation is finished...
One fitness evaluation starts...
Number of failed tests: 7
Fitness: 14.0
One fitness evaluation is finished...
One fitness evaluation starts...
Compilation fails!
One fitness evaluation is finished...
One fitness evaluation starts...
Number of failed tests: 11
Fitness: 18.0
One fitness evaluation is finished...
One fitness evaluation starts...
Compilation fails!
One fitness evaluation is finished...
One fitness evaluation starts...
Number of failed tests: 15
Fitness: 22.0
One fitness evaluation is finished...
One fitness evaluation starts...
Compilation fails!
One fitness evaluation is finished...
One fitness evaluation starts...
Compilation fails!
One fitness evaluation is finished...
One fitness evaluation starts...
Compilation fails!
One fitness evaluation is finished...
One fitness evaluation starts...
Compilation fails!
One fitness evaluation is finished...
One fitness evaluation starts...
Compilation fails!
One fitness evaluation is finished...
One fitness evaluation starts...
Number of failed tests: 12
Fitness: 19.0
One fitness evaluation is finished...
One fitness evaluation starts...
Compilation fails!
One fitness evaluation is finished...
One fitness evaluation starts...
Compilation fails!
One fitness evaluation is finished...
One fitness evaluation starts...
Compilation fails!
One fitness evaluation is finished...
One fitness evaluation starts...
Compilation fails!
One fitness evaluation is finished...
One fitness evaluation starts...
Compilation fails!
One fitness evaluation is finished...
One fitness evaluation starts...
Compilation fails!
One fitness evaluation is finished...
One fitness evaluation starts...
Compilation fails!
One fitness evaluation is finished...
One fitness evaluation starts...
Compilation fails!
One fitness evaluation is finished...
One fitness evaluation starts...
Compilation fails!
One fitness evaluation is finished...
One fitness evaluation starts...
Compilation fails!
One fitness evaluation is finished...
One fitness evaluation starts...
Compilation fails!
One fitness evaluation is finished...
One fitness evaluation starts...
Compilation fails!
One fitness evaluation is finished...
One fitness evaluation starts...
Compilation fails!
One fitness evaluation is finished...
One fitness evaluation starts...
Compilation fails!
One fitness evaluation is finished...
One fitness evaluation starts...
Timeout occurs!
One fitness evaluation is finished...
One fitness evaluation starts...
Compilation fails!
One fitness evaluation is finished...
One fitness evaluation starts...
Compilation fails!
One fitness evaluation is finished...
One fitness evaluation starts...
Timeout occurs!
One fitness evaluation is finished...
One fitness evaluation starts...
Timeout occurs!
One fitness evaluation is finished...
One fitness evaluation starts...
Compilation fails!
One fitness evaluation is finished...
One fitness evaluation starts...
Compilation fails!
One fitness evaluation is finished...
One fitness evaluation starts...
Compilation fails!
One fitness evaluation is finished...
One fitness evaluation starts...
Compilation fails!
One fitness evaluation is finished...
One fitness evaluation starts...
Compilation fails!
One fitness evaluation is finished...
One fitness evaluation starts...
Compilation fails!
One fitness evaluation is finished...
One fitness evaluation starts...
Compilation fails!
One fitness evaluation is finished...
One fitness evaluation starts...
Compilation fails!
One fitness evaluation is finished...
One fitness evaluation starts...
Compilation fails!
One fitness evaluation is finished...
One fitness evaluation starts...
Compilation fails!
One fitness evaluation is finished...
One fitness evaluation starts...
Compilation fails!
One fitness evaluation is finished...
One fitness evaluation starts...
Compilation fails!
One fitness evaluation is finished...
One fitness evaluation starts...
Compilation fails!
One fitness evaluation is finished...
One fitness evaluation starts...
Compilation fails!
One fitness evaluation is finished...
One fitness evaluation starts...
Compilation fails!
One fitness evaluation is finished...
One fitness evaluation starts...
Compilation fails!
One fitness evaluation is finished...
One fitness evaluation starts...
Timeout occurs!
One fitness evaluation is finished...
One fitness evaluation starts...
Compilation fails!
One fitness evaluation is finished...
One fitness evaluation starts...
Compilation fails!
One fitness evaluation is finished...
One fitness evaluation starts...
Compilation fails!
One fitness evaluation is finished...
One fitness evaluation starts...
Compilation fails!
One fitness evaluation is finished...
One fitness evaluation starts...
Number of failed tests: 8
Fitness: 15.0
One fitness evaluation is finished...
One fitness evaluation starts...
Compilation fails!
One fitness evaluation is finished...
One fitness evaluation starts...
Number of failed tests: 7
Fitness: 14.0
One fitness evaluation is finished...
One fitness evaluation starts...
Compilation fails!
One fitness evaluation is finished...
One fitness evaluation starts...
Number of failed tests: 11
Fitness: 18.0
One fitness evaluation is finished...
One fitness evaluation starts...
Compilation fails!
One fitness evaluation is finished...
One fitness evaluation starts...
Compilation fails!
One fitness evaluation is finished...
One fitness evaluation starts...
Compilation fails!
One fitness evaluation is finished...
One fitness evaluation starts...
Compilation fails!
One fitness evaluation is finished...
One fitness evaluation starts...
Number of failed tests: 15
Fitness: 22.0
One fitness evaluation is finished...
One fitness evaluation starts...
Compilation fails!
One fitness evaluation is finished...
One fitness evaluation starts...
Compilation fails!
One fitness evaluation is finished...
One fitness evaluation starts...
Compilation fails!
One fitness evaluation is finished...
One fitness evaluation starts...
Number of failed tests: 7
Fitness: 14.0
One fitness evaluation is finished...
One fitness evaluation starts...
Compilation fails!
One fitness evaluation is finished...
One fitness evaluation starts...
Compilation fails!
One fitness evaluation is finished...
One fitness evaluation starts...
Compilation fails!
One fitness evaluation is finished...
One fitness evaluation starts...
Compilation fails!
One fitness evaluation is finished...
One fitness evaluation starts...
Compilation fails!
One fitness evaluation is finished...
One fitness evaluation starts...
Compilation fails!
One fitness evaluation is finished...
One fitness evaluation starts...
Compilation fails!
One fitness evaluation is finished...
One fitness evaluation starts...
Compilation fails!
One fitness evaluation is finished...
One fitness evaluation starts...
Compilation fails!
One fitness evaluation is finished...
One fitness evaluation starts...
Compilation fails!
One fitness evaluation is finished...
One fitness evaluation starts...
Compilation fails!
One fitness evaluation is finished...
One fitness evaluation starts...
Compilation fails!
One fitness evaluation is finished...
One fitness evaluation starts...
Compilation fails!
One fitness evaluation is finished...
One fitness evaluation starts...
Compilation fails!
One fitness evaluation is finished...
One fitness evaluation starts...
Compilation fails!
One fitness evaluation is finished...
One fitness evaluation starts...
Compilation fails!
One fitness evaluation is finished...
One fitness evaluation starts...
Compilation fails!
One fitness evaluation is finished...
One fitness evaluation starts...
Compilation fails!
One fitness evaluation is finished...
One fitness evaluation starts...
Compilation fails!
One fitness evaluation is finished...
One fitness evaluation starts...
Compilation fails!
One fitness evaluation is finished...
One fitness evaluation starts...
Number of failed tests: 7
Fitness: 14.0
One fitness evaluation is finished...
One fitness evaluation starts...
Timeout occurs!
One fitness evaluation is finished...
One fitness evaluation starts...
Compilation fails!
One fitness evaluation is finished...
One fitness evaluation starts...
Compilation fails!
One fitness evaluation is finished...
One fitness evaluation starts...
Compilation fails!
One fitness evaluation is finished...
One fitness evaluation starts...
Compilation fails!
One fitness evaluation is finished...
One fitness evaluation starts...
Timeout occurs!
One fitness evaluation is finished...
One fitness evaluation starts...
Compilation fails!
One fitness evaluation is finished...
One fitness evaluation starts...
Compilation fails!
One fitness evaluation is finished...
One fitness evaluation starts...
Compilation fails!
One fitness evaluation is finished...
One fitness evaluation starts...
Compilation fails!
One fitness evaluation is finished...
One fitness evaluation starts...
Compilation fails!
One fitness evaluation is finished...
One fitness evaluation starts...
Number of failed tests: 11
Fitness: 18.0
One fitness evaluation is finished...
One fitness evaluation starts...
Compilation fails!
One fitness evaluation is finished...
One fitness evaluation starts...
Compilation fails!
One fitness evaluation is finished...
One fitness evaluation starts...
Compilation fails!
One fitness evaluation is finished...
One fitness evaluation starts...
Compilation fails!
One fitness evaluation is finished...
One fitness evaluation starts...
Compilation fails!
One fitness evaluation is finished...
One fitness evaluation starts...
Number of failed tests: 11
Fitness: 18.0
One fitness evaluation is finished...
One fitness evaluation starts...
Timeout occurs!
One fitness evaluation is finished...
One fitness evaluation starts...
Compilation fails!
One fitness evaluation is finished...
One fitness evaluation starts...
Number of failed tests: 8
Fitness: 15.0
One fitness evaluation is finished...
One fitness evaluation starts...
Compilation fails!
One fitness evaluation is finished...
One fitness evaluation starts...
Compilation fails!
One fitness evaluation is finished...
One fitness evaluation starts...
Number of failed tests: 7
Fitness: 14.0
One fitness evaluation is finished...
One fitness evaluation starts...
Compilation fails!
One fitness evaluation is finished...
One fitness evaluation starts...
Compilation fails!
One fitness evaluation is finished...
One fitness evaluation starts...
Compilation fails!
One fitness evaluation is finished...
One fitness evaluation starts...
Number of failed tests: 8
Fitness: 15.0
One fitness evaluation is finished...
One fitness evaluation starts...
Compilation fails!
One fitness evaluation is finished...
One fitness evaluation starts...
Compilation fails!
One fitness evaluation is finished...
One fitness evaluation starts...
Compilation fails!
One fitness evaluation is finished...
One fitness evaluation starts...
Compilation fails!
One fitness evaluation is finished...
One fitness evaluation starts...
Compilation fails!
One fitness evaluation is finished...
One fitness evaluation starts...
Number of failed tests: 7
Fitness: 14.0
One fitness evaluation is finished...
One fitness evaluation starts...
Compilation fails!
One fitness evaluation is finished...
One fitness evaluation starts...
Compilation fails!
One fitness evaluation is finished...
One fitness evaluation starts...
Compilation fails!
One fitness evaluation is finished...
One fitness evaluation starts...
Number of failed tests: 7
Fitness: 14.0
One fitness evaluation is finished...
One fitness evaluation starts...
Compilation fails!
One fitness evaluation is finished...
One fitness evaluation starts...
Number of failed tests: 8
Fitness: 15.0
One fitness evaluation is finished...
One fitness evaluation starts...
Compilation fails!
One fitness evaluation is finished...
One fitness evaluation starts...
Compilation fails!
One fitness evaluation is finished...
One fitness evaluation starts...
Number of failed tests: 8
Fitness: 15.0
One fitness evaluation is finished...
One fitness evaluation starts...
Compilation fails!
One fitness evaluation is finished...
One fitness evaluation starts...
Compilation fails!
One fitness evaluation is finished...
One fitness evaluation starts...
Compilation fails!
One fitness evaluation is finished...
One fitness evaluation starts...
Compilation fails!
One fitness evaluation is finished...
One fitness evaluation starts...
Timeout occurs!
One fitness evaluation is finished...
One fitness evaluation starts...
Compilation fails!
One fitness evaluation is finished...
One fitness evaluation starts...
Timeout occurs!
One fitness evaluation is finished...
One fitness evaluation starts...
Compilation fails!
One fitness evaluation is finished...
One fitness evaluation starts...
Compilation fails!
One fitness evaluation is finished...
One fitness evaluation starts...
Number of failed tests: 7
Fitness: 14.0
One fitness evaluation is finished...
One fitness evaluation starts...
Compilation fails!
One fitness evaluation is finished...
One fitness evaluation starts...
Compilation fails!
One fitness evaluation is finished...
One fitness evaluation starts...
Compilation fails!
One fitness evaluation is finished...
One fitness evaluation starts...
Number of failed tests: 8
Fitness: 15.0
One fitness evaluation is finished...
One fitness evaluation starts...
Timeout occurs!
One fitness evaluation is finished...
One fitness evaluation starts...
Compilation fails!
One fitness evaluation is finished...
One fitness evaluation starts...
Number of failed tests: 11
Fitness: 18.0
One fitness evaluation is finished...
One fitness evaluation starts...
Compilation fails!
One fitness evaluation is finished...
One fitness evaluation starts...
Compilation fails!
One fitness evaluation is finished...
One fitness evaluation starts...
Compilation fails!
One fitness evaluation is finished...
One fitness evaluation starts...
Compilation fails!
One fitness evaluation is finished...
One fitness evaluation starts...
Compilation fails!
One fitness evaluation is finished...
One fitness evaluation starts...
Number of failed tests: 11
Fitness: 18.0
One fitness evaluation is finished...
One fitness evaluation starts...
Timeout occurs!
One fitness evaluation is finished...
One fitness evaluation starts...
Compilation fails!
One fitness evaluation is finished...
One fitness evaluation starts...
Number of failed tests: 8
Fitness: 15.0
One fitness evaluation is finished...
One fitness evaluation starts...
Compilation fails!
One fitness evaluation is finished...
One fitness evaluation starts...
Compilation fails!
One fitness evaluation is finished...
One fitness evaluation starts...
Compilation fails!
One fitness evaluation is finished...
One fitness evaluation starts...
Compilation fails!
One fitness evaluation is finished...
One fitness evaluation starts...
Compilation fails!
One fitness evaluation is finished...
One fitness evaluation starts...
Compilation fails!
One fitness evaluation is finished...
One fitness evaluation starts...
Compilation fails!
One fitness evaluation is finished...
One fitness evaluation starts...
Compilation fails!
One fitness evaluation is finished...
One fitness evaluation starts...
Compilation fails!
One fitness evaluation is finished...
One fitness evaluation starts...
Compilation fails!
One fitness evaluation is finished...
One fitness evaluation starts...
Compilation fails!
One fitness evaluation is finished...
One fitness evaluation starts...
Compilation fails!
One fitness evaluation is finished...
One fitness evaluation starts...
Compilation fails!
One fitness evaluation is finished...
One fitness evaluation starts...
Compilation fails!
One fitness evaluation is finished...
One fitness evaluation starts...
Compilation fails!
One fitness evaluation is finished...
One fitness evaluation starts...
Number of failed tests: 12
Fitness: 19.0
One fitness evaluation is finished...
One fitness evaluation starts...
Compilation fails!
One fitness evaluation is finished...
One fitness evaluation starts...
Compilation fails!
One fitness evaluation is finished...
One fitness evaluation starts...
Compilation fails!
One fitness evaluation is finished...
One fitness evaluation starts...
Compilation fails!
One fitness evaluation is finished...
One fitness evaluation starts...
Compilation fails!
One fitness evaluation is finished...
One fitness evaluation starts...
Timeout occurs!
One fitness evaluation is finished...
One fitness evaluation starts...
Compilation fails!
One fitness evaluation is finished...
One fitness evaluation starts...
Compilation fails!
One fitness evaluation is finished...
One fitness evaluation starts...
Timeout occurs!
One fitness evaluation is finished...
One fitness evaluation starts...
Compilation fails!
One fitness evaluation is finished...
One fitness evaluation starts...
Compilation fails!
One fitness evaluation is finished...
One fitness evaluation starts...
Compilation fails!
One fitness evaluation is finished...
One fitness evaluation starts...
Number of failed tests: 8
Fitness: 15.0
One fitness evaluation is finished...
One fitness evaluation starts...
Compilation fails!
One fitness evaluation is finished...
One fitness evaluation starts...
Compilation fails!
One fitness evaluation is finished...
One fitness evaluation starts...
Compilation fails!
One fitness evaluation is finished...
One fitness evaluation starts...
Compilation fails!
One fitness evaluation is finished...
One fitness evaluation starts...
Compilation fails!
One fitness evaluation is finished...
One fitness evaluation starts...
Compilation fails!
One fitness evaluation is finished...
One fitness evaluation starts...
Compilation fails!
One fitness evaluation is finished...
One fitness evaluation starts...
Number of failed tests: 7
Fitness: 14.0
One fitness evaluation is finished...
One fitness evaluation starts...
Compilation fails!
One fitness evaluation is finished...
One fitness evaluation starts...
Compilation fails!
One fitness evaluation is finished...
One fitness evaluation starts...
Compilation fails!
One fitness evaluation is finished...
One fitness evaluation starts...
Compilation fails!
One fitness evaluation is finished...
One fitness evaluation starts...
Compilation fails!
One fitness evaluation is finished...
One fitness evaluation starts...
Compilation fails!
One fitness evaluation is finished...
One fitness evaluation starts...
Compilation fails!
One fitness evaluation is finished...
One fitness evaluation starts...
Compilation fails!
One fitness evaluation is finished...
One fitness evaluation starts...
Compilation fails!
One fitness evaluation is finished...
One fitness evaluation starts...
Compilation fails!
One fitness evaluation is finished...
One fitness evaluation starts...
Compilation fails!
One fitness evaluation is finished...
One fitness evaluation starts...
Compilation fails!
One fitness evaluation is finished...
One fitness evaluation starts...
Compilation fails!
One fitness evaluation is finished...
One fitness evaluation starts...
Compilation fails!
One fitness evaluation is finished...
One fitness evaluation starts...
Timeout occurs!
One fitness evaluation is finished...
One fitness evaluation starts...
Number of failed tests: 9
Fitness: 16.0
One fitness evaluation is finished...
One fitness evaluation starts...
Compilation fails!
One fitness evaluation is finished...
One fitness evaluation starts...
Compilation fails!
One fitness evaluation is finished...
One fitness evaluation starts...
Compilation fails!
One fitness evaluation is finished...
One fitness evaluation starts...
Compilation fails!
One fitness evaluation is finished...
One fitness evaluation starts...
Timeout occurs!
One fitness evaluation is finished...
One fitness evaluation starts...
Compilation fails!
One fitness evaluation is finished...
One fitness evaluation starts...
Compilation fails!
One fitness evaluation is finished...
One fitness evaluation starts...
Number of failed tests: 12
Fitness: 19.0
One fitness evaluation is finished...
One fitness evaluation starts...
Compilation fails!
One fitness evaluation is finished...
One fitness evaluation starts...
Compilation fails!
One fitness evaluation is finished...
One fitness evaluation starts...
Compilation fails!
One fitness evaluation is finished...
One fitness evaluation starts...
Compilation fails!
One fitness evaluation is finished...
One fitness evaluation starts...
Compilation fails!
One fitness evaluation is finished...
One fitness evaluation starts...
Compilation fails!
One fitness evaluation is finished...
One fitness evaluation starts...
Number of failed tests: 8
Fitness: 15.0
One fitness evaluation is finished...
One fitness evaluation starts...
Number of failed tests: 8
Fitness: 15.0
One fitness evaluation is finished...
One fitness evaluation starts...
Compilation fails!
One fitness evaluation is finished...
One fitness evaluation starts...
Compilation fails!
One fitness evaluation is finished...
One fitness evaluation starts...
Compilation fails!
One fitness evaluation is finished...
One fitness evaluation starts...
Compilation fails!
One fitness evaluation is finished...
One fitness evaluation starts...
Compilation fails!
One fitness evaluation is finished...
One fitness evaluation starts...
Compilation fails!
One fitness evaluation is finished...
One fitness evaluation starts...
Compilation fails!
One fitness evaluation is finished...
One fitness evaluation starts...
Compilation fails!
One fitness evaluation is finished...
One fitness evaluation starts...
Compilation fails!
One fitness evaluation is finished...
One fitness evaluation starts...
Timeout occurs!
One fitness evaluation is finished...
One fitness evaluation starts...
Compilation fails!
One fitness evaluation is finished...
One fitness evaluation starts...
Compilation fails!
One fitness evaluation is finished...
One fitness evaluation starts...
Compilation fails!
One fitness evaluation is finished...
One fitness evaluation starts...
Compilation fails!
One fitness evaluation is finished...
One fitness evaluation starts...
Compilation fails!
One fitness evaluation is finished...
One fitness evaluation starts...
Number of failed tests: 12
Fitness: 19.0
One fitness evaluation is finished...
One fitness evaluation starts...
Compilation fails!
One fitness evaluation is finished...
One fitness evaluation starts...
Compilation fails!
One fitness evaluation is finished...
One fitness evaluation starts...
Compilation fails!
One fitness evaluation is finished...
One fitness evaluation starts...
Compilation fails!
One fitness evaluation is finished...
One fitness evaluation starts...
Compilation fails!
One fitness evaluation is finished...
One fitness evaluation starts...
Compilation fails!
One fitness evaluation is finished...
One fitness evaluation starts...
Number of failed tests: 11
Fitness: 18.0
One fitness evaluation is finished...
One fitness evaluation starts...
Compilation fails!
One fitness evaluation is finished...
One fitness evaluation starts...
Compilation fails!
One fitness evaluation is finished...
One fitness evaluation starts...
Compilation fails!
One fitness evaluation is finished...
One fitness evaluation starts...
Compilation fails!
One fitness evaluation is finished...
One fitness evaluation starts...
Compilation fails!
One fitness evaluation is finished...
One fitness evaluation starts...
Number of failed tests: 8
Fitness: 15.0
One fitness evaluation is finished...
One fitness evaluation starts...
Number of failed tests: 7
Fitness: 14.0
One fitness evaluation is finished...
One fitness evaluation starts...
Timeout occurs!
One fitness evaluation is finished...
One fitness evaluation starts...
Compilation fails!
One fitness evaluation is finished...
One fitness evaluation starts...
Compilation fails!
One fitness evaluation is finished...
One fitness evaluation starts...
Compilation fails!
One fitness evaluation is finished...
One fitness evaluation starts...
Compilation fails!
One fitness evaluation is finished...
One fitness evaluation starts...
Compilation fails!
One fitness evaluation is finished...
One fitness evaluation starts...
Compilation fails!
One fitness evaluation is finished...
One fitness evaluation starts...
Compilation fails!
One fitness evaluation is finished...
One fitness evaluation starts...
Compilation fails!
One fitness evaluation is finished...
One fitness evaluation starts...
Compilation fails!
One fitness evaluation is finished...
One fitness evaluation starts...
Compilation fails!
One fitness evaluation is finished...
One fitness evaluation starts...
Compilation fails!
One fitness evaluation is finished...
One fitness evaluation starts...
Compilation fails!
One fitness evaluation is finished...
One fitness evaluation starts...
Compilation fails!
One fitness evaluation is finished...
One fitness evaluation starts...
Compilation fails!
One fitness evaluation is finished...
One fitness evaluation starts...
Compilation fails!
One fitness evaluation is finished...
One fitness evaluation starts...
Compilation fails!
One fitness evaluation is finished...
One fitness evaluation starts...
Compilation fails!
One fitness evaluation is finished...
One fitness evaluation starts...
Timeout occurs!
One fitness evaluation is finished...
One fitness evaluation starts...
Timeout occurs!
One fitness evaluation is finished...
One fitness evaluation starts...
Number of failed tests: 12
Fitness: 19.0
One fitness evaluation is finished...
One fitness evaluation starts...
Number of failed tests: 11
Fitness: 18.0
One fitness evaluation is finished...
One fitness evaluation starts...
Compilation fails!
One fitness evaluation is finished...
One fitness evaluation starts...
Timeout occurs!
One fitness evaluation is finished...
One fitness evaluation starts...
Compilation fails!
One fitness evaluation is finished...
One fitness evaluation starts...
Number of failed tests: 12
Fitness: 19.0
One fitness evaluation is finished...
One fitness evaluation starts...
Compilation fails!
One fitness evaluation is finished...
One fitness evaluation starts...
Compilation fails!
One fitness evaluation is finished...
One fitness evaluation starts...
Compilation fails!
One fitness evaluation is finished...
One fitness evaluation starts...
Compilation fails!
One fitness evaluation is finished...
One fitness evaluation starts...
Compilation fails!
One fitness evaluation is finished...
One fitness evaluation starts...
Compilation fails!
One fitness evaluation is finished...
One fitness evaluation starts...
Compilation fails!
One fitness evaluation is finished...
One fitness evaluation starts...
Compilation fails!
One fitness evaluation is finished...
One fitness evaluation starts...
Compilation fails!
One fitness evaluation is finished...
One fitness evaluation starts...
Number of failed tests: 11
Fitness: 18.0
One fitness evaluation is finished...
One fitness evaluation starts...
Compilation fails!
One fitness evaluation is finished...
One fitness evaluation starts...
Compilation fails!
One fitness evaluation is finished...
One fitness evaluation starts...
Compilation fails!
One fitness evaluation is finished...
One fitness evaluation starts...
Compilation fails!
One fitness evaluation is finished...
One fitness evaluation starts...
Compilation fails!
One fitness evaluation is finished...
One fitness evaluation starts...
Timeout occurs!
One fitness evaluation is finished...
One fitness evaluation starts...
Compilation fails!
One fitness evaluation is finished...
One fitness evaluation starts...
Compilation fails!
One fitness evaluation is finished...
One fitness evaluation starts...
Number of failed tests: 8
Fitness: 15.0
One fitness evaluation is finished...
One fitness evaluation starts...
Compilation fails!
One fitness evaluation is finished...
One fitness evaluation starts...
Compilation fails!
One fitness evaluation is finished...
One fitness evaluation starts...
Compilation fails!
One fitness evaluation is finished...
One fitness evaluation starts...
Number of failed tests: 15
Fitness: 22.0
One fitness evaluation is finished...
One fitness evaluation starts...
Compilation fails!
One fitness evaluation is finished...
One fitness evaluation starts...
Compilation fails!
One fitness evaluation is finished...
One fitness evaluation starts...
Compilation fails!
One fitness evaluation is finished...
One fitness evaluation starts...
Compilation fails!
One fitness evaluation is finished...
One fitness evaluation starts...
Compilation fails!
One fitness evaluation is finished...
One fitness evaluation starts...
Compilation fails!
One fitness evaluation is finished...
One fitness evaluation starts...
Compilation fails!
One fitness evaluation is finished...
One fitness evaluation starts...
Compilation fails!
One fitness evaluation is finished...
One fitness evaluation starts...
Compilation fails!
One fitness evaluation is finished...
One fitness evaluation starts...
Compilation fails!
One fitness evaluation is finished...
One fitness evaluation starts...
Compilation fails!
One fitness evaluation is finished...
One fitness evaluation starts...
Compilation fails!
One fitness evaluation is finished...
One fitness evaluation starts...
Compilation fails!
One fitness evaluation is finished...
One fitness evaluation starts...
Compilation fails!
One fitness evaluation is finished...
One fitness evaluation starts...
Timeout occurs!
One fitness evaluation is finished...
One fitness evaluation starts...
Compilation fails!
One fitness evaluation is finished...
One fitness evaluation starts...
Compilation fails!
One fitness evaluation is finished...
One fitness evaluation starts...
Timeout occurs!
One fitness evaluation is finished...
One fitness evaluation starts...
Compilation fails!
One fitness evaluation is finished...
One fitness evaluation starts...
Compilation fails!
One fitness evaluation is finished...
One fitness evaluation starts...
Compilation fails!
One fitness evaluation is finished...
One fitness evaluation starts...
Number of failed tests: 40
Fitness: 47.0
One fitness evaluation is finished...
One fitness evaluation starts...
Number of failed tests: 12
Fitness: 19.0
One fitness evaluation is finished...
One fitness evaluation starts...
Number of failed tests: 7
Fitness: 14.0
One fitness evaluation is finished...
One fitness evaluation starts...
Compilation fails!
One fitness evaluation is finished...
One fitness evaluation starts...
Compilation fails!
One fitness evaluation is finished...
One fitness evaluation starts...
Compilation fails!
One fitness evaluation is finished...
One fitness evaluation starts...
Compilation fails!
One fitness evaluation is finished...
One fitness evaluation starts...
Compilation fails!
One fitness evaluation is finished...
One fitness evaluation starts...
Timeout occurs!
One fitness evaluation is finished...
One fitness evaluation starts...
Compilation fails!
One fitness evaluation is finished...
One fitness evaluation starts...
Compilation fails!
One fitness evaluation is finished...
One fitness evaluation starts...
Number of failed tests: 11
Fitness: 18.0
One fitness evaluation is finished...
One fitness evaluation starts...
Compilation fails!
One fitness evaluation is finished...
One fitness evaluation starts...
Compilation fails!
One fitness evaluation is finished...
One fitness evaluation starts...
Compilation fails!
One fitness evaluation is finished...
One fitness evaluation starts...
Compilation fails!
One fitness evaluation is finished...
One fitness evaluation starts...
Compilation fails!
One fitness evaluation is finished...
One fitness evaluation starts...
Number of failed tests: 8
Fitness: 15.0
One fitness evaluation is finished...
One fitness evaluation starts...
Compilation fails!
One fitness evaluation is finished...
One fitness evaluation starts...
Timeout occurs!
One fitness evaluation is finished...
One fitness evaluation starts...
Compilation fails!
One fitness evaluation is finished...
One fitness evaluation starts...
Compilation fails!
One fitness evaluation is finished...
One fitness evaluation starts...
Number of failed tests: 40
Fitness: 47.0
One fitness evaluation is finished...
One fitness evaluation starts...
Compilation fails!
One fitness evaluation is finished...
One fitness evaluation starts...
Compilation fails!
One fitness evaluation is finished...
One fitness evaluation starts...
Timeout occurs!
One fitness evaluation is finished...
One fitness evaluation starts...
Compilation fails!
One fitness evaluation is finished...
One fitness evaluation starts...
Timeout occurs!
One fitness evaluation is finished...
One fitness evaluation starts...
Compilation fails!
One fitness evaluation is finished...
One fitness evaluation starts...
Timeout occurs!
One fitness evaluation is finished...
One fitness evaluation starts...
Number of failed tests: 8
Fitness: 15.0
One fitness evaluation is finished...
One fitness evaluation starts...
Compilation fails!
One fitness evaluation is finished...
One fitness evaluation starts...
Compilation fails!
One fitness evaluation is finished...
One fitness evaluation starts...
Compilation fails!
One fitness evaluation is finished...
One fitness evaluation starts...
Compilation fails!
One fitness evaluation is finished...
One fitness evaluation starts...
Timeout occurs!
One fitness evaluation is finished...
One fitness evaluation starts...
Compilation fails!
One fitness evaluation is finished...
One fitness evaluation starts...
Compilation fails!
One fitness evaluation is finished...
One fitness evaluation starts...
Compilation fails!
One fitness evaluation is finished...
One fitness evaluation starts...
Compilation fails!
One fitness evaluation is finished...
One fitness evaluation starts...
Compilation fails!
One fitness evaluation is finished...
One fitness evaluation starts...
Compilation fails!
One fitness evaluation is finished...
One fitness evaluation starts...
Compilation fails!
One fitness evaluation is finished...
One fitness evaluation starts...
Compilation fails!
One fitness evaluation is finished...
One fitness evaluation starts...
Timeout occurs!
One fitness evaluation is finished...
One fitness evaluation starts...
Compilation fails!
One fitness evaluation is finished...
One fitness evaluation starts...
Number of failed tests: 11
Fitness: 18.0
One fitness evaluation is finished...
One fitness evaluation starts...
Compilation fails!
One fitness evaluation is finished...
One fitness evaluation starts...
Compilation fails!
One fitness evaluation is finished...
One fitness evaluation starts...
Compilation fails!
One fitness evaluation is finished...
One fitness evaluation starts...
Compilation fails!
One fitness evaluation is finished...
One fitness evaluation starts...
Compilation fails!
One fitness evaluation is finished...
One fitness evaluation starts...
Compilation fails!
One fitness evaluation is finished...
One fitness evaluation starts...
Compilation fails!
One fitness evaluation is finished...
One fitness evaluation starts...
Compilation fails!
One fitness evaluation is finished...
One fitness evaluation starts...
Compilation fails!
One fitness evaluation is finished...
One fitness evaluation starts...
Number of failed tests: 7
Fitness: 14.0
One fitness evaluation is finished...
One fitness evaluation starts...
Number of failed tests: 9
Fitness: 16.0
One fitness evaluation is finished...
One fitness evaluation starts...
Compilation fails!
One fitness evaluation is finished...
One fitness evaluation starts...
Compilation fails!
One fitness evaluation is finished...
One fitness evaluation starts...
Number of failed tests: 9
Fitness: 16.0
One fitness evaluation is finished...
One fitness evaluation starts...
Compilation fails!
One fitness evaluation is finished...
One fitness evaluation starts...
Compilation fails!
One fitness evaluation is finished...
One fitness evaluation starts...
Compilation fails!
One fitness evaluation is finished...
One fitness evaluation starts...
Compilation fails!
One fitness evaluation is finished...
One fitness evaluation starts...
Compilation fails!
One fitness evaluation is finished...
One fitness evaluation starts...
Compilation fails!
One fitness evaluation is finished...
One fitness evaluation starts...
Number of failed tests: 13
Fitness: 20.0
One fitness evaluation is finished...
One fitness evaluation starts...
Compilation fails!
One fitness evaluation is finished...
One fitness evaluation starts...
Compilation fails!
One fitness evaluation is finished...
One fitness evaluation starts...
Compilation fails!
One fitness evaluation is finished...
One fitness evaluation starts...
Compilation fails!
One fitness evaluation is finished...
One fitness evaluation starts...
Compilation fails!
One fitness evaluation is finished...
One fitness evaluation starts...
Compilation fails!
One fitness evaluation is finished...
One fitness evaluation starts...
java.io.IOException: No space left on device
	at java.io.FileOutputStream.writeBytes(Native Method)
	at java.io.FileOutputStream.write(FileOutputStream.java:345)
	at org.apache.commons.io.FileUtils.writeByteArrayToFile(FileUtils.java:2194)
	at org.apache.commons.io.FileUtils.writeByteArrayToFile(FileUtils.java:2155)
	at org.apache.commons.io.FileUtils.writeByteArrayToFile(FileUtils.java:2140)
	at us.msu.cse.repair.core.util.IO.saveCompiledClasses(IO.java:254)
	at us.msu.cse.repair.core.AbstractRepairProblem.getTestExecutor(AbstractRepairProblem.java:712)
	at us.msu.cse.repair.ec.problems.GenProgProblem.invokeTestExecutor(GenProgProblem.java:152)
	at us.msu.cse.repair.ec.problems.GenProgProblem.evaluate(GenProgProblem.java:102)
	at us.msu.cse.repair.ec.algorithms.RSRepairRandomSearch.execute(RSRepairRandomSearch.java:34)
	at us.msu.cse.repair.core.AbstractRepairAlgorithm.execute(AbstractRepairAlgorithm.java:18)
	at us.msu.cse.repair.RSRepairMain.main(RSRepairMain.java:44)
	at us.msu.cse.repair.Main.main(Main.java:12)
One fitness evaluation is finished...
One fitness evaluation starts...
Compilation fails!
One fitness evaluation is finished...
One fitness evaluation starts...
Compilation fails!
One fitness evaluation is finished...
One fitness evaluation starts...
Compilation fails!
One fitness evaluation is finished...
One fitness evaluation starts...
Compilation fails!
One fitness evaluation is finished...
One fitness evaluation starts...
Compilation fails!
One fitness evaluation is finished...
One fitness evaluation starts...
Compilation fails!
One fitness evaluation is finished...
One fitness evaluation starts...
Compilation fails!
One fitness evaluation is finished...
One fitness evaluation starts...
Compilation fails!
One fitness evaluation is finished...
One fitness evaluation starts...
Compilation fails!
One fitness evaluation is finished...
One fitness evaluation starts...
Compilation fails!
One fitness evaluation is finished...
One fitness evaluation starts...
Compilation fails!
One fitness evaluation is finished...
One fitness evaluation starts...
Compilation fails!
One fitness evaluation is finished...
One fitness evaluation starts...
java.io.IOException: Directory '/tmp/working_zfzt/bin_145/org/joda/time' could not be created
	at org.apache.commons.io.FileUtils.openOutputStream(FileUtils.java:356)
	at org.apache.commons.io.FileUtils.writeByteArrayToFile(FileUtils.java:2193)
	at org.apache.commons.io.FileUtils.writeByteArrayToFile(FileUtils.java:2155)
	at org.apache.commons.io.FileUtils.writeByteArrayToFile(FileUtils.java:2140)
	at us.msu.cse.repair.core.util.IO.saveCompiledClasses(IO.java:254)
	at us.msu.cse.repair.core.AbstractRepairProblem.getTestExecutor(AbstractRepairProblem.java:712)
	at us.msu.cse.repair.ec.problems.GenProgProblem.invokeTestExecutor(GenProgProblem.java:152)
	at us.msu.cse.repair.ec.problems.GenProgProblem.evaluate(GenProgProblem.java:102)
	at us.msu.cse.repair.ec.algorithms.RSRepairRandomSearch.execute(RSRepairRandomSearch.java:34)
	at us.msu.cse.repair.core.AbstractRepairAlgorithm.execute(AbstractRepairAlgorithm.java:18)
	at us.msu.cse.repair.RSRepairMain.main(RSRepairMain.java:44)
	at us.msu.cse.repair.Main.main(Main.java:12)
One fitness evaluation is finished...
One fitness evaluation starts...
java.io.IOException: Directory '/tmp/working_zfzt/bin_146/org/joda/time' could not be created
	at org.apache.commons.io.FileUtils.openOutputStream(FileUtils.java:356)
	at org.apache.commons.io.FileUtils.writeByteArrayToFile(FileUtils.java:2193)
	at org.apache.commons.io.FileUtils.writeByteArrayToFile(FileUtils.java:2155)
	at org.apache.commons.io.FileUtils.writeByteArrayToFile(FileUtils.java:2140)
	at us.msu.cse.repair.core.util.IO.saveCompiledClasses(IO.java:254)
	at us.msu.cse.repair.core.AbstractRepairProblem.getTestExecutor(AbstractRepairProblem.java:712)
	at us.msu.cse.repair.ec.problems.GenProgProblem.invokeTestExecutor(GenProgProblem.java:152)
	at us.msu.cse.repair.ec.problems.GenProgProblem.evaluate(GenProgProblem.java:102)
	at us.msu.cse.repair.ec.algorithms.RSRepairRandomSearch.execute(RSRepairRandomSearch.java:34)
	at us.msu.cse.repair.core.AbstractRepairAlgorithm.execute(AbstractRepairAlgorithm.java:18)
	at us.msu.cse.repair.RSRepairMain.main(RSRepairMain.java:44)
	at us.msu.cse.repair.Main.main(Main.java:12)
One fitness evaluation is finished...
One fitness evaluation starts...
java.io.IOException: Directory '/tmp/working_zfzt/bin_147/org/joda/time/format' could not be created
	at org.apache.commons.io.FileUtils.openOutputStream(FileUtils.java:356)
	at org.apache.commons.io.FileUtils.writeByteArrayToFile(FileUtils.java:2193)
	at org.apache.commons.io.FileUtils.writeByteArrayToFile(FileUtils.java:2155)
	at org.apache.commons.io.FileUtils.writeByteArrayToFile(FileUtils.java:2140)
	at us.msu.cse.repair.core.util.IO.saveCompiledClasses(IO.java:254)
	at us.msu.cse.repair.core.AbstractRepairProblem.getTestExecutor(AbstractRepairProblem.java:712)
	at us.msu.cse.repair.ec.problems.GenProgProblem.invokeTestExecutor(GenProgProblem.java:152)
	at us.msu.cse.repair.ec.problems.GenProgProblem.evaluate(GenProgProblem.java:102)
	at us.msu.cse.repair.ec.algorithms.RSRepairRandomSearch.execute(RSRepairRandomSearch.java:34)
	at us.msu.cse.repair.core.AbstractRepairAlgorithm.execute(AbstractRepairAlgorithm.java:18)
	at us.msu.cse.repair.RSRepairMain.main(RSRepairMain.java:44)
	at us.msu.cse.repair.Main.main(Main.java:12)
One fitness evaluation is finished...
One fitness evaluation starts...
Compilation fails!
One fitness evaluation is finished...
One fitness evaluation starts...
Compilation fails!
One fitness evaluation is finished...
One fitness evaluation starts...
Compilation fails!
One fitness evaluation is finished...
One fitness evaluation starts...
Compilation fails!
One fitness evaluation is finished...
One fitness evaluation starts...
Compilation fails!
One fitness evaluation is finished...
One fitness evaluation starts...
Compilation fails!
One fitness evaluation is finished...
One fitness evaluation starts...
Compilation fails!
One fitness evaluation is finished...
One fitness evaluation starts...
Compilation fails!
One fitness evaluation is finished...
One fitness evaluation starts...
java.io.IOException: Directory '/tmp/working_zfzt/bin_148/org/joda/time' could not be created
	at org.apache.commons.io.FileUtils.openOutputStream(FileUtils.java:356)
	at org.apache.commons.io.FileUtils.writeByteArrayToFile(FileUtils.java:2193)
	at org.apache.commons.io.FileUtils.writeByteArrayToFile(FileUtils.java:2155)
	at org.apache.commons.io.FileUtils.writeByteArrayToFile(FileUtils.java:2140)
	at us.msu.cse.repair.core.util.IO.saveCompiledClasses(IO.java:254)
	at us.msu.cse.repair.core.AbstractRepairProblem.getTestExecutor(AbstractRepairProblem.java:712)
	at us.msu.cse.repair.ec.problems.GenProgProblem.invokeTestExecutor(GenProgProblem.java:152)
	at us.msu.cse.repair.ec.problems.GenProgProblem.evaluate(GenProgProblem.java:102)
	at us.msu.cse.repair.ec.algorithms.RSRepairRandomSearch.execute(RSRepairRandomSearch.java:34)
	at us.msu.cse.repair.core.AbstractRepairAlgorithm.execute(AbstractRepairAlgorithm.java:18)
	at us.msu.cse.repair.RSRepairMain.main(RSRepairMain.java:44)
	at us.msu.cse.repair.Main.main(Main.java:12)
One fitness evaluation is finished...
One fitness evaluation starts...
Compilation fails!
One fitness evaluation is finished...
One fitness evaluation starts...
java.io.IOException: Directory '/tmp/working_zfzt/bin_149/org/joda/time' could not be created
	at org.apache.commons.io.FileUtils.openOutputStream(FileUtils.java:356)
	at org.apache.commons.io.FileUtils.writeByteArrayToFile(FileUtils.java:2193)
	at org.apache.commons.io.FileUtils.writeByteArrayToFile(FileUtils.java:2155)
	at org.apache.commons.io.FileUtils.writeByteArrayToFile(FileUtils.java:2140)
	at us.msu.cse.repair.core.util.IO.saveCompiledClasses(IO.java:254)
	at us.msu.cse.repair.core.AbstractRepairProblem.getTestExecutor(AbstractRepairProblem.java:712)
	at us.msu.cse.repair.ec.problems.GenProgProblem.invokeTestExecutor(GenProgProblem.java:152)
	at us.msu.cse.repair.ec.problems.GenProgProblem.evaluate(GenProgProblem.java:102)
	at us.msu.cse.repair.ec.algorithms.RSRepairRandomSearch.execute(RSRepairRandomSearch.java:34)
	at us.msu.cse.repair.core.AbstractRepairAlgorithm.execute(AbstractRepairAlgorithm.java:18)
	at us.msu.cse.repair.RSRepairMain.main(RSRepairMain.java:44)
	at us.msu.cse.repair.Main.main(Main.java:12)
One fitness evaluation is finished...
One fitness evaluation starts...
Compilation fails!
One fitness evaluation is finished...
One fitness evaluation starts...
java.io.IOException: Directory '/tmp/working_zfzt/bin_150/org/joda/time' could not be created
	at org.apache.commons.io.FileUtils.openOutputStream(FileUtils.java:356)
	at org.apache.commons.io.FileUtils.writeByteArrayToFile(FileUtils.java:2193)
	at org.apache.commons.io.FileUtils.writeByteArrayToFile(FileUtils.java:2155)
	at org.apache.commons.io.FileUtils.writeByteArrayToFile(FileUtils.java:2140)
	at us.msu.cse.repair.core.util.IO.saveCompiledClasses(IO.java:254)
	at us.msu.cse.repair.core.AbstractRepairProblem.getTestExecutor(AbstractRepairProblem.java:712)
	at us.msu.cse.repair.ec.problems.GenProgProblem.invokeTestExecutor(GenProgProblem.java:152)
	at us.msu.cse.repair.ec.problems.GenProgProblem.evaluate(GenProgProblem.java:102)
	at us.msu.cse.repair.ec.algorithms.RSRepairRandomSearch.execute(RSRepairRandomSearch.java:34)
	at us.msu.cse.repair.core.AbstractRepairAlgorithm.execute(AbstractRepairAlgorithm.java:18)
	at us.msu.cse.repair.RSRepairMain.main(RSRepairMain.java:44)
	at us.msu.cse.repair.Main.main(Main.java:12)
One fitness evaluation is finished...
One fitness evaluation starts...
java.io.IOException: Directory '/tmp/working_zfzt/bin_151/org/joda/time' could not be created
	at org.apache.commons.io.FileUtils.openOutputStream(FileUtils.java:356)
	at org.apache.commons.io.FileUtils.writeByteArrayToFile(FileUtils.java:2193)
	at org.apache.commons.io.FileUtils.writeByteArrayToFile(FileUtils.java:2155)
	at org.apache.commons.io.FileUtils.writeByteArrayToFile(FileUtils.java:2140)
	at us.msu.cse.repair.core.util.IO.saveCompiledClasses(IO.java:254)
	at us.msu.cse.repair.core.AbstractRepairProblem.getTestExecutor(AbstractRepairProblem.java:712)
	at us.msu.cse.repair.ec.problems.GenProgProblem.invokeTestExecutor(GenProgProblem.java:152)
	at us.msu.cse.repair.ec.problems.GenProgProblem.evaluate(GenProgProblem.java:102)
	at us.msu.cse.repair.ec.algorithms.RSRepairRandomSearch.execute(RSRepairRandomSearch.java:34)
	at us.msu.cse.repair.core.AbstractRepairAlgorithm.execute(AbstractRepairAlgorithm.java:18)
	at us.msu.cse.repair.RSRepairMain.main(RSRepairMain.java:44)
	at us.msu.cse.repair.Main.main(Main.java:12)
One fitness evaluation is finished...
One fitness evaluation starts...
Compilation fails!
One fitness evaluation is finished...
One fitness evaluation starts...
Compilation fails!
One fitness evaluation is finished...
One fitness evaluation starts...
Compilation fails!
One fitness evaluation is finished...
One fitness evaluation starts...
Compilation fails!
One fitness evaluation is finished...
One fitness evaluation starts...
Compilation fails!
One fitness evaluation is finished...
One fitness evaluation starts...
Compilation fails!
One fitness evaluation is finished...
One fitness evaluation starts...
Compilation fails!
One fitness evaluation is finished...
One fitness evaluation starts...
Compilation fails!
One fitness evaluation is finished...
One fitness evaluation starts...
Compilation fails!
One fitness evaluation is finished...
One fitness evaluation starts...
java.io.IOException: Directory '/tmp/working_zfzt/bin_152/org/joda/time' could not be created
	at org.apache.commons.io.FileUtils.openOutputStream(FileUtils.java:356)
	at org.apache.commons.io.FileUtils.writeByteArrayToFile(FileUtils.java:2193)
	at org.apache.commons.io.FileUtils.writeByteArrayToFile(FileUtils.java:2155)
	at org.apache.commons.io.FileUtils.writeByteArrayToFile(FileUtils.java:2140)
	at us.msu.cse.repair.core.util.IO.saveCompiledClasses(IO.java:254)
	at us.msu.cse.repair.core.AbstractRepairProblem.getTestExecutor(AbstractRepairProblem.java:712)
	at us.msu.cse.repair.ec.problems.GenProgProblem.invokeTestExecutor(GenProgProblem.java:152)
	at us.msu.cse.repair.ec.problems.GenProgProblem.evaluate(GenProgProblem.java:102)
	at us.msu.cse.repair.ec.algorithms.RSRepairRandomSearch.execute(RSRepairRandomSearch.java:34)
	at us.msu.cse.repair.core.AbstractRepairAlgorithm.execute(AbstractRepairAlgorithm.java:18)
	at us.msu.cse.repair.RSRepairMain.main(RSRepairMain.java:44)
	at us.msu.cse.repair.Main.main(Main.java:12)
One fitness evaluation is finished...
One fitness evaluation starts...
Compilation fails!
One fitness evaluation is finished...
One fitness evaluation starts...
Compilation fails!
One fitness evaluation is finished...
One fitness evaluation starts...
Compilation fails!
One fitness evaluation is finished...
One fitness evaluation starts...
java.io.IOException: Directory '/tmp/working_zfzt/bin_153/org/joda/time' could not be created
	at org.apache.commons.io.FileUtils.openOutputStream(FileUtils.java:356)
	at org.apache.commons.io.FileUtils.writeByteArrayToFile(FileUtils.java:2193)
	at org.apache.commons.io.FileUtils.writeByteArrayToFile(FileUtils.java:2155)
	at org.apache.commons.io.FileUtils.writeByteArrayToFile(FileUtils.java:2140)
	at us.msu.cse.repair.core.util.IO.saveCompiledClasses(IO.java:254)
	at us.msu.cse.repair.core.AbstractRepairProblem.getTestExecutor(AbstractRepairProblem.java:712)
	at us.msu.cse.repair.ec.problems.GenProgProblem.invokeTestExecutor(GenProgProblem.java:152)
	at us.msu.cse.repair.ec.problems.GenProgProblem.evaluate(GenProgProblem.java:102)
	at us.msu.cse.repair.ec.algorithms.RSRepairRandomSearch.execute(RSRepairRandomSearch.java:34)
	at us.msu.cse.repair.core.AbstractRepairAlgorithm.execute(AbstractRepairAlgorithm.java:18)
	at us.msu.cse.repair.RSRepairMain.main(RSRepairMain.java:44)
	at us.msu.cse.repair.Main.main(Main.java:12)
One fitness evaluation is finished...
One fitness evaluation starts...
Compilation fails!
One fitness evaluation is finished...
One fitness evaluation starts...
Compilation fails!
One fitness evaluation is finished...
One fitness evaluation starts...
Compilation fails!
One fitness evaluation is finished...
One fitness evaluation starts...
Compilation fails!
One fitness evaluation is finished...
One fitness evaluation starts...
Compilation fails!
One fitness evaluation is finished...
One fitness evaluation starts...
Compilation fails!
One fitness evaluation is finished...
One fitness evaluation starts...
Compilation fails!
One fitness evaluation is finished...
One fitness evaluation starts...
Compilation fails!
One fitness evaluation is finished...
One fitness evaluation starts...
java.io.IOException: Directory '/tmp/working_zfzt/bin_154/org/joda/time' could not be created
	at org.apache.commons.io.FileUtils.openOutputStream(FileUtils.java:356)
	at org.apache.commons.io.FileUtils.writeByteArrayToFile(FileUtils.java:2193)
	at org.apache.commons.io.FileUtils.writeByteArrayToFile(FileUtils.java:2155)
	at org.apache.commons.io.FileUtils.writeByteArrayToFile(FileUtils.java:2140)
	at us.msu.cse.repair.core.util.IO.saveCompiledClasses(IO.java:254)
	at us.msu.cse.repair.core.AbstractRepairProblem.getTestExecutor(AbstractRepairProblem.java:712)
	at us.msu.cse.repair.ec.problems.GenProgProblem.invokeTestExecutor(GenProgProblem.java:152)
	at us.msu.cse.repair.ec.problems.GenProgProblem.evaluate(GenProgProblem.java:102)
	at us.msu.cse.repair.ec.algorithms.RSRepairRandomSearch.execute(RSRepairRandomSearch.java:34)
	at us.msu.cse.repair.core.AbstractRepairAlgorithm.execute(AbstractRepairAlgorithm.java:18)
	at us.msu.cse.repair.RSRepairMain.main(RSRepairMain.java:44)
	at us.msu.cse.repair.Main.main(Main.java:12)
One fitness evaluation is finished...
One fitness evaluation starts...
Compilation fails!
One fitness evaluation is finished...
One fitness evaluation starts...
Compilation fails!
One fitness evaluation is finished...
One fitness evaluation starts...
java.io.IOException: Directory '/tmp/working_zfzt/bin_155/org/joda/time' could not be created
	at org.apache.commons.io.FileUtils.openOutputStream(FileUtils.java:356)
	at org.apache.commons.io.FileUtils.writeByteArrayToFile(FileUtils.java:2193)
	at org.apache.commons.io.FileUtils.writeByteArrayToFile(FileUtils.java:2155)
	at org.apache.commons.io.FileUtils.writeByteArrayToFile(FileUtils.java:2140)
	at us.msu.cse.repair.core.util.IO.saveCompiledClasses(IO.java:254)
	at us.msu.cse.repair.core.AbstractRepairProblem.getTestExecutor(AbstractRepairProblem.java:712)
	at us.msu.cse.repair.ec.problems.GenProgProblem.invokeTestExecutor(GenProgProblem.java:152)
	at us.msu.cse.repair.ec.problems.GenProgProblem.evaluate(GenProgProblem.java:102)
	at us.msu.cse.repair.ec.algorithms.RSRepairRandomSearch.execute(RSRepairRandomSearch.java:34)
	at us.msu.cse.repair.core.AbstractRepairAlgorithm.execute(AbstractRepairAlgorithm.java:18)
	at us.msu.cse.repair.RSRepairMain.main(RSRepairMain.java:44)
	at us.msu.cse.repair.Main.main(Main.java:12)
One fitness evaluation is finished...
One fitness evaluation starts...
Compilation fails!
One fitness evaluation is finished...
One fitness evaluation starts...
Compilation fails!
One fitness evaluation is finished...
One fitness evaluation starts...
Compilation fails!
One fitness evaluation is finished...
One fitness evaluation starts...
Compilation fails!
One fitness evaluation is finished...
One fitness evaluation starts...
Compilation fails!
One fitness evaluation is finished...
One fitness evaluation starts...
Compilation fails!
One fitness evaluation is finished...
One fitness evaluation starts...
Compilation fails!
One fitness evaluation is finished...
One fitness evaluation starts...
Compilation fails!
One fitness evaluation is finished...
One fitness evaluation starts...
Compilation fails!
One fitness evaluation is finished...
One fitness evaluation starts...
Compilation fails!
One fitness evaluation is finished...
One fitness evaluation starts...
java.io.IOException: Directory '/tmp/working_zfzt/bin_156/org/joda/time' could not be created
	at org.apache.commons.io.FileUtils.openOutputStream(FileUtils.java:356)
	at org.apache.commons.io.FileUtils.writeByteArrayToFile(FileUtils.java:2193)
	at org.apache.commons.io.FileUtils.writeByteArrayToFile(FileUtils.java:2155)
	at org.apache.commons.io.FileUtils.writeByteArrayToFile(FileUtils.java:2140)
	at us.msu.cse.repair.core.util.IO.saveCompiledClasses(IO.java:254)
	at us.msu.cse.repair.core.AbstractRepairProblem.getTestExecutor(AbstractRepairProblem.java:712)
	at us.msu.cse.repair.ec.problems.GenProgProblem.invokeTestExecutor(GenProgProblem.java:152)
	at us.msu.cse.repair.ec.problems.GenProgProblem.evaluate(GenProgProblem.java:102)
	at us.msu.cse.repair.ec.algorithms.RSRepairRandomSearch.execute(RSRepairRandomSearch.java:34)
	at us.msu.cse.repair.core.AbstractRepairAlgorithm.execute(AbstractRepairAlgorithm.java:18)
	at us.msu.cse.repair.RSRepairMain.main(RSRepairMain.java:44)
	at us.msu.cse.repair.Main.main(Main.java:12)
One fitness evaluation is finished...
One fitness evaluation starts...
Compilation fails!
One fitness evaluation is finished...
One fitness evaluation starts...
Compilation fails!
One fitness evaluation is finished...
One fitness evaluation starts...
java.io.IOException: Directory '/tmp/working_zfzt/bin_157/org/joda/time' could not be created
	at org.apache.commons.io.FileUtils.openOutputStream(FileUtils.java:356)
	at org.apache.commons.io.FileUtils.writeByteArrayToFile(FileUtils.java:2193)
	at org.apache.commons.io.FileUtils.writeByteArrayToFile(FileUtils.java:2155)
	at org.apache.commons.io.FileUtils.writeByteArrayToFile(FileUtils.java:2140)
	at us.msu.cse.repair.core.util.IO.saveCompiledClasses(IO.java:254)
	at us.msu.cse.repair.core.AbstractRepairProblem.getTestExecutor(AbstractRepairProblem.java:712)
	at us.msu.cse.repair.ec.problems.GenProgProblem.invokeTestExecutor(GenProgProblem.java:152)
	at us.msu.cse.repair.ec.problems.GenProgProblem.evaluate(GenProgProblem.java:102)
	at us.msu.cse.repair.ec.algorithms.RSRepairRandomSearch.execute(RSRepairRandomSearch.java:34)
	at us.msu.cse.repair.core.AbstractRepairAlgorithm.execute(AbstractRepairAlgorithm.java:18)
	at us.msu.cse.repair.RSRepairMain.main(RSRepairMain.java:44)
	at us.msu.cse.repair.Main.main(Main.java:12)
One fitness evaluation is finished...
One fitness evaluation starts...
Compilation fails!
One fitness evaluation is finished...
One fitness evaluation starts...
Compilation fails!
One fitness evaluation is finished...
One fitness evaluation starts...
Compilation fails!
One fitness evaluation is finished...
One fitness evaluation starts...
Compilation fails!
One fitness evaluation is finished...
One fitness evaluation starts...
Compilation fails!
One fitness evaluation is finished...
One fitness evaluation starts...
Compilation fails!
One fitness evaluation is finished...
One fitness evaluation starts...
Compilation fails!
One fitness evaluation is finished...
One fitness evaluation starts...
Compilation fails!
One fitness evaluation is finished...
One fitness evaluation starts...
java.io.IOException: Directory '/tmp/working_zfzt/bin_158/org/joda/time' could not be created
	at org.apache.commons.io.FileUtils.openOutputStream(FileUtils.java:356)
	at org.apache.commons.io.FileUtils.writeByteArrayToFile(FileUtils.java:2193)
	at org.apache.commons.io.FileUtils.writeByteArrayToFile(FileUtils.java:2155)
	at org.apache.commons.io.FileUtils.writeByteArrayToFile(FileUtils.java:2140)
	at us.msu.cse.repair.core.util.IO.saveCompiledClasses(IO.java:254)
	at us.msu.cse.repair.core.AbstractRepairProblem.getTestExecutor(AbstractRepairProblem.java:712)
	at us.msu.cse.repair.ec.problems.GenProgProblem.invokeTestExecutor(GenProgProblem.java:152)
	at us.msu.cse.repair.ec.problems.GenProgProblem.evaluate(GenProgProblem.java:102)
	at us.msu.cse.repair.ec.algorithms.RSRepairRandomSearch.execute(RSRepairRandomSearch.java:34)
	at us.msu.cse.repair.core.AbstractRepairAlgorithm.execute(AbstractRepairAlgorithm.java:18)
	at us.msu.cse.repair.RSRepairMain.main(RSRepairMain.java:44)
	at us.msu.cse.repair.Main.main(Main.java:12)
One fitness evaluation is finished...
One fitness evaluation starts...
Compilation fails!
One fitness evaluation is finished...
One fitness evaluation starts...
Compilation fails!
One fitness evaluation is finished...
One fitness evaluation starts...
Compilation fails!
One fitness evaluation is finished...
One fitness evaluation starts...
java.io.IOException: Directory '/tmp/working_zfzt/bin_159/org/joda/time' could not be created
	at org.apache.commons.io.FileUtils.openOutputStream(FileUtils.java:356)
	at org.apache.commons.io.FileUtils.writeByteArrayToFile(FileUtils.java:2193)
	at org.apache.commons.io.FileUtils.writeByteArrayToFile(FileUtils.java:2155)
	at org.apache.commons.io.FileUtils.writeByteArrayToFile(FileUtils.java:2140)
	at us.msu.cse.repair.core.util.IO.saveCompiledClasses(IO.java:254)
	at us.msu.cse.repair.core.AbstractRepairProblem.getTestExecutor(AbstractRepairProblem.java:712)
	at us.msu.cse.repair.ec.problems.GenProgProblem.invokeTestExecutor(GenProgProblem.java:152)
	at us.msu.cse.repair.ec.problems.GenProgProblem.evaluate(GenProgProblem.java:102)
	at us.msu.cse.repair.ec.algorithms.RSRepairRandomSearch.execute(RSRepairRandomSearch.java:34)
	at us.msu.cse.repair.core.AbstractRepairAlgorithm.execute(AbstractRepairAlgorithm.java:18)
	at us.msu.cse.repair.RSRepairMain.main(RSRepairMain.java:44)
	at us.msu.cse.repair.Main.main(Main.java:12)
One fitness evaluation is finished...
One fitness evaluation starts...
Compilation fails!
One fitness evaluation is finished...
One fitness evaluation starts...
Compilation fails!
One fitness evaluation is finished...
One fitness evaluation starts...
Compilation fails!
One fitness evaluation is finished...
One fitness evaluation starts...
Compilation fails!
One fitness evaluation is finished...
One fitness evaluation starts...
Compilation fails!
One fitness evaluation is finished...
One fitness evaluation starts...
Compilation fails!
One fitness evaluation is finished...
One fitness evaluation starts...
Compilation fails!
One fitness evaluation is finished...
One fitness evaluation starts...
Compilation fails!
One fitness evaluation is finished...
One fitness evaluation starts...
Compilation fails!
One fitness evaluation is finished...
One fitness evaluation starts...
Compilation fails!
One fitness evaluation is finished...
One fitness evaluation starts...
java.io.IOException: Directory '/tmp/working_zfzt/bin_160/org/joda/time' could not be created
	at org.apache.commons.io.FileUtils.openOutputStream(FileUtils.java:356)
	at org.apache.commons.io.FileUtils.writeByteArrayToFile(FileUtils.java:2193)
	at org.apache.commons.io.FileUtils.writeByteArrayToFile(FileUtils.java:2155)
	at org.apache.commons.io.FileUtils.writeByteArrayToFile(FileUtils.java:2140)
	at us.msu.cse.repair.core.util.IO.saveCompiledClasses(IO.java:254)
	at us.msu.cse.repair.core.AbstractRepairProblem.getTestExecutor(AbstractRepairProblem.java:712)
	at us.msu.cse.repair.ec.problems.GenProgProblem.invokeTestExecutor(GenProgProblem.java:152)
	at us.msu.cse.repair.ec.problems.GenProgProblem.evaluate(GenProgProblem.java:102)
	at us.msu.cse.repair.ec.algorithms.RSRepairRandomSearch.execute(RSRepairRandomSearch.java:34)
	at us.msu.cse.repair.core.AbstractRepairAlgorithm.execute(AbstractRepairAlgorithm.java:18)
	at us.msu.cse.repair.RSRepairMain.main(RSRepairMain.java:44)
	at us.msu.cse.repair.Main.main(Main.java:12)
One fitness evaluation is finished...
One fitness evaluation starts...
Compilation fails!
One fitness evaluation is finished...
One fitness evaluation starts...
java.io.IOException: Directory '/tmp/working_zfzt/bin_161/org/joda/time/format' could not be created
	at org.apache.commons.io.FileUtils.openOutputStream(FileUtils.java:356)
	at org.apache.commons.io.FileUtils.writeByteArrayToFile(FileUtils.java:2193)
	at org.apache.commons.io.FileUtils.writeByteArrayToFile(FileUtils.java:2155)
	at org.apache.commons.io.FileUtils.writeByteArrayToFile(FileUtils.java:2140)
	at us.msu.cse.repair.core.util.IO.saveCompiledClasses(IO.java:254)
	at us.msu.cse.repair.core.AbstractRepairProblem.getTestExecutor(AbstractRepairProblem.java:712)
	at us.msu.cse.repair.ec.problems.GenProgProblem.invokeTestExecutor(GenProgProblem.java:152)
	at us.msu.cse.repair.ec.problems.GenProgProblem.evaluate(GenProgProblem.java:102)
	at us.msu.cse.repair.ec.algorithms.RSRepairRandomSearch.execute(RSRepairRandomSearch.java:34)
	at us.msu.cse.repair.core.AbstractRepairAlgorithm.execute(AbstractRepairAlgorithm.java:18)
	at us.msu.cse.repair.RSRepairMain.main(RSRepairMain.java:44)
	at us.msu.cse.repair.Main.main(Main.java:12)
One fitness evaluation is finished...
One fitness evaluation starts...
Compilation fails!
One fitness evaluation is finished...
One fitness evaluation starts...
Compilation fails!
One fitness evaluation is finished...
One fitness evaluation starts...
Compilation fails!
One fitness evaluation is finished...
One fitness evaluation starts...
Compilation fails!
One fitness evaluation is finished...
One fitness evaluation starts...
Compilation fails!
One fitness evaluation is finished...
One fitness evaluation starts...
Compilation fails!
One fitness evaluation is finished...
One fitness evaluation starts...
java.io.IOException: Directory '/tmp/working_zfzt/bin_162/org/joda/time' could not be created
	at org.apache.commons.io.FileUtils.openOutputStream(FileUtils.java:356)
	at org.apache.commons.io.FileUtils.writeByteArrayToFile(FileUtils.java:2193)
	at org.apache.commons.io.FileUtils.writeByteArrayToFile(FileUtils.java:2155)
	at org.apache.commons.io.FileUtils.writeByteArrayToFile(FileUtils.java:2140)
	at us.msu.cse.repair.core.util.IO.saveCompiledClasses(IO.java:254)
	at us.msu.cse.repair.core.AbstractRepairProblem.getTestExecutor(AbstractRepairProblem.java:712)
	at us.msu.cse.repair.ec.problems.GenProgProblem.invokeTestExecutor(GenProgProblem.java:152)
	at us.msu.cse.repair.ec.problems.GenProgProblem.evaluate(GenProgProblem.java:102)
	at us.msu.cse.repair.ec.algorithms.RSRepairRandomSearch.execute(RSRepairRandomSearch.java:34)
	at us.msu.cse.repair.core.AbstractRepairAlgorithm.execute(AbstractRepairAlgorithm.java:18)
	at us.msu.cse.repair.RSRepairMain.main(RSRepairMain.java:44)
	at us.msu.cse.repair.Main.main(Main.java:12)
One fitness evaluation is finished...
One fitness evaluation starts...
java.io.IOException: Directory '/tmp/working_zfzt/bin_163/org/joda/time' could not be created
	at org.apache.commons.io.FileUtils.openOutputStream(FileUtils.java:356)
	at org.apache.commons.io.FileUtils.writeByteArrayToFile(FileUtils.java:2193)
	at org.apache.commons.io.FileUtils.writeByteArrayToFile(FileUtils.java:2155)
	at org.apache.commons.io.FileUtils.writeByteArrayToFile(FileUtils.java:2140)
	at us.msu.cse.repair.core.util.IO.saveCompiledClasses(IO.java:254)
	at us.msu.cse.repair.core.AbstractRepairProblem.getTestExecutor(AbstractRepairProblem.java:712)
	at us.msu.cse.repair.ec.problems.GenProgProblem.invokeTestExecutor(GenProgProblem.java:152)
	at us.msu.cse.repair.ec.problems.GenProgProblem.evaluate(GenProgProblem.java:102)
	at us.msu.cse.repair.ec.algorithms.RSRepairRandomSearch.execute(RSRepairRandomSearch.java:34)
	at us.msu.cse.repair.core.AbstractRepairAlgorithm.execute(AbstractRepairAlgorithm.java:18)
	at us.msu.cse.repair.RSRepairMain.main(RSRepairMain.java:44)
	at us.msu.cse.repair.Main.main(Main.java:12)
One fitness evaluation is finished...
One fitness evaluation starts...
Compilation fails!
One fitness evaluation is finished...
One fitness evaluation starts...
Compilation fails!
One fitness evaluation is finished...
One fitness evaluation starts...
Compilation fails!
One fitness evaluation is finished...
One fitness evaluation starts...
Compilation fails!
One fitness evaluation is finished...
One fitness evaluation starts...
Compilation fails!
One fitness evaluation is finished...
One fitness evaluation starts...
Compilation fails!
One fitness evaluation is finished...
One fitness evaluation starts...
Compilation fails!
One fitness evaluation is finished...
One fitness evaluation starts...
Compilation fails!
One fitness evaluation is finished...
One fitness evaluation starts...
Compilation fails!
One fitness evaluation is finished...
One fitness evaluation starts...
Compilation fails!
One fitness evaluation is finished...
One fitness evaluation starts...
Compilation fails!
One fitness evaluation is finished...
One fitness evaluation starts...
Compilation fails!
One fitness evaluation is finished...
One fitness evaluation starts...
java.io.IOException: Directory '/tmp/working_zfzt/bin_164/org/joda/time/format' could not be created
	at org.apache.commons.io.FileUtils.openOutputStream(FileUtils.java:356)
	at org.apache.commons.io.FileUtils.writeByteArrayToFile(FileUtils.java:2193)
	at org.apache.commons.io.FileUtils.writeByteArrayToFile(FileUtils.java:2155)
	at org.apache.commons.io.FileUtils.writeByteArrayToFile(FileUtils.java:2140)
	at us.msu.cse.repair.core.util.IO.saveCompiledClasses(IO.java:254)
	at us.msu.cse.repair.core.AbstractRepairProblem.getTestExecutor(AbstractRepairProblem.java:712)
	at us.msu.cse.repair.ec.problems.GenProgProblem.invokeTestExecutor(GenProgProblem.java:152)
	at us.msu.cse.repair.ec.problems.GenProgProblem.evaluate(GenProgProblem.java:102)
	at us.msu.cse.repair.ec.algorithms.RSRepairRandomSearch.execute(RSRepairRandomSearch.java:34)
	at us.msu.cse.repair.core.AbstractRepairAlgorithm.execute(AbstractRepairAlgorithm.java:18)
	at us.msu.cse.repair.RSRepairMain.main(RSRepairMain.java:44)
	at us.msu.cse.repair.Main.main(Main.java:12)
One fitness evaluation is finished...
One fitness evaluation starts...
Compilation fails!
One fitness evaluation is finished...
One fitness evaluation starts...
java.io.IOException: Directory '/tmp/working_zfzt/bin_165/org/joda/time' could not be created
	at org.apache.commons.io.FileUtils.openOutputStream(FileUtils.java:356)
	at org.apache.commons.io.FileUtils.writeByteArrayToFile(FileUtils.java:2193)
	at org.apache.commons.io.FileUtils.writeByteArrayToFile(FileUtils.java:2155)
	at org.apache.commons.io.FileUtils.writeByteArrayToFile(FileUtils.java:2140)
	at us.msu.cse.repair.core.util.IO.saveCompiledClasses(IO.java:254)
	at us.msu.cse.repair.core.AbstractRepairProblem.getTestExecutor(AbstractRepairProblem.java:712)
	at us.msu.cse.repair.ec.problems.GenProgProblem.invokeTestExecutor(GenProgProblem.java:152)
	at us.msu.cse.repair.ec.problems.GenProgProblem.evaluate(GenProgProblem.java:102)
	at us.msu.cse.repair.ec.algorithms.RSRepairRandomSearch.execute(RSRepairRandomSearch.java:34)
	at us.msu.cse.repair.core.AbstractRepairAlgorithm.execute(AbstractRepairAlgorithm.java:18)
	at us.msu.cse.repair.RSRepairMain.main(RSRepairMain.java:44)
	at us.msu.cse.repair.Main.main(Main.java:12)
One fitness evaluation is finished...
One fitness evaluation starts...
Compilation fails!
One fitness evaluation is finished...
One fitness evaluation starts...
Compilation fails!
One fitness evaluation is finished...
One fitness evaluation starts...
Compilation fails!
One fitness evaluation is finished...
One fitness evaluation starts...
Compilation fails!
One fitness evaluation is finished...
One fitness evaluation starts...
java.io.IOException: Directory '/tmp/working_zfzt/bin_166/org/joda/time' could not be created
	at org.apache.commons.io.FileUtils.openOutputStream(FileUtils.java:356)
	at org.apache.commons.io.FileUtils.writeByteArrayToFile(FileUtils.java:2193)
	at org.apache.commons.io.FileUtils.writeByteArrayToFile(FileUtils.java:2155)
	at org.apache.commons.io.FileUtils.writeByteArrayToFile(FileUtils.java:2140)
	at us.msu.cse.repair.core.util.IO.saveCompiledClasses(IO.java:254)
	at us.msu.cse.repair.core.AbstractRepairProblem.getTestExecutor(AbstractRepairProblem.java:712)
	at us.msu.cse.repair.ec.problems.GenProgProblem.invokeTestExecutor(GenProgProblem.java:152)
	at us.msu.cse.repair.ec.problems.GenProgProblem.evaluate(GenProgProblem.java:102)
	at us.msu.cse.repair.ec.algorithms.RSRepairRandomSearch.execute(RSRepairRandomSearch.java:34)
	at us.msu.cse.repair.core.AbstractRepairAlgorithm.execute(AbstractRepairAlgorithm.java:18)
	at us.msu.cse.repair.RSRepairMain.main(RSRepairMain.java:44)
	at us.msu.cse.repair.Main.main(Main.java:12)
One fitness evaluation is finished...
One fitness evaluation starts...
Compilation fails!
One fitness evaluation is finished...
One fitness evaluation starts...
Compilation fails!
One fitness evaluation is finished...
One fitness evaluation starts...
Compilation fails!
One fitness evaluation is finished...
One fitness evaluation starts...
Compilation fails!
One fitness evaluation is finished...
One fitness evaluation starts...
Compilation fails!
One fitness evaluation is finished...
One fitness evaluation starts...
Compilation fails!
One fitness evaluation is finished...
One fitness evaluation starts...
Compilation fails!
One fitness evaluation is finished...
One fitness evaluation starts...
Compilation fails!
One fitness evaluation is finished...
One fitness evaluation starts...
Compilation fails!
One fitness evaluation is finished...
One fitness evaluation starts...
Compilation fails!
One fitness evaluation is finished...
One fitness evaluation starts...
Compilation fails!
One fitness evaluation is finished...
One fitness evaluation starts...
Compilation fails!
One fitness evaluation is finished...
One fitness evaluation starts...
Compilation fails!
One fitness evaluation is finished...
One fitness evaluation starts...
Compilation fails!
One fitness evaluation is finished...
One fitness evaluation starts...
Compilation fails!
One fitness evaluation is finished...
One fitness evaluation starts...
Compilation fails!
One fitness evaluation is finished...
One fitness evaluation starts...
Compilation fails!
One fitness evaluation is finished...
One fitness evaluation starts...
Compilation fails!
One fitness evaluation is finished...
One fitness evaluation starts...
java.io.IOException: Directory '/tmp/working_zfzt/bin_167/org/joda/time' could not be created
	at org.apache.commons.io.FileUtils.openOutputStream(FileUtils.java:356)
	at org.apache.commons.io.FileUtils.writeByteArrayToFile(FileUtils.java:2193)
	at org.apache.commons.io.FileUtils.writeByteArrayToFile(FileUtils.java:2155)
	at org.apache.commons.io.FileUtils.writeByteArrayToFile(FileUtils.java:2140)
	at us.msu.cse.repair.core.util.IO.saveCompiledClasses(IO.java:254)
	at us.msu.cse.repair.core.AbstractRepairProblem.getTestExecutor(AbstractRepairProblem.java:712)
	at us.msu.cse.repair.ec.problems.GenProgProblem.invokeTestExecutor(GenProgProblem.java:152)
	at us.msu.cse.repair.ec.problems.GenProgProblem.evaluate(GenProgProblem.java:102)
	at us.msu.cse.repair.ec.algorithms.RSRepairRandomSearch.execute(RSRepairRandomSearch.java:34)
	at us.msu.cse.repair.core.AbstractRepairAlgorithm.execute(AbstractRepairAlgorithm.java:18)
	at us.msu.cse.repair.RSRepairMain.main(RSRepairMain.java:44)
	at us.msu.cse.repair.Main.main(Main.java:12)
One fitness evaluation is finished...
One fitness evaluation starts...
Compilation fails!
One fitness evaluation is finished...
One fitness evaluation starts...
Compilation fails!
One fitness evaluation is finished...
One fitness evaluation starts...
Compilation fails!
One fitness evaluation is finished...
One fitness evaluation starts...
java.io.IOException: Directory '/tmp/working_zfzt/bin_168/org/joda/time' could not be created
	at org.apache.commons.io.FileUtils.openOutputStream(FileUtils.java:356)
	at org.apache.commons.io.FileUtils.writeByteArrayToFile(FileUtils.java:2193)
	at org.apache.commons.io.FileUtils.writeByteArrayToFile(FileUtils.java:2155)
	at org.apache.commons.io.FileUtils.writeByteArrayToFile(FileUtils.java:2140)
	at us.msu.cse.repair.core.util.IO.saveCompiledClasses(IO.java:254)
	at us.msu.cse.repair.core.AbstractRepairProblem.getTestExecutor(AbstractRepairProblem.java:712)
	at us.msu.cse.repair.ec.problems.GenProgProblem.invokeTestExecutor(GenProgProblem.java:152)
	at us.msu.cse.repair.ec.problems.GenProgProblem.evaluate(GenProgProblem.java:102)
	at us.msu.cse.repair.ec.algorithms.RSRepairRandomSearch.execute(RSRepairRandomSearch.java:34)
	at us.msu.cse.repair.core.AbstractRepairAlgorithm.execute(AbstractRepairAlgorithm.java:18)
	at us.msu.cse.repair.RSRepairMain.main(RSRepairMain.java:44)
	at us.msu.cse.repair.Main.main(Main.java:12)
One fitness evaluation is finished...
One fitness evaluation starts...
Compilation fails!
One fitness evaluation is finished...
One fitness evaluation starts...
Compilation fails!
One fitness evaluation is finished...
One fitness evaluation starts...
java.io.IOException: Directory '/tmp/working_zfzt/bin_169/org/joda/time' could not be created
	at org.apache.commons.io.FileUtils.openOutputStream(FileUtils.java:356)
	at org.apache.commons.io.FileUtils.writeByteArrayToFile(FileUtils.java:2193)
	at org.apache.commons.io.FileUtils.writeByteArrayToFile(FileUtils.java:2155)
	at org.apache.commons.io.FileUtils.writeByteArrayToFile(FileUtils.java:2140)
	at us.msu.cse.repair.core.util.IO.saveCompiledClasses(IO.java:254)
	at us.msu.cse.repair.core.AbstractRepairProblem.getTestExecutor(AbstractRepairProblem.java:712)
	at us.msu.cse.repair.ec.problems.GenProgProblem.invokeTestExecutor(GenProgProblem.java:152)
	at us.msu.cse.repair.ec.problems.GenProgProblem.evaluate(GenProgProblem.java:102)
	at us.msu.cse.repair.ec.algorithms.RSRepairRandomSearch.execute(RSRepairRandomSearch.java:34)
	at us.msu.cse.repair.core.AbstractRepairAlgorithm.execute(AbstractRepairAlgorithm.java:18)
	at us.msu.cse.repair.RSRepairMain.main(RSRepairMain.java:44)
	at us.msu.cse.repair.Main.main(Main.java:12)
One fitness evaluation is finished...
One fitness evaluation starts...
java.io.IOException: Directory '/tmp/working_zfzt/bin_170/org/joda/time' could not be created
	at org.apache.commons.io.FileUtils.openOutputStream(FileUtils.java:356)
	at org.apache.commons.io.FileUtils.writeByteArrayToFile(FileUtils.java:2193)
	at org.apache.commons.io.FileUtils.writeByteArrayToFile(FileUtils.java:2155)
	at org.apache.commons.io.FileUtils.writeByteArrayToFile(FileUtils.java:2140)
	at us.msu.cse.repair.core.util.IO.saveCompiledClasses(IO.java:254)
	at us.msu.cse.repair.core.AbstractRepairProblem.getTestExecutor(AbstractRepairProblem.java:712)
	at us.msu.cse.repair.ec.problems.GenProgProblem.invokeTestExecutor(GenProgProblem.java:152)
	at us.msu.cse.repair.ec.problems.GenProgProblem.evaluate(GenProgProblem.java:102)
	at us.msu.cse.repair.ec.algorithms.RSRepairRandomSearch.execute(RSRepairRandomSearch.java:34)
	at us.msu.cse.repair.core.AbstractRepairAlgorithm.execute(AbstractRepairAlgorithm.java:18)
	at us.msu.cse.repair.RSRepairMain.main(RSRepairMain.java:44)
	at us.msu.cse.repair.Main.main(Main.java:12)
One fitness evaluation is finished...
One fitness evaluation starts...
Compilation fails!
One fitness evaluation is finished...
One fitness evaluation starts...
Compilation fails!
One fitness evaluation is finished...
One fitness evaluation starts...
Compilation fails!
One fitness evaluation is finished...
One fitness evaluation starts...
Compilation fails!
One fitness evaluation is finished...
One fitness evaluation starts...
Compilation fails!
One fitness evaluation is finished...
One fitness evaluation starts...
Compilation fails!
One fitness evaluation is finished...
One fitness evaluation starts...
Compilation fails!
One fitness evaluation is finished...
One fitness evaluation starts...
Compilation fails!
One fitness evaluation is finished...
One fitness evaluation starts...
Compilation fails!
One fitness evaluation is finished...
One fitness evaluation starts...
java.io.IOException: Directory '/tmp/working_zfzt/bin_171/org/joda/time' could not be created
	at org.apache.commons.io.FileUtils.openOutputStream(FileUtils.java:356)
	at org.apache.commons.io.FileUtils.writeByteArrayToFile(FileUtils.java:2193)
	at org.apache.commons.io.FileUtils.writeByteArrayToFile(FileUtils.java:2155)
	at org.apache.commons.io.FileUtils.writeByteArrayToFile(FileUtils.java:2140)
	at us.msu.cse.repair.core.util.IO.saveCompiledClasses(IO.java:254)
	at us.msu.cse.repair.core.AbstractRepairProblem.getTestExecutor(AbstractRepairProblem.java:712)
	at us.msu.cse.repair.ec.problems.GenProgProblem.invokeTestExecutor(GenProgProblem.java:152)
	at us.msu.cse.repair.ec.problems.GenProgProblem.evaluate(GenProgProblem.java:102)
	at us.msu.cse.repair.ec.algorithms.RSRepairRandomSearch.execute(RSRepairRandomSearch.java:34)
	at us.msu.cse.repair.core.AbstractRepairAlgorithm.execute(AbstractRepairAlgorithm.java:18)
	at us.msu.cse.repair.RSRepairMain.main(RSRepairMain.java:44)
	at us.msu.cse.repair.Main.main(Main.java:12)
One fitness evaluation is finished...
One fitness evaluation starts...
Compilation fails!
One fitness evaluation is finished...
One fitness evaluation starts...
Compilation fails!
One fitness evaluation is finished...
One fitness evaluation starts...
Compilation fails!
One fitness evaluation is finished...
One fitness evaluation starts...
Compilation fails!
One fitness evaluation is finished...
One fitness evaluation starts...
Compilation fails!
One fitness evaluation is finished...
One fitness evaluation starts...
Compilation fails!
One fitness evaluation is finished...
One fitness evaluation starts...
java.io.IOException: Directory '/tmp/working_zfzt/bin_172/org/joda/time' could not be created
	at org.apache.commons.io.FileUtils.openOutputStream(FileUtils.java:356)
	at org.apache.commons.io.FileUtils.writeByteArrayToFile(FileUtils.java:2193)
	at org.apache.commons.io.FileUtils.writeByteArrayToFile(FileUtils.java:2155)
	at org.apache.commons.io.FileUtils.writeByteArrayToFile(FileUtils.java:2140)
	at us.msu.cse.repair.core.util.IO.saveCompiledClasses(IO.java:254)
	at us.msu.cse.repair.core.AbstractRepairProblem.getTestExecutor(AbstractRepairProblem.java:712)
	at us.msu.cse.repair.ec.problems.GenProgProblem.invokeTestExecutor(GenProgProblem.java:152)
	at us.msu.cse.repair.ec.problems.GenProgProblem.evaluate(GenProgProblem.java:102)
	at us.msu.cse.repair.ec.algorithms.RSRepairRandomSearch.execute(RSRepairRandomSearch.java:34)
	at us.msu.cse.repair.core.AbstractRepairAlgorithm.execute(AbstractRepairAlgorithm.java:18)
	at us.msu.cse.repair.RSRepairMain.main(RSRepairMain.java:44)
	at us.msu.cse.repair.Main.main(Main.java:12)
One fitness evaluation is finished...
One fitness evaluation starts...
Compilation fails!
One fitness evaluation is finished...
One fitness evaluation starts...
java.io.IOException: Directory '/tmp/working_zfzt/bin_173/org/joda/time' could not be created
	at org.apache.commons.io.FileUtils.openOutputStream(FileUtils.java:356)
	at org.apache.commons.io.FileUtils.writeByteArrayToFile(FileUtils.java:2193)
	at org.apache.commons.io.FileUtils.writeByteArrayToFile(FileUtils.java:2155)
	at org.apache.commons.io.FileUtils.writeByteArrayToFile(FileUtils.java:2140)
	at us.msu.cse.repair.core.util.IO.saveCompiledClasses(IO.java:254)
	at us.msu.cse.repair.core.AbstractRepairProblem.getTestExecutor(AbstractRepairProblem.java:712)
	at us.msu.cse.repair.ec.problems.GenProgProblem.invokeTestExecutor(GenProgProblem.java:152)
	at us.msu.cse.repair.ec.problems.GenProgProblem.evaluate(GenProgProblem.java:102)
	at us.msu.cse.repair.ec.algorithms.RSRepairRandomSearch.execute(RSRepairRandomSearch.java:34)
	at us.msu.cse.repair.core.AbstractRepairAlgorithm.execute(AbstractRepairAlgorithm.java:18)
	at us.msu.cse.repair.RSRepairMain.main(RSRepairMain.java:44)
	at us.msu.cse.repair.Main.main(Main.java:12)
One fitness evaluation is finished...
One fitness evaluation starts...
Compilation fails!
One fitness evaluation is finished...
One fitness evaluation starts...
java.io.IOException: Directory '/tmp/working_zfzt/bin_174/org/joda/time' could not be created
	at org.apache.commons.io.FileUtils.openOutputStream(FileUtils.java:356)
	at org.apache.commons.io.FileUtils.writeByteArrayToFile(FileUtils.java:2193)
	at org.apache.commons.io.FileUtils.writeByteArrayToFile(FileUtils.java:2155)
	at org.apache.commons.io.FileUtils.writeByteArrayToFile(FileUtils.java:2140)
	at us.msu.cse.repair.core.util.IO.saveCompiledClasses(IO.java:254)
	at us.msu.cse.repair.core.AbstractRepairProblem.getTestExecutor(AbstractRepairProblem.java:712)
	at us.msu.cse.repair.ec.problems.GenProgProblem.invokeTestExecutor(GenProgProblem.java:152)
	at us.msu.cse.repair.ec.problems.GenProgProblem.evaluate(GenProgProblem.java:102)
	at us.msu.cse.repair.ec.algorithms.RSRepairRandomSearch.execute(RSRepairRandomSearch.java:34)
	at us.msu.cse.repair.core.AbstractRepairAlgorithm.execute(AbstractRepairAlgorithm.java:18)
	at us.msu.cse.repair.RSRepairMain.main(RSRepairMain.java:44)
	at us.msu.cse.repair.Main.main(Main.java:12)
One fitness evaluation is finished...
One fitness evaluation starts...
Compilation fails!
One fitness evaluation is finished...
One fitness evaluation starts...
java.io.IOException: Directory '/tmp/working_zfzt/bin_175/org/joda/time' could not be created
	at org.apache.commons.io.FileUtils.openOutputStream(FileUtils.java:356)
	at org.apache.commons.io.FileUtils.writeByteArrayToFile(FileUtils.java:2193)
	at org.apache.commons.io.FileUtils.writeByteArrayToFile(FileUtils.java:2155)
	at org.apache.commons.io.FileUtils.writeByteArrayToFile(FileUtils.java:2140)
	at us.msu.cse.repair.core.util.IO.saveCompiledClasses(IO.java:254)
	at us.msu.cse.repair.core.AbstractRepairProblem.getTestExecutor(AbstractRepairProblem.java:712)
	at us.msu.cse.repair.ec.problems.GenProgProblem.invokeTestExecutor(GenProgProblem.java:152)
	at us.msu.cse.repair.ec.problems.GenProgProblem.evaluate(GenProgProblem.java:102)
	at us.msu.cse.repair.ec.algorithms.RSRepairRandomSearch.execute(RSRepairRandomSearch.java:34)
	at us.msu.cse.repair.core.AbstractRepairAlgorithm.execute(AbstractRepairAlgorithm.java:18)
	at us.msu.cse.repair.RSRepairMain.main(RSRepairMain.java:44)
	at us.msu.cse.repair.Main.main(Main.java:12)
One fitness evaluation is finished...
One fitness evaluation starts...
java.io.IOException: Directory '/tmp/working_zfzt/bin_176/org/joda/time' could not be created
	at org.apache.commons.io.FileUtils.openOutputStream(FileUtils.java:356)
	at org.apache.commons.io.FileUtils.writeByteArrayToFile(FileUtils.java:2193)
	at org.apache.commons.io.FileUtils.writeByteArrayToFile(FileUtils.java:2155)
	at org.apache.commons.io.FileUtils.writeByteArrayToFile(FileUtils.java:2140)
	at us.msu.cse.repair.core.util.IO.saveCompiledClasses(IO.java:254)
	at us.msu.cse.repair.core.AbstractRepairProblem.getTestExecutor(AbstractRepairProblem.java:712)
	at us.msu.cse.repair.ec.problems.GenProgProblem.invokeTestExecutor(GenProgProblem.java:152)
	at us.msu.cse.repair.ec.problems.GenProgProblem.evaluate(GenProgProblem.java:102)
	at us.msu.cse.repair.ec.algorithms.RSRepairRandomSearch.execute(RSRepairRandomSearch.java:34)
	at us.msu.cse.repair.core.AbstractRepairAlgorithm.execute(AbstractRepairAlgorithm.java:18)
	at us.msu.cse.repair.RSRepairMain.main(RSRepairMain.java:44)
	at us.msu.cse.repair.Main.main(Main.java:12)
One fitness evaluation is finished...
One fitness evaluation starts...
Compilation fails!
One fitness evaluation is finished...
One fitness evaluation starts...
Compilation fails!
One fitness evaluation is finished...
One fitness evaluation starts...
Compilation fails!
One fitness evaluation is finished...
One fitness evaluation starts...
Compilation fails!
One fitness evaluation is finished...
One fitness evaluation starts...
Compilation fails!
One fitness evaluation is finished...
One fitness evaluation starts...
java.io.IOException: Directory '/tmp/working_zfzt/bin_177/org/joda/time' could not be created
	at org.apache.commons.io.FileUtils.openOutputStream(FileUtils.java:356)
	at org.apache.commons.io.FileUtils.writeByteArrayToFile(FileUtils.java:2193)
	at org.apache.commons.io.FileUtils.writeByteArrayToFile(FileUtils.java:2155)
	at org.apache.commons.io.FileUtils.writeByteArrayToFile(FileUtils.java:2140)
	at us.msu.cse.repair.core.util.IO.saveCompiledClasses(IO.java:254)
	at us.msu.cse.repair.core.AbstractRepairProblem.getTestExecutor(AbstractRepairProblem.java:712)
	at us.msu.cse.repair.ec.problems.GenProgProblem.invokeTestExecutor(GenProgProblem.java:152)
	at us.msu.cse.repair.ec.problems.GenProgProblem.evaluate(GenProgProblem.java:102)
	at us.msu.cse.repair.ec.algorithms.RSRepairRandomSearch.execute(RSRepairRandomSearch.java:34)
	at us.msu.cse.repair.core.AbstractRepairAlgorithm.execute(AbstractRepairAlgorithm.java:18)
	at us.msu.cse.repair.RSRepairMain.main(RSRepairMain.java:44)
	at us.msu.cse.repair.Main.main(Main.java:12)
One fitness evaluation is finished...
One fitness evaluation starts...
java.io.IOException: Directory '/tmp/working_zfzt/bin_178/org/joda/time' could not be created
	at org.apache.commons.io.FileUtils.openOutputStream(FileUtils.java:356)
	at org.apache.commons.io.FileUtils.writeByteArrayToFile(FileUtils.java:2193)
	at org.apache.commons.io.FileUtils.writeByteArrayToFile(FileUtils.java:2155)
	at org.apache.commons.io.FileUtils.writeByteArrayToFile(FileUtils.java:2140)
	at us.msu.cse.repair.core.util.IO.saveCompiledClasses(IO.java:254)
	at us.msu.cse.repair.core.AbstractRepairProblem.getTestExecutor(AbstractRepairProblem.java:712)
	at us.msu.cse.repair.ec.problems.GenProgProblem.invokeTestExecutor(GenProgProblem.java:152)
	at us.msu.cse.repair.ec.problems.GenProgProblem.evaluate(GenProgProblem.java:102)
	at us.msu.cse.repair.ec.algorithms.RSRepairRandomSearch.execute(RSRepairRandomSearch.java:34)
	at us.msu.cse.repair.core.AbstractRepairAlgorithm.execute(AbstractRepairAlgorithm.java:18)
	at us.msu.cse.repair.RSRepairMain.main(RSRepairMain.java:44)
	at us.msu.cse.repair.Main.main(Main.java:12)
One fitness evaluation is finished...
One fitness evaluation starts...
Compilation fails!
One fitness evaluation is finished...
One fitness evaluation starts...
java.io.IOException: Directory '/tmp/working_zfzt/bin_179/org/joda/time' could not be created
	at org.apache.commons.io.FileUtils.openOutputStream(FileUtils.java:356)
	at org.apache.commons.io.FileUtils.writeByteArrayToFile(FileUtils.java:2193)
	at org.apache.commons.io.FileUtils.writeByteArrayToFile(FileUtils.java:2155)
	at org.apache.commons.io.FileUtils.writeByteArrayToFile(FileUtils.java:2140)
	at us.msu.cse.repair.core.util.IO.saveCompiledClasses(IO.java:254)
	at us.msu.cse.repair.core.AbstractRepairProblem.getTestExecutor(AbstractRepairProblem.java:712)
	at us.msu.cse.repair.ec.problems.GenProgProblem.invokeTestExecutor(GenProgProblem.java:152)
	at us.msu.cse.repair.ec.problems.GenProgProblem.evaluate(GenProgProblem.java:102)
	at us.msu.cse.repair.ec.algorithms.RSRepairRandomSearch.execute(RSRepairRandomSearch.java:34)
	at us.msu.cse.repair.core.AbstractRepairAlgorithm.execute(AbstractRepairAlgorithm.java:18)
	at us.msu.cse.repair.RSRepairMain.main(RSRepairMain.java:44)
	at us.msu.cse.repair.Main.main(Main.java:12)
One fitness evaluation is finished...
One fitness evaluation starts...
Compilation fails!
One fitness evaluation is finished...
One fitness evaluation starts...
Compilation fails!
One fitness evaluation is finished...
One fitness evaluation starts...
java.io.IOException: Directory '/tmp/working_zfzt/bin_180/org/joda/time' could not be created
	at org.apache.commons.io.FileUtils.openOutputStream(FileUtils.java:356)
	at org.apache.commons.io.FileUtils.writeByteArrayToFile(FileUtils.java:2193)
	at org.apache.commons.io.FileUtils.writeByteArrayToFile(FileUtils.java:2155)
	at org.apache.commons.io.FileUtils.writeByteArrayToFile(FileUtils.java:2140)
	at us.msu.cse.repair.core.util.IO.saveCompiledClasses(IO.java:254)
	at us.msu.cse.repair.core.AbstractRepairProblem.getTestExecutor(AbstractRepairProblem.java:712)
	at us.msu.cse.repair.ec.problems.GenProgProblem.invokeTestExecutor(GenProgProblem.java:152)
	at us.msu.cse.repair.ec.problems.GenProgProblem.evaluate(GenProgProblem.java:102)
	at us.msu.cse.repair.ec.algorithms.RSRepairRandomSearch.execute(RSRepairRandomSearch.java:34)
	at us.msu.cse.repair.core.AbstractRepairAlgorithm.execute(AbstractRepairAlgorithm.java:18)
	at us.msu.cse.repair.RSRepairMain.main(RSRepairMain.java:44)
	at us.msu.cse.repair.Main.main(Main.java:12)
One fitness evaluation is finished...
One fitness evaluation starts...
java.io.IOException: Directory '/tmp/working_zfzt/bin_181/org/joda/time' could not be created
	at org.apache.commons.io.FileUtils.openOutputStream(FileUtils.java:356)
	at org.apache.commons.io.FileUtils.writeByteArrayToFile(FileUtils.java:2193)
	at org.apache.commons.io.FileUtils.writeByteArrayToFile(FileUtils.java:2155)
	at org.apache.commons.io.FileUtils.writeByteArrayToFile(FileUtils.java:2140)
	at us.msu.cse.repair.core.util.IO.saveCompiledClasses(IO.java:254)
	at us.msu.cse.repair.core.AbstractRepairProblem.getTestExecutor(AbstractRepairProblem.java:712)
	at us.msu.cse.repair.ec.problems.GenProgProblem.invokeTestExecutor(GenProgProblem.java:152)
	at us.msu.cse.repair.ec.problems.GenProgProblem.evaluate(GenProgProblem.java:102)
	at us.msu.cse.repair.ec.algorithms.RSRepairRandomSearch.execute(RSRepairRandomSearch.java:34)
	at us.msu.cse.repair.core.AbstractRepairAlgorithm.execute(AbstractRepairAlgorithm.java:18)
	at us.msu.cse.repair.RSRepairMain.main(RSRepairMain.java:44)
	at us.msu.cse.repair.Main.main(Main.java:12)
One fitness evaluation is finished...
One fitness evaluation starts...
Compilation fails!
One fitness evaluation is finished...
One fitness evaluation starts...
Compilation fails!
One fitness evaluation is finished...
One fitness evaluation starts...
Compilation fails!
One fitness evaluation is finished...
One fitness evaluation starts...
java.io.IOException: Directory '/tmp/working_zfzt/bin_182/org/joda/time' could not be created
	at org.apache.commons.io.FileUtils.openOutputStream(FileUtils.java:356)
	at org.apache.commons.io.FileUtils.writeByteArrayToFile(FileUtils.java:2193)
	at org.apache.commons.io.FileUtils.writeByteArrayToFile(FileUtils.java:2155)
	at org.apache.commons.io.FileUtils.writeByteArrayToFile(FileUtils.java:2140)
	at us.msu.cse.repair.core.util.IO.saveCompiledClasses(IO.java:254)
	at us.msu.cse.repair.core.AbstractRepairProblem.getTestExecutor(AbstractRepairProblem.java:712)
	at us.msu.cse.repair.ec.problems.GenProgProblem.invokeTestExecutor(GenProgProblem.java:152)
	at us.msu.cse.repair.ec.problems.GenProgProblem.evaluate(GenProgProblem.java:102)
	at us.msu.cse.repair.ec.algorithms.RSRepairRandomSearch.execute(RSRepairRandomSearch.java:34)
	at us.msu.cse.repair.core.AbstractRepairAlgorithm.execute(AbstractRepairAlgorithm.java:18)
	at us.msu.cse.repair.RSRepairMain.main(RSRepairMain.java:44)
	at us.msu.cse.repair.Main.main(Main.java:12)
One fitness evaluation is finished...
One fitness evaluation starts...
Compilation fails!
One fitness evaluation is finished...
One fitness evaluation starts...
Compilation fails!
One fitness evaluation is finished...
One fitness evaluation starts...
java.io.IOException: Directory '/tmp/working_zfzt/bin_183/org/joda/time' could not be created
	at org.apache.commons.io.FileUtils.openOutputStream(FileUtils.java:356)
	at org.apache.commons.io.FileUtils.writeByteArrayToFile(FileUtils.java:2193)
	at org.apache.commons.io.FileUtils.writeByteArrayToFile(FileUtils.java:2155)
	at org.apache.commons.io.FileUtils.writeByteArrayToFile(FileUtils.java:2140)
	at us.msu.cse.repair.core.util.IO.saveCompiledClasses(IO.java:254)
	at us.msu.cse.repair.core.AbstractRepairProblem.getTestExecutor(AbstractRepairProblem.java:712)
	at us.msu.cse.repair.ec.problems.GenProgProblem.invokeTestExecutor(GenProgProblem.java:152)
	at us.msu.cse.repair.ec.problems.GenProgProblem.evaluate(GenProgProblem.java:102)
	at us.msu.cse.repair.ec.algorithms.RSRepairRandomSearch.execute(RSRepairRandomSearch.java:34)
	at us.msu.cse.repair.core.AbstractRepairAlgorithm.execute(AbstractRepairAlgorithm.java:18)
	at us.msu.cse.repair.RSRepairMain.main(RSRepairMain.java:44)
	at us.msu.cse.repair.Main.main(Main.java:12)
One fitness evaluation is finished...
One fitness evaluation starts...
Compilation fails!
One fitness evaluation is finished...
One fitness evaluation starts...
java.io.IOException: Directory '/tmp/working_zfzt/bin_184/org/joda/time/format' could not be created
	at org.apache.commons.io.FileUtils.openOutputStream(FileUtils.java:356)
	at org.apache.commons.io.FileUtils.writeByteArrayToFile(FileUtils.java:2193)
	at org.apache.commons.io.FileUtils.writeByteArrayToFile(FileUtils.java:2155)
	at org.apache.commons.io.FileUtils.writeByteArrayToFile(FileUtils.java:2140)
	at us.msu.cse.repair.core.util.IO.saveCompiledClasses(IO.java:254)
	at us.msu.cse.repair.core.AbstractRepairProblem.getTestExecutor(AbstractRepairProblem.java:712)
	at us.msu.cse.repair.ec.problems.GenProgProblem.invokeTestExecutor(GenProgProblem.java:152)
	at us.msu.cse.repair.ec.problems.GenProgProblem.evaluate(GenProgProblem.java:102)
	at us.msu.cse.repair.ec.algorithms.RSRepairRandomSearch.execute(RSRepairRandomSearch.java:34)
	at us.msu.cse.repair.core.AbstractRepairAlgorithm.execute(AbstractRepairAlgorithm.java:18)
	at us.msu.cse.repair.RSRepairMain.main(RSRepairMain.java:44)
	at us.msu.cse.repair.Main.main(Main.java:12)
One fitness evaluation is finished...
One fitness evaluation starts...
Compilation fails!
One fitness evaluation is finished...
One fitness evaluation starts...
Compilation fails!
One fitness evaluation is finished...
One fitness evaluation starts...
Compilation fails!
One fitness evaluation is finished...
One fitness evaluation starts...
Compilation fails!
One fitness evaluation is finished...
One fitness evaluation starts...
Compilation fails!
One fitness evaluation is finished...
One fitness evaluation starts...
Compilation fails!
One fitness evaluation is finished...
One fitness evaluation starts...
java.io.IOException: Directory '/tmp/working_zfzt/bin_185/org/joda/time' could not be created
	at org.apache.commons.io.FileUtils.openOutputStream(FileUtils.java:356)
	at org.apache.commons.io.FileUtils.writeByteArrayToFile(FileUtils.java:2193)
	at org.apache.commons.io.FileUtils.writeByteArrayToFile(FileUtils.java:2155)
	at org.apache.commons.io.FileUtils.writeByteArrayToFile(FileUtils.java:2140)
	at us.msu.cse.repair.core.util.IO.saveCompiledClasses(IO.java:254)
	at us.msu.cse.repair.core.AbstractRepairProblem.getTestExecutor(AbstractRepairProblem.java:712)
	at us.msu.cse.repair.ec.problems.GenProgProblem.invokeTestExecutor(GenProgProblem.java:152)
	at us.msu.cse.repair.ec.problems.GenProgProblem.evaluate(GenProgProblem.java:102)
	at us.msu.cse.repair.ec.algorithms.RSRepairRandomSearch.execute(RSRepairRandomSearch.java:34)
	at us.msu.cse.repair.core.AbstractRepairAlgorithm.execute(AbstractRepairAlgorithm.java:18)
	at us.msu.cse.repair.RSRepairMain.main(RSRepairMain.java:44)
	at us.msu.cse.repair.Main.main(Main.java:12)
One fitness evaluation is finished...
One fitness evaluation starts...
Compilation fails!
One fitness evaluation is finished...
One fitness evaluation starts...
Compilation fails!
One fitness evaluation is finished...
One fitness evaluation starts...
Compilation fails!
One fitness evaluation is finished...
One fitness evaluation starts...
Compilation fails!
One fitness evaluation is finished...
One fitness evaluation starts...
java.io.IOException: Directory '/tmp/working_zfzt/bin_186/org/joda/time' could not be created
	at org.apache.commons.io.FileUtils.openOutputStream(FileUtils.java:356)
	at org.apache.commons.io.FileUtils.writeByteArrayToFile(FileUtils.java:2193)
	at org.apache.commons.io.FileUtils.writeByteArrayToFile(FileUtils.java:2155)
	at org.apache.commons.io.FileUtils.writeByteArrayToFile(FileUtils.java:2140)
	at us.msu.cse.repair.core.util.IO.saveCompiledClasses(IO.java:254)
	at us.msu.cse.repair.core.AbstractRepairProblem.getTestExecutor(AbstractRepairProblem.java:712)
	at us.msu.cse.repair.ec.problems.GenProgProblem.invokeTestExecutor(GenProgProblem.java:152)
	at us.msu.cse.repair.ec.problems.GenProgProblem.evaluate(GenProgProblem.java:102)
	at us.msu.cse.repair.ec.algorithms.RSRepairRandomSearch.execute(RSRepairRandomSearch.java:34)
	at us.msu.cse.repair.core.AbstractRepairAlgorithm.execute(AbstractRepairAlgorithm.java:18)
	at us.msu.cse.repair.RSRepairMain.main(RSRepairMain.java:44)
	at us.msu.cse.repair.Main.main(Main.java:12)
One fitness evaluation is finished...
One fitness evaluation starts...
Compilation fails!
One fitness evaluation is finished...
One fitness evaluation starts...
Compilation fails!
One fitness evaluation is finished...
One fitness evaluation starts...
Compilation fails!
One fitness evaluation is finished...
One fitness evaluation starts...
Compilation fails!
One fitness evaluation is finished...
One fitness evaluation starts...
Compilation fails!
One fitness evaluation is finished...
One fitness evaluation starts...
Compilation fails!
One fitness evaluation is finished...
One fitness evaluation starts...
java.io.IOException: Directory '/tmp/working_zfzt/bin_187/org/joda/time' could not be created
	at org.apache.commons.io.FileUtils.openOutputStream(FileUtils.java:356)
	at org.apache.commons.io.FileUtils.writeByteArrayToFile(FileUtils.java:2193)
	at org.apache.commons.io.FileUtils.writeByteArrayToFile(FileUtils.java:2155)
	at org.apache.commons.io.FileUtils.writeByteArrayToFile(FileUtils.java:2140)
	at us.msu.cse.repair.core.util.IO.saveCompiledClasses(IO.java:254)
	at us.msu.cse.repair.core.AbstractRepairProblem.getTestExecutor(AbstractRepairProblem.java:712)
	at us.msu.cse.repair.ec.problems.GenProgProblem.invokeTestExecutor(GenProgProblem.java:152)
	at us.msu.cse.repair.ec.problems.GenProgProblem.evaluate(GenProgProblem.java:102)
	at us.msu.cse.repair.ec.algorithms.RSRepairRandomSearch.execute(RSRepairRandomSearch.java:34)
	at us.msu.cse.repair.core.AbstractRepairAlgorithm.execute(AbstractRepairAlgorithm.java:18)
	at us.msu.cse.repair.RSRepairMain.main(RSRepairMain.java:44)
	at us.msu.cse.repair.Main.main(Main.java:12)
One fitness evaluation is finished...
One fitness evaluation starts...
Compilation fails!
One fitness evaluation is finished...
One fitness evaluation starts...
Compilation fails!
One fitness evaluation is finished...
One fitness evaluation starts...
Compilation fails!
One fitness evaluation is finished...
One fitness evaluation starts...
Compilation fails!
One fitness evaluation is finished...
One fitness evaluation starts...
Compilation fails!
One fitness evaluation is finished...
One fitness evaluation starts...
Compilation fails!
One fitness evaluation is finished...
One fitness evaluation starts...
java.io.IOException: Directory '/tmp/working_zfzt/bin_188/org/joda/time' could not be created
	at org.apache.commons.io.FileUtils.openOutputStream(FileUtils.java:356)
	at org.apache.commons.io.FileUtils.writeByteArrayToFile(FileUtils.java:2193)
	at org.apache.commons.io.FileUtils.writeByteArrayToFile(FileUtils.java:2155)
	at org.apache.commons.io.FileUtils.writeByteArrayToFile(FileUtils.java:2140)
	at us.msu.cse.repair.core.util.IO.saveCompiledClasses(IO.java:254)
	at us.msu.cse.repair.core.AbstractRepairProblem.getTestExecutor(AbstractRepairProblem.java:712)
	at us.msu.cse.repair.ec.problems.GenProgProblem.invokeTestExecutor(GenProgProblem.java:152)
	at us.msu.cse.repair.ec.problems.GenProgProblem.evaluate(GenProgProblem.java:102)
	at us.msu.cse.repair.ec.algorithms.RSRepairRandomSearch.execute(RSRepairRandomSearch.java:34)
	at us.msu.cse.repair.core.AbstractRepairAlgorithm.execute(AbstractRepairAlgorithm.java:18)
	at us.msu.cse.repair.RSRepairMain.main(RSRepairMain.java:44)
	at us.msu.cse.repair.Main.main(Main.java:12)
One fitness evaluation is finished...
One fitness evaluation starts...
Compilation fails!
One fitness evaluation is finished...
One fitness evaluation starts...
Compilation fails!
One fitness evaluation is finished...
One fitness evaluation starts...
Compilation fails!
One fitness evaluation is finished...
One fitness evaluation starts...
Compilation fails!
One fitness evaluation is finished...
One fitness evaluation starts...
Compilation fails!
One fitness evaluation is finished...
One fitness evaluation starts...
java.io.IOException: Directory '/tmp/working_zfzt/bin_189/org/joda/time' could not be created
	at org.apache.commons.io.FileUtils.openOutputStream(FileUtils.java:356)
	at org.apache.commons.io.FileUtils.writeByteArrayToFile(FileUtils.java:2193)
	at org.apache.commons.io.FileUtils.writeByteArrayToFile(FileUtils.java:2155)
	at org.apache.commons.io.FileUtils.writeByteArrayToFile(FileUtils.java:2140)
	at us.msu.cse.repair.core.util.IO.saveCompiledClasses(IO.java:254)
	at us.msu.cse.repair.core.AbstractRepairProblem.getTestExecutor(AbstractRepairProblem.java:712)
	at us.msu.cse.repair.ec.problems.GenProgProblem.invokeTestExecutor(GenProgProblem.java:152)
	at us.msu.cse.repair.ec.problems.GenProgProblem.evaluate(GenProgProblem.java:102)
	at us.msu.cse.repair.ec.algorithms.RSRepairRandomSearch.execute(RSRepairRandomSearch.java:34)
	at us.msu.cse.repair.core.AbstractRepairAlgorithm.execute(AbstractRepairAlgorithm.java:18)
	at us.msu.cse.repair.RSRepairMain.main(RSRepairMain.java:44)
	at us.msu.cse.repair.Main.main(Main.java:12)
One fitness evaluation is finished...
One fitness evaluation starts...
Compilation fails!
One fitness evaluation is finished...
One fitness evaluation starts...
Compilation fails!
One fitness evaluation is finished...
One fitness evaluation starts...
Compilation fails!
One fitness evaluation is finished...
One fitness evaluation starts...
Compilation fails!
One fitness evaluation is finished...
One fitness evaluation starts...
Compilation fails!
One fitness evaluation is finished...
One fitness evaluation starts...
Compilation fails!
One fitness evaluation is finished...
One fitness evaluation starts...
Compilation fails!
One fitness evaluation is finished...
One fitness evaluation starts...
Compilation fails!
One fitness evaluation is finished...
One fitness evaluation starts...
Compilation fails!
One fitness evaluation is finished...
One fitness evaluation starts...
Compilation fails!
One fitness evaluation is finished...
One fitness evaluation starts...
Compilation fails!
One fitness evaluation is finished...
One fitness evaluation starts...
Compilation fails!
One fitness evaluation is finished...
One fitness evaluation starts...
Compilation fails!
One fitness evaluation is finished...
One fitness evaluation starts...
Compilation fails!
One fitness evaluation is finished...
One fitness evaluation starts...
Compilation fails!
One fitness evaluation is finished...
One fitness evaluation starts...
Compilation fails!
One fitness evaluation is finished...
One fitness evaluation starts...
Compilation fails!
One fitness evaluation is finished...
One fitness evaluation starts...
Compilation fails!
One fitness evaluation is finished...
One fitness evaluation starts...
Compilation fails!
One fitness evaluation is finished...
One fitness evaluation starts...
Compilation fails!
One fitness evaluation is finished...
One fitness evaluation starts...
Compilation fails!
One fitness evaluation is finished...
One fitness evaluation starts...
Compilation fails!
One fitness evaluation is finished...
One fitness evaluation starts...
Compilation fails!
One fitness evaluation is finished...
One fitness evaluation starts...
Compilation fails!
One fitness evaluation is finished...
One fitness evaluation starts...
Compilation fails!
One fitness evaluation is finished...
One fitness evaluation starts...
Compilation fails!
One fitness evaluation is finished...
One fitness evaluation starts...
Compilation fails!
One fitness evaluation is finished...
One fitness evaluation starts...
Compilation fails!
One fitness evaluation is finished...
One fitness evaluation starts...
Compilation fails!
One fitness evaluation is finished...
One fitness evaluation starts...
Compilation fails!
One fitness evaluation is finished...
One fitness evaluation starts...
java.io.IOException: Directory '/tmp/working_zfzt/bin_190/org/joda/time' could not be created
	at org.apache.commons.io.FileUtils.openOutputStream(FileUtils.java:356)
	at org.apache.commons.io.FileUtils.writeByteArrayToFile(FileUtils.java:2193)
	at org.apache.commons.io.FileUtils.writeByteArrayToFile(FileUtils.java:2155)
	at org.apache.commons.io.FileUtils.writeByteArrayToFile(FileUtils.java:2140)
	at us.msu.cse.repair.core.util.IO.saveCompiledClasses(IO.java:254)
	at us.msu.cse.repair.core.AbstractRepairProblem.getTestExecutor(AbstractRepairProblem.java:712)
	at us.msu.cse.repair.ec.problems.GenProgProblem.invokeTestExecutor(GenProgProblem.java:152)
	at us.msu.cse.repair.ec.problems.GenProgProblem.evaluate(GenProgProblem.java:102)
	at us.msu.cse.repair.ec.algorithms.RSRepairRandomSearch.execute(RSRepairRandomSearch.java:34)
	at us.msu.cse.repair.core.AbstractRepairAlgorithm.execute(AbstractRepairAlgorithm.java:18)
	at us.msu.cse.repair.RSRepairMain.main(RSRepairMain.java:44)
	at us.msu.cse.repair.Main.main(Main.java:12)
One fitness evaluation is finished...
One fitness evaluation starts...
Compilation fails!
One fitness evaluation is finished...
One fitness evaluation starts...
java.io.IOException: Directory '/tmp/working_zfzt/bin_191/org/joda/time' could not be created
	at org.apache.commons.io.FileUtils.openOutputStream(FileUtils.java:356)
	at org.apache.commons.io.FileUtils.writeByteArrayToFile(FileUtils.java:2193)
	at org.apache.commons.io.FileUtils.writeByteArrayToFile(FileUtils.java:2155)
	at org.apache.commons.io.FileUtils.writeByteArrayToFile(FileUtils.java:2140)
	at us.msu.cse.repair.core.util.IO.saveCompiledClasses(IO.java:254)
	at us.msu.cse.repair.core.AbstractRepairProblem.getTestExecutor(AbstractRepairProblem.java:712)
	at us.msu.cse.repair.ec.problems.GenProgProblem.invokeTestExecutor(GenProgProblem.java:152)
	at us.msu.cse.repair.ec.problems.GenProgProblem.evaluate(GenProgProblem.java:102)
	at us.msu.cse.repair.ec.algorithms.RSRepairRandomSearch.execute(RSRepairRandomSearch.java:34)
	at us.msu.cse.repair.core.AbstractRepairAlgorithm.execute(AbstractRepairAlgorithm.java:18)
	at us.msu.cse.repair.RSRepairMain.main(RSRepairMain.java:44)
	at us.msu.cse.repair.Main.main(Main.java:12)
One fitness evaluation is finished...
One fitness evaluation starts...
Compilation fails!
One fitness evaluation is finished...
One fitness evaluation starts...
Compilation fails!
One fitness evaluation is finished...
One fitness evaluation starts...
Compilation fails!
One fitness evaluation is finished...
One fitness evaluation starts...
java.io.IOException: Directory '/tmp/working_zfzt/bin_192/org/joda/time' could not be created
	at org.apache.commons.io.FileUtils.openOutputStream(FileUtils.java:356)
	at org.apache.commons.io.FileUtils.writeByteArrayToFile(FileUtils.java:2193)
	at org.apache.commons.io.FileUtils.writeByteArrayToFile(FileUtils.java:2155)
	at org.apache.commons.io.FileUtils.writeByteArrayToFile(FileUtils.java:2140)
	at us.msu.cse.repair.core.util.IO.saveCompiledClasses(IO.java:254)
	at us.msu.cse.repair.core.AbstractRepairProblem.getTestExecutor(AbstractRepairProblem.java:712)
	at us.msu.cse.repair.ec.problems.GenProgProblem.invokeTestExecutor(GenProgProblem.java:152)
	at us.msu.cse.repair.ec.problems.GenProgProblem.evaluate(GenProgProblem.java:102)
	at us.msu.cse.repair.ec.algorithms.RSRepairRandomSearch.execute(RSRepairRandomSearch.java:34)
	at us.msu.cse.repair.core.AbstractRepairAlgorithm.execute(AbstractRepairAlgorithm.java:18)
	at us.msu.cse.repair.RSRepairMain.main(RSRepairMain.java:44)
	at us.msu.cse.repair.Main.main(Main.java:12)
One fitness evaluation is finished...
One fitness evaluation starts...
Compilation fails!
One fitness evaluation is finished...
One fitness evaluation starts...
Compilation fails!
One fitness evaluation is finished...
One fitness evaluation starts...
Compilation fails!
One fitness evaluation is finished...
One fitness evaluation starts...
java.io.IOException: Directory '/tmp/working_zfzt/bin_193/org/joda/time' could not be created
	at org.apache.commons.io.FileUtils.openOutputStream(FileUtils.java:356)
	at org.apache.commons.io.FileUtils.writeByteArrayToFile(FileUtils.java:2193)
	at org.apache.commons.io.FileUtils.writeByteArrayToFile(FileUtils.java:2155)
	at org.apache.commons.io.FileUtils.writeByteArrayToFile(FileUtils.java:2140)
	at us.msu.cse.repair.core.util.IO.saveCompiledClasses(IO.java:254)
	at us.msu.cse.repair.core.AbstractRepairProblem.getTestExecutor(AbstractRepairProblem.java:712)
	at us.msu.cse.repair.ec.problems.GenProgProblem.invokeTestExecutor(GenProgProblem.java:152)
	at us.msu.cse.repair.ec.problems.GenProgProblem.evaluate(GenProgProblem.java:102)
	at us.msu.cse.repair.ec.algorithms.RSRepairRandomSearch.execute(RSRepairRandomSearch.java:34)
	at us.msu.cse.repair.core.AbstractRepairAlgorithm.execute(AbstractRepairAlgorithm.java:18)
	at us.msu.cse.repair.RSRepairMain.main(RSRepairMain.java:44)
	at us.msu.cse.repair.Main.main(Main.java:12)
One fitness evaluation is finished...
One fitness evaluation starts...
java.io.IOException: Directory '/tmp/working_zfzt/bin_194/org/joda/time' could not be created
	at org.apache.commons.io.FileUtils.openOutputStream(FileUtils.java:356)
	at org.apache.commons.io.FileUtils.writeByteArrayToFile(FileUtils.java:2193)
	at org.apache.commons.io.FileUtils.writeByteArrayToFile(FileUtils.java:2155)
	at org.apache.commons.io.FileUtils.writeByteArrayToFile(FileUtils.java:2140)
	at us.msu.cse.repair.core.util.IO.saveCompiledClasses(IO.java:254)
	at us.msu.cse.repair.core.AbstractRepairProblem.getTestExecutor(AbstractRepairProblem.java:712)
	at us.msu.cse.repair.ec.problems.GenProgProblem.invokeTestExecutor(GenProgProblem.java:152)
	at us.msu.cse.repair.ec.problems.GenProgProblem.evaluate(GenProgProblem.java:102)
	at us.msu.cse.repair.ec.algorithms.RSRepairRandomSearch.execute(RSRepairRandomSearch.java:34)
	at us.msu.cse.repair.core.AbstractRepairAlgorithm.execute(AbstractRepairAlgorithm.java:18)
	at us.msu.cse.repair.RSRepairMain.main(RSRepairMain.java:44)
	at us.msu.cse.repair.Main.main(Main.java:12)
One fitness evaluation is finished...
One fitness evaluation starts...
Compilation fails!
One fitness evaluation is finished...
One fitness evaluation starts...
java.io.IOException: Directory '/tmp/working_zfzt/bin_195/org/joda/time' could not be created
	at org.apache.commons.io.FileUtils.openOutputStream(FileUtils.java:356)
	at org.apache.commons.io.FileUtils.writeByteArrayToFile(FileUtils.java:2193)
	at org.apache.commons.io.FileUtils.writeByteArrayToFile(FileUtils.java:2155)
	at org.apache.commons.io.FileUtils.writeByteArrayToFile(FileUtils.java:2140)
	at us.msu.cse.repair.core.util.IO.saveCompiledClasses(IO.java:254)
	at us.msu.cse.repair.core.AbstractRepairProblem.getTestExecutor(AbstractRepairProblem.java:712)
	at us.msu.cse.repair.ec.problems.GenProgProblem.invokeTestExecutor(GenProgProblem.java:152)
	at us.msu.cse.repair.ec.problems.GenProgProblem.evaluate(GenProgProblem.java:102)
	at us.msu.cse.repair.ec.algorithms.RSRepairRandomSearch.execute(RSRepairRandomSearch.java:34)
	at us.msu.cse.repair.core.AbstractRepairAlgorithm.execute(AbstractRepairAlgorithm.java:18)
	at us.msu.cse.repair.RSRepairMain.main(RSRepairMain.java:44)
	at us.msu.cse.repair.Main.main(Main.java:12)
One fitness evaluation is finished...
One fitness evaluation starts...
Compilation fails!
One fitness evaluation is finished...
One fitness evaluation starts...
Compilation fails!
One fitness evaluation is finished...
One fitness evaluation starts...
Compilation fails!
One fitness evaluation is finished...
One fitness evaluation starts...
java.io.IOException: Directory '/tmp/working_zfzt/bin_196/org/joda/time' could not be created
	at org.apache.commons.io.FileUtils.openOutputStream(FileUtils.java:356)
	at org.apache.commons.io.FileUtils.writeByteArrayToFile(FileUtils.java:2193)
	at org.apache.commons.io.FileUtils.writeByteArrayToFile(FileUtils.java:2155)
	at org.apache.commons.io.FileUtils.writeByteArrayToFile(FileUtils.java:2140)
	at us.msu.cse.repair.core.util.IO.saveCompiledClasses(IO.java:254)
	at us.msu.cse.repair.core.AbstractRepairProblem.getTestExecutor(AbstractRepairProblem.java:712)
	at us.msu.cse.repair.ec.problems.GenProgProblem.invokeTestExecutor(GenProgProblem.java:152)
	at us.msu.cse.repair.ec.problems.GenProgProblem.evaluate(GenProgProblem.java:102)
	at us.msu.cse.repair.ec.algorithms.RSRepairRandomSearch.execute(RSRepairRandomSearch.java:34)
	at us.msu.cse.repair.core.AbstractRepairAlgorithm.execute(AbstractRepairAlgorithm.java:18)
	at us.msu.cse.repair.RSRepairMain.main(RSRepairMain.java:44)
	at us.msu.cse.repair.Main.main(Main.java:12)
One fitness evaluation is finished...
One fitness evaluation starts...
Compilation fails!
One fitness evaluation is finished...
One fitness evaluation starts...
Compilation fails!
One fitness evaluation is finished...
One fitness evaluation starts...
java.io.IOException: Directory '/tmp/working_zfzt/bin_197/org/joda/time' could not be created
	at org.apache.commons.io.FileUtils.openOutputStream(FileUtils.java:356)
	at org.apache.commons.io.FileUtils.writeByteArrayToFile(FileUtils.java:2193)
	at org.apache.commons.io.FileUtils.writeByteArrayToFile(FileUtils.java:2155)
	at org.apache.commons.io.FileUtils.writeByteArrayToFile(FileUtils.java:2140)
	at us.msu.cse.repair.core.util.IO.saveCompiledClasses(IO.java:254)
	at us.msu.cse.repair.core.AbstractRepairProblem.getTestExecutor(AbstractRepairProblem.java:712)
	at us.msu.cse.repair.ec.problems.GenProgProblem.invokeTestExecutor(GenProgProblem.java:152)
	at us.msu.cse.repair.ec.problems.GenProgProblem.evaluate(GenProgProblem.java:102)
	at us.msu.cse.repair.ec.algorithms.RSRepairRandomSearch.execute(RSRepairRandomSearch.java:34)
	at us.msu.cse.repair.core.AbstractRepairAlgorithm.execute(AbstractRepairAlgorithm.java:18)
	at us.msu.cse.repair.RSRepairMain.main(RSRepairMain.java:44)
	at us.msu.cse.repair.Main.main(Main.java:12)
One fitness evaluation is finished...
One fitness evaluation starts...
Compilation fails!
One fitness evaluation is finished...
One fitness evaluation starts...
Compilation fails!
One fitness evaluation is finished...
One fitness evaluation starts...
Compilation fails!
One fitness evaluation is finished...
One fitness evaluation starts...
Compilation fails!
One fitness evaluation is finished...
One fitness evaluation starts...
Compilation fails!
One fitness evaluation is finished...
One fitness evaluation starts...
Compilation fails!
One fitness evaluation is finished...
One fitness evaluation starts...
Compilation fails!
One fitness evaluation is finished...
One fitness evaluation starts...
java.io.IOException: Directory '/tmp/working_zfzt/bin_198/org/joda/time' could not be created
	at org.apache.commons.io.FileUtils.openOutputStream(FileUtils.java:356)
	at org.apache.commons.io.FileUtils.writeByteArrayToFile(FileUtils.java:2193)
	at org.apache.commons.io.FileUtils.writeByteArrayToFile(FileUtils.java:2155)
	at org.apache.commons.io.FileUtils.writeByteArrayToFile(FileUtils.java:2140)
	at us.msu.cse.repair.core.util.IO.saveCompiledClasses(IO.java:254)
	at us.msu.cse.repair.core.AbstractRepairProblem.getTestExecutor(AbstractRepairProblem.java:712)
	at us.msu.cse.repair.ec.problems.GenProgProblem.invokeTestExecutor(GenProgProblem.java:152)
	at us.msu.cse.repair.ec.problems.GenProgProblem.evaluate(GenProgProblem.java:102)
	at us.msu.cse.repair.ec.algorithms.RSRepairRandomSearch.execute(RSRepairRandomSearch.java:34)
	at us.msu.cse.repair.core.AbstractRepairAlgorithm.execute(AbstractRepairAlgorithm.java:18)
	at us.msu.cse.repair.RSRepairMain.main(RSRepairMain.java:44)
	at us.msu.cse.repair.Main.main(Main.java:12)
One fitness evaluation is finished...
One fitness evaluation starts...
Compilation fails!
One fitness evaluation is finished...
One fitness evaluation starts...
Compilation fails!
One fitness evaluation is finished...
One fitness evaluation starts...
Compilation fails!
One fitness evaluation is finished...
One fitness evaluation starts...
Compilation fails!
One fitness evaluation is finished...
One fitness evaluation starts...
Compilation fails!
One fitness evaluation is finished...
One fitness evaluation starts...
Compilation fails!
One fitness evaluation is finished...
One fitness evaluation starts...
Compilation fails!
One fitness evaluation is finished...
One fitness evaluation starts...
Compilation fails!
One fitness evaluation is finished...
One fitness evaluation starts...
Compilation fails!
One fitness evaluation is finished...
One fitness evaluation starts...
java.io.IOException: Directory '/tmp/working_zfzt/bin_199/org/joda/time' could not be created
	at org.apache.commons.io.FileUtils.openOutputStream(FileUtils.java:356)
	at org.apache.commons.io.FileUtils.writeByteArrayToFile(FileUtils.java:2193)
	at org.apache.commons.io.FileUtils.writeByteArrayToFile(FileUtils.java:2155)
	at org.apache.commons.io.FileUtils.writeByteArrayToFile(FileUtils.java:2140)
	at us.msu.cse.repair.core.util.IO.saveCompiledClasses(IO.java:254)
	at us.msu.cse.repair.core.AbstractRepairProblem.getTestExecutor(AbstractRepairProblem.java:712)
	at us.msu.cse.repair.ec.problems.GenProgProblem.invokeTestExecutor(GenProgProblem.java:152)
	at us.msu.cse.repair.ec.problems.GenProgProblem.evaluate(GenProgProblem.java:102)
	at us.msu.cse.repair.ec.algorithms.RSRepairRandomSearch.execute(RSRepairRandomSearch.java:34)
	at us.msu.cse.repair.core.AbstractRepairAlgorithm.execute(AbstractRepairAlgorithm.java:18)
	at us.msu.cse.repair.RSRepairMain.main(RSRepairMain.java:44)
	at us.msu.cse.repair.Main.main(Main.java:12)
One fitness evaluation is finished...
One fitness evaluation starts...
Compilation fails!
One fitness evaluation is finished...
One fitness evaluation starts...
Compilation fails!
One fitness evaluation is finished...
One fitness evaluation starts...
Compilation fails!
One fitness evaluation is finished...
One fitness evaluation starts...
Compilation fails!
One fitness evaluation is finished...
One fitness evaluation starts...
Compilation fails!
One fitness evaluation is finished...
One fitness evaluation starts...
Compilation fails!
One fitness evaluation is finished...
One fitness evaluation starts...
java.io.IOException: Directory '/tmp/working_zfzt/bin_200/org/joda/time' could not be created
	at org.apache.commons.io.FileUtils.openOutputStream(FileUtils.java:356)
	at org.apache.commons.io.FileUtils.writeByteArrayToFile(FileUtils.java:2193)
	at org.apache.commons.io.FileUtils.writeByteArrayToFile(FileUtils.java:2155)
	at org.apache.commons.io.FileUtils.writeByteArrayToFile(FileUtils.java:2140)
	at us.msu.cse.repair.core.util.IO.saveCompiledClasses(IO.java:254)
	at us.msu.cse.repair.core.AbstractRepairProblem.getTestExecutor(AbstractRepairProblem.java:712)
	at us.msu.cse.repair.ec.problems.GenProgProblem.invokeTestExecutor(GenProgProblem.java:152)
	at us.msu.cse.repair.ec.problems.GenProgProblem.evaluate(GenProgProblem.java:102)
	at us.msu.cse.repair.ec.algorithms.RSRepairRandomSearch.execute(RSRepairRandomSearch.java:34)
	at us.msu.cse.repair.core.AbstractRepairAlgorithm.execute(AbstractRepairAlgorithm.java:18)
	at us.msu.cse.repair.RSRepairMain.main(RSRepairMain.java:44)
	at us.msu.cse.repair.Main.main(Main.java:12)
One fitness evaluation is finished...
One fitness evaluation starts...
Compilation fails!
One fitness evaluation is finished...
One fitness evaluation starts...
java.io.IOException: Directory '/tmp/working_zfzt/bin_201/org/joda/time' could not be created
	at org.apache.commons.io.FileUtils.openOutputStream(FileUtils.java:356)
	at org.apache.commons.io.FileUtils.writeByteArrayToFile(FileUtils.java:2193)
	at org.apache.commons.io.FileUtils.writeByteArrayToFile(FileUtils.java:2155)
	at org.apache.commons.io.FileUtils.writeByteArrayToFile(FileUtils.java:2140)
	at us.msu.cse.repair.core.util.IO.saveCompiledClasses(IO.java:254)
	at us.msu.cse.repair.core.AbstractRepairProblem.getTestExecutor(AbstractRepairProblem.java:712)
	at us.msu.cse.repair.ec.problems.GenProgProblem.invokeTestExecutor(GenProgProblem.java:152)
	at us.msu.cse.repair.ec.problems.GenProgProblem.evaluate(GenProgProblem.java:102)
	at us.msu.cse.repair.ec.algorithms.RSRepairRandomSearch.execute(RSRepairRandomSearch.java:34)
	at us.msu.cse.repair.core.AbstractRepairAlgorithm.execute(AbstractRepairAlgorithm.java:18)
	at us.msu.cse.repair.RSRepairMain.main(RSRepairMain.java:44)
	at us.msu.cse.repair.Main.main(Main.java:12)
One fitness evaluation is finished...
One fitness evaluation starts...
Compilation fails!
One fitness evaluation is finished...
One fitness evaluation starts...
Compilation fails!
One fitness evaluation is finished...
One fitness evaluation starts...
Compilation fails!
One fitness evaluation is finished...
One fitness evaluation starts...
Compilation fails!
One fitness evaluation is finished...
One fitness evaluation starts...
java.io.IOException: Directory '/tmp/working_zfzt/bin_202/org/joda/time' could not be created
	at org.apache.commons.io.FileUtils.openOutputStream(FileUtils.java:356)
	at org.apache.commons.io.FileUtils.writeByteArrayToFile(FileUtils.java:2193)
	at org.apache.commons.io.FileUtils.writeByteArrayToFile(FileUtils.java:2155)
	at org.apache.commons.io.FileUtils.writeByteArrayToFile(FileUtils.java:2140)
	at us.msu.cse.repair.core.util.IO.saveCompiledClasses(IO.java:254)
	at us.msu.cse.repair.core.AbstractRepairProblem.getTestExecutor(AbstractRepairProblem.java:712)
	at us.msu.cse.repair.ec.problems.GenProgProblem.invokeTestExecutor(GenProgProblem.java:152)
	at us.msu.cse.repair.ec.problems.GenProgProblem.evaluate(GenProgProblem.java:102)
	at us.msu.cse.repair.ec.algorithms.RSRepairRandomSearch.execute(RSRepairRandomSearch.java:34)
	at us.msu.cse.repair.core.AbstractRepairAlgorithm.execute(AbstractRepairAlgorithm.java:18)
	at us.msu.cse.repair.RSRepairMain.main(RSRepairMain.java:44)
	at us.msu.cse.repair.Main.main(Main.java:12)
One fitness evaluation is finished...
One fitness evaluation starts...
Compilation fails!
One fitness evaluation is finished...
One fitness evaluation starts...
Compilation fails!
One fitness evaluation is finished...
One fitness evaluation starts...
Compilation fails!
One fitness evaluation is finished...
One fitness evaluation starts...
java.io.IOException: Directory '/tmp/working_zfzt/bin_203/org/joda/time/format' could not be created
	at org.apache.commons.io.FileUtils.openOutputStream(FileUtils.java:356)
	at org.apache.commons.io.FileUtils.writeByteArrayToFile(FileUtils.java:2193)
	at org.apache.commons.io.FileUtils.writeByteArrayToFile(FileUtils.java:2155)
	at org.apache.commons.io.FileUtils.writeByteArrayToFile(FileUtils.java:2140)
	at us.msu.cse.repair.core.util.IO.saveCompiledClasses(IO.java:254)
	at us.msu.cse.repair.core.AbstractRepairProblem.getTestExecutor(AbstractRepairProblem.java:712)
	at us.msu.cse.repair.ec.problems.GenProgProblem.invokeTestExecutor(GenProgProblem.java:152)
	at us.msu.cse.repair.ec.problems.GenProgProblem.evaluate(GenProgProblem.java:102)
	at us.msu.cse.repair.ec.algorithms.RSRepairRandomSearch.execute(RSRepairRandomSearch.java:34)
	at us.msu.cse.repair.core.AbstractRepairAlgorithm.execute(AbstractRepairAlgorithm.java:18)
	at us.msu.cse.repair.RSRepairMain.main(RSRepairMain.java:44)
	at us.msu.cse.repair.Main.main(Main.java:12)
One fitness evaluation is finished...
One fitness evaluation starts...
Compilation fails!
One fitness evaluation is finished...
One fitness evaluation starts...
Compilation fails!
One fitness evaluation is finished...
One fitness evaluation starts...
java.io.IOException: Directory '/tmp/working_zfzt/bin_204/org/joda/time' could not be created
	at org.apache.commons.io.FileUtils.openOutputStream(FileUtils.java:356)
	at org.apache.commons.io.FileUtils.writeByteArrayToFile(FileUtils.java:2193)
	at org.apache.commons.io.FileUtils.writeByteArrayToFile(FileUtils.java:2155)
	at org.apache.commons.io.FileUtils.writeByteArrayToFile(FileUtils.java:2140)
	at us.msu.cse.repair.core.util.IO.saveCompiledClasses(IO.java:254)
	at us.msu.cse.repair.core.AbstractRepairProblem.getTestExecutor(AbstractRepairProblem.java:712)
	at us.msu.cse.repair.ec.problems.GenProgProblem.invokeTestExecutor(GenProgProblem.java:152)
	at us.msu.cse.repair.ec.problems.GenProgProblem.evaluate(GenProgProblem.java:102)
	at us.msu.cse.repair.ec.algorithms.RSRepairRandomSearch.execute(RSRepairRandomSearch.java:34)
	at us.msu.cse.repair.core.AbstractRepairAlgorithm.execute(AbstractRepairAlgorithm.java:18)
	at us.msu.cse.repair.RSRepairMain.main(RSRepairMain.java:44)
	at us.msu.cse.repair.Main.main(Main.java:12)
One fitness evaluation is finished...
One fitness evaluation starts...
java.io.IOException: Directory '/tmp/working_zfzt/bin_205/org/joda/time' could not be created
	at org.apache.commons.io.FileUtils.openOutputStream(FileUtils.java:356)
	at org.apache.commons.io.FileUtils.writeByteArrayToFile(FileUtils.java:2193)
	at org.apache.commons.io.FileUtils.writeByteArrayToFile(FileUtils.java:2155)
	at org.apache.commons.io.FileUtils.writeByteArrayToFile(FileUtils.java:2140)
	at us.msu.cse.repair.core.util.IO.saveCompiledClasses(IO.java:254)
	at us.msu.cse.repair.core.AbstractRepairProblem.getTestExecutor(AbstractRepairProblem.java:712)
	at us.msu.cse.repair.ec.problems.GenProgProblem.invokeTestExecutor(GenProgProblem.java:152)
	at us.msu.cse.repair.ec.problems.GenProgProblem.evaluate(GenProgProblem.java:102)
	at us.msu.cse.repair.ec.algorithms.RSRepairRandomSearch.execute(RSRepairRandomSearch.java:34)
	at us.msu.cse.repair.core.AbstractRepairAlgorithm.execute(AbstractRepairAlgorithm.java:18)
	at us.msu.cse.repair.RSRepairMain.main(RSRepairMain.java:44)
	at us.msu.cse.repair.Main.main(Main.java:12)
One fitness evaluation is finished...
One fitness evaluation starts...
Compilation fails!
One fitness evaluation is finished...
One fitness evaluation starts...
Compilation fails!
One fitness evaluation is finished...
One fitness evaluation starts...
java.io.IOException: Directory '/tmp/working_zfzt/bin_206/org/joda/time' could not be created
	at org.apache.commons.io.FileUtils.openOutputStream(FileUtils.java:356)
	at org.apache.commons.io.FileUtils.writeByteArrayToFile(FileUtils.java:2193)
	at org.apache.commons.io.FileUtils.writeByteArrayToFile(FileUtils.java:2155)
	at org.apache.commons.io.FileUtils.writeByteArrayToFile(FileUtils.java:2140)
	at us.msu.cse.repair.core.util.IO.saveCompiledClasses(IO.java:254)
	at us.msu.cse.repair.core.AbstractRepairProblem.getTestExecutor(AbstractRepairProblem.java:712)
	at us.msu.cse.repair.ec.problems.GenProgProblem.invokeTestExecutor(GenProgProblem.java:152)
	at us.msu.cse.repair.ec.problems.GenProgProblem.evaluate(GenProgProblem.java:102)
	at us.msu.cse.repair.ec.algorithms.RSRepairRandomSearch.execute(RSRepairRandomSearch.java:34)
	at us.msu.cse.repair.core.AbstractRepairAlgorithm.execute(AbstractRepairAlgorithm.java:18)
	at us.msu.cse.repair.RSRepairMain.main(RSRepairMain.java:44)
	at us.msu.cse.repair.Main.main(Main.java:12)
One fitness evaluation is finished...
One fitness evaluation starts...
Compilation fails!
One fitness evaluation is finished...
One fitness evaluation starts...
java.io.IOException: Directory '/tmp/working_zfzt/bin_207/org/joda/time/format' could not be created
	at org.apache.commons.io.FileUtils.openOutputStream(FileUtils.java:356)
	at org.apache.commons.io.FileUtils.writeByteArrayToFile(FileUtils.java:2193)
	at org.apache.commons.io.FileUtils.writeByteArrayToFile(FileUtils.java:2155)
	at org.apache.commons.io.FileUtils.writeByteArrayToFile(FileUtils.java:2140)
	at us.msu.cse.repair.core.util.IO.saveCompiledClasses(IO.java:254)
	at us.msu.cse.repair.core.AbstractRepairProblem.getTestExecutor(AbstractRepairProblem.java:712)
	at us.msu.cse.repair.ec.problems.GenProgProblem.invokeTestExecutor(GenProgProblem.java:152)
	at us.msu.cse.repair.ec.problems.GenProgProblem.evaluate(GenProgProblem.java:102)
	at us.msu.cse.repair.ec.algorithms.RSRepairRandomSearch.execute(RSRepairRandomSearch.java:34)
	at us.msu.cse.repair.core.AbstractRepairAlgorithm.execute(AbstractRepairAlgorithm.java:18)
	at us.msu.cse.repair.RSRepairMain.main(RSRepairMain.java:44)
	at us.msu.cse.repair.Main.main(Main.java:12)
One fitness evaluation is finished...
One fitness evaluation starts...
Compilation fails!
One fitness evaluation is finished...
One fitness evaluation starts...
Compilation fails!
One fitness evaluation is finished...
One fitness evaluation starts...
Compilation fails!
One fitness evaluation is finished...
One fitness evaluation starts...
java.io.IOException: Directory '/tmp/working_zfzt/bin_208/org/joda/time' could not be created
	at org.apache.commons.io.FileUtils.openOutputStream(FileUtils.java:356)
	at org.apache.commons.io.FileUtils.writeByteArrayToFile(FileUtils.java:2193)
	at org.apache.commons.io.FileUtils.writeByteArrayToFile(FileUtils.java:2155)
	at org.apache.commons.io.FileUtils.writeByteArrayToFile(FileUtils.java:2140)
	at us.msu.cse.repair.core.util.IO.saveCompiledClasses(IO.java:254)
	at us.msu.cse.repair.core.AbstractRepairProblem.getTestExecutor(AbstractRepairProblem.java:712)
	at us.msu.cse.repair.ec.problems.GenProgProblem.invokeTestExecutor(GenProgProblem.java:152)
	at us.msu.cse.repair.ec.problems.GenProgProblem.evaluate(GenProgProblem.java:102)
	at us.msu.cse.repair.ec.algorithms.RSRepairRandomSearch.execute(RSRepairRandomSearch.java:34)
	at us.msu.cse.repair.core.AbstractRepairAlgorithm.execute(AbstractRepairAlgorithm.java:18)
	at us.msu.cse.repair.RSRepairMain.main(RSRepairMain.java:44)
	at us.msu.cse.repair.Main.main(Main.java:12)
One fitness evaluation is finished...
One fitness evaluation starts...
Compilation fails!
One fitness evaluation is finished...
One fitness evaluation starts...
Compilation fails!
One fitness evaluation is finished...
One fitness evaluation starts...
Compilation fails!
One fitness evaluation is finished...
One fitness evaluation starts...
java.io.IOException: Directory '/tmp/working_zfzt/bin_209/org/joda/time' could not be created
	at org.apache.commons.io.FileUtils.openOutputStream(FileUtils.java:356)
	at org.apache.commons.io.FileUtils.writeByteArrayToFile(FileUtils.java:2193)
	at org.apache.commons.io.FileUtils.writeByteArrayToFile(FileUtils.java:2155)
	at org.apache.commons.io.FileUtils.writeByteArrayToFile(FileUtils.java:2140)
	at us.msu.cse.repair.core.util.IO.saveCompiledClasses(IO.java:254)
	at us.msu.cse.repair.core.AbstractRepairProblem.getTestExecutor(AbstractRepairProblem.java:712)
	at us.msu.cse.repair.ec.problems.GenProgProblem.invokeTestExecutor(GenProgProblem.java:152)
	at us.msu.cse.repair.ec.problems.GenProgProblem.evaluate(GenProgProblem.java:102)
	at us.msu.cse.repair.ec.algorithms.RSRepairRandomSearch.execute(RSRepairRandomSearch.java:34)
	at us.msu.cse.repair.core.AbstractRepairAlgorithm.execute(AbstractRepairAlgorithm.java:18)
	at us.msu.cse.repair.RSRepairMain.main(RSRepairMain.java:44)
	at us.msu.cse.repair.Main.main(Main.java:12)
One fitness evaluation is finished...
One fitness evaluation starts...
Compilation fails!
One fitness evaluation is finished...
One fitness evaluation starts...
Compilation fails!
One fitness evaluation is finished...
One fitness evaluation starts...
Compilation fails!
One fitness evaluation is finished...
One fitness evaluation starts...
Compilation fails!
One fitness evaluation is finished...
One fitness evaluation starts...
Compilation fails!
One fitness evaluation is finished...
One fitness evaluation starts...
Compilation fails!
One fitness evaluation is finished...
One fitness evaluation starts...
java.io.IOException: Directory '/tmp/working_zfzt/bin_210/org/joda/time' could not be created
	at org.apache.commons.io.FileUtils.openOutputStream(FileUtils.java:356)
	at org.apache.commons.io.FileUtils.writeByteArrayToFile(FileUtils.java:2193)
	at org.apache.commons.io.FileUtils.writeByteArrayToFile(FileUtils.java:2155)
	at org.apache.commons.io.FileUtils.writeByteArrayToFile(FileUtils.java:2140)
	at us.msu.cse.repair.core.util.IO.saveCompiledClasses(IO.java:254)
	at us.msu.cse.repair.core.AbstractRepairProblem.getTestExecutor(AbstractRepairProblem.java:712)
	at us.msu.cse.repair.ec.problems.GenProgProblem.invokeTestExecutor(GenProgProblem.java:152)
	at us.msu.cse.repair.ec.problems.GenProgProblem.evaluate(GenProgProblem.java:102)
	at us.msu.cse.repair.ec.algorithms.RSRepairRandomSearch.execute(RSRepairRandomSearch.java:34)
	at us.msu.cse.repair.core.AbstractRepairAlgorithm.execute(AbstractRepairAlgorithm.java:18)
	at us.msu.cse.repair.RSRepairMain.main(RSRepairMain.java:44)
	at us.msu.cse.repair.Main.main(Main.java:12)
One fitness evaluation is finished...
One fitness evaluation starts...
Compilation fails!
One fitness evaluation is finished...
One fitness evaluation starts...
Compilation fails!
One fitness evaluation is finished...
One fitness evaluation starts...
java.io.IOException: Directory '/tmp/working_zfzt/bin_211/org/joda/time' could not be created
	at org.apache.commons.io.FileUtils.openOutputStream(FileUtils.java:356)
	at org.apache.commons.io.FileUtils.writeByteArrayToFile(FileUtils.java:2193)
	at org.apache.commons.io.FileUtils.writeByteArrayToFile(FileUtils.java:2155)
	at org.apache.commons.io.FileUtils.writeByteArrayToFile(FileUtils.java:2140)
	at us.msu.cse.repair.core.util.IO.saveCompiledClasses(IO.java:254)
	at us.msu.cse.repair.core.AbstractRepairProblem.getTestExecutor(AbstractRepairProblem.java:712)
	at us.msu.cse.repair.ec.problems.GenProgProblem.invokeTestExecutor(GenProgProblem.java:152)
	at us.msu.cse.repair.ec.problems.GenProgProblem.evaluate(GenProgProblem.java:102)
	at us.msu.cse.repair.ec.algorithms.RSRepairRandomSearch.execute(RSRepairRandomSearch.java:34)
	at us.msu.cse.repair.core.AbstractRepairAlgorithm.execute(AbstractRepairAlgorithm.java:18)
	at us.msu.cse.repair.RSRepairMain.main(RSRepairMain.java:44)
	at us.msu.cse.repair.Main.main(Main.java:12)
One fitness evaluation is finished...
One fitness evaluation starts...
java.io.IOException: Directory '/tmp/working_zfzt/bin_212/org/joda/time' could not be created
	at org.apache.commons.io.FileUtils.openOutputStream(FileUtils.java:356)
	at org.apache.commons.io.FileUtils.writeByteArrayToFile(FileUtils.java:2193)
	at org.apache.commons.io.FileUtils.writeByteArrayToFile(FileUtils.java:2155)
	at org.apache.commons.io.FileUtils.writeByteArrayToFile(FileUtils.java:2140)
	at us.msu.cse.repair.core.util.IO.saveCompiledClasses(IO.java:254)
	at us.msu.cse.repair.core.AbstractRepairProblem.getTestExecutor(AbstractRepairProblem.java:712)
	at us.msu.cse.repair.ec.problems.GenProgProblem.invokeTestExecutor(GenProgProblem.java:152)
	at us.msu.cse.repair.ec.problems.GenProgProblem.evaluate(GenProgProblem.java:102)
	at us.msu.cse.repair.ec.algorithms.RSRepairRandomSearch.execute(RSRepairRandomSearch.java:34)
	at us.msu.cse.repair.core.AbstractRepairAlgorithm.execute(AbstractRepairAlgorithm.java:18)
	at us.msu.cse.repair.RSRepairMain.main(RSRepairMain.java:44)
	at us.msu.cse.repair.Main.main(Main.java:12)
One fitness evaluation is finished...
One fitness evaluation starts...
Compilation fails!
One fitness evaluation is finished...
One fitness evaluation starts...
java.io.IOException: Directory '/tmp/working_zfzt/bin_213/org/joda/time' could not be created
	at org.apache.commons.io.FileUtils.openOutputStream(FileUtils.java:356)
	at org.apache.commons.io.FileUtils.writeByteArrayToFile(FileUtils.java:2193)
	at org.apache.commons.io.FileUtils.writeByteArrayToFile(FileUtils.java:2155)
	at org.apache.commons.io.FileUtils.writeByteArrayToFile(FileUtils.java:2140)
	at us.msu.cse.repair.core.util.IO.saveCompiledClasses(IO.java:254)
	at us.msu.cse.repair.core.AbstractRepairProblem.getTestExecutor(AbstractRepairProblem.java:712)
	at us.msu.cse.repair.ec.problems.GenProgProblem.invokeTestExecutor(GenProgProblem.java:152)
	at us.msu.cse.repair.ec.problems.GenProgProblem.evaluate(GenProgProblem.java:102)
	at us.msu.cse.repair.ec.algorithms.RSRepairRandomSearch.execute(RSRepairRandomSearch.java:34)
	at us.msu.cse.repair.core.AbstractRepairAlgorithm.execute(AbstractRepairAlgorithm.java:18)
	at us.msu.cse.repair.RSRepairMain.main(RSRepairMain.java:44)
	at us.msu.cse.repair.Main.main(Main.java:12)
One fitness evaluation is finished...
One fitness evaluation starts...
Compilation fails!
One fitness evaluation is finished...
One fitness evaluation starts...
Compilation fails!
One fitness evaluation is finished...
One fitness evaluation starts...
Compilation fails!
One fitness evaluation is finished...
One fitness evaluation starts...
java.io.IOException: Directory '/tmp/working_zfzt/bin_214/org/joda/time' could not be created
	at org.apache.commons.io.FileUtils.openOutputStream(FileUtils.java:356)
	at org.apache.commons.io.FileUtils.writeByteArrayToFile(FileUtils.java:2193)
	at org.apache.commons.io.FileUtils.writeByteArrayToFile(FileUtils.java:2155)
	at org.apache.commons.io.FileUtils.writeByteArrayToFile(FileUtils.java:2140)
	at us.msu.cse.repair.core.util.IO.saveCompiledClasses(IO.java:254)
	at us.msu.cse.repair.core.AbstractRepairProblem.getTestExecutor(AbstractRepairProblem.java:712)
	at us.msu.cse.repair.ec.problems.GenProgProblem.invokeTestExecutor(GenProgProblem.java:152)
	at us.msu.cse.repair.ec.problems.GenProgProblem.evaluate(GenProgProblem.java:102)
	at us.msu.cse.repair.ec.algorithms.RSRepairRandomSearch.execute(RSRepairRandomSearch.java:34)
	at us.msu.cse.repair.core.AbstractRepairAlgorithm.execute(AbstractRepairAlgorithm.java:18)
	at us.msu.cse.repair.RSRepairMain.main(RSRepairMain.java:44)
	at us.msu.cse.repair.Main.main(Main.java:12)
One fitness evaluation is finished...
One fitness evaluation starts...
java.io.IOException: Directory '/tmp/working_zfzt/bin_215/org/joda/time' could not be created
	at org.apache.commons.io.FileUtils.openOutputStream(FileUtils.java:356)
	at org.apache.commons.io.FileUtils.writeByteArrayToFile(FileUtils.java:2193)
	at org.apache.commons.io.FileUtils.writeByteArrayToFile(FileUtils.java:2155)
	at org.apache.commons.io.FileUtils.writeByteArrayToFile(FileUtils.java:2140)
	at us.msu.cse.repair.core.util.IO.saveCompiledClasses(IO.java:254)
	at us.msu.cse.repair.core.AbstractRepairProblem.getTestExecutor(AbstractRepairProblem.java:712)
	at us.msu.cse.repair.ec.problems.GenProgProblem.invokeTestExecutor(GenProgProblem.java:152)
	at us.msu.cse.repair.ec.problems.GenProgProblem.evaluate(GenProgProblem.java:102)
	at us.msu.cse.repair.ec.algorithms.RSRepairRandomSearch.execute(RSRepairRandomSearch.java:34)
	at us.msu.cse.repair.core.AbstractRepairAlgorithm.execute(AbstractRepairAlgorithm.java:18)
	at us.msu.cse.repair.RSRepairMain.main(RSRepairMain.java:44)
	at us.msu.cse.repair.Main.main(Main.java:12)
One fitness evaluation is finished...
One fitness evaluation starts...
Compilation fails!
One fitness evaluation is finished...
One fitness evaluation starts...
Compilation fails!
One fitness evaluation is finished...
One fitness evaluation starts...
Compilation fails!
One fitness evaluation is finished...
One fitness evaluation starts...
Compilation fails!
One fitness evaluation is finished...
One fitness evaluation starts...
Compilation fails!
One fitness evaluation is finished...
One fitness evaluation starts...
Compilation fails!
One fitness evaluation is finished...
One fitness evaluation starts...
Compilation fails!
One fitness evaluation is finished...
One fitness evaluation starts...
Compilation fails!
One fitness evaluation is finished...
One fitness evaluation starts...
Compilation fails!
One fitness evaluation is finished...
One fitness evaluation starts...
Compilation fails!
One fitness evaluation is finished...
One fitness evaluation starts...
Compilation fails!
One fitness evaluation is finished...
One fitness evaluation starts...
Compilation fails!
One fitness evaluation is finished...
One fitness evaluation starts...
Killed


Node: ubuntu



Date: Thu Jul 18 21:49:47 EDT 2019

